2022-11-10 02:32:46,033 - INFO - 
Config:
'add_train': False
'batch_size': 64
'continue_flag': ''
'debug_mode': False
'debug_num': 500
'do_continue_train': False
'do_figure_save': True
'do_log_print_to_screen': True
'do_log_save_to_file': True
'do_predict': True
'do_train': True
'do_train_visualized': False
'dropout_rate': 0.2
'epoch': 500
'feature_columns': [3, 4, 5, 6, 7, 8, 9, 10, 11]
'figure_save_path': './DATA/DAY/result/stockBySectorId/65/11_10_02_32_LSTM=3_time_step=5/figure/'
'file_save_path': './DATA/DAY/result/stockBySectorId/65/11_10_02_32_LSTM=3_time_step=5'
'hidden_size': 128
'input_size': 8
'label_columns': [11]
'label_in_feature_index': [8]
'learning_rate': 0.001
'log_save_path': './DATA/DAY/result/stockBySectorId/65/11_10_02_32_LSTM=3_time_step=5/log/'
'logger_name': '2022_11_10_02_32_46_LSTM=3_time_step=5'
'lstm_layers': 3
'model_name': 'model_pytorch.pth'
'model_postfix': {'pytorch': '.pth'
'keras': '.h5'
'tensorflow': '.ckpt'}
'model_save_path': './DATA/DAY/result/stockBySectorId/65/11_10_02_32_LSTM=3_time_step=5/model/'
'output_size': 1
'patience': 15
'predict_day': 1
'random_seed': 42
'record_save_path': './DATA/DAY/result/stockBySectorId/65/11_10_02_32_LSTM=3_time_step=5/record/'
'shuffle_train_data': True
'time_step': 5
'train_data_path': './DATA/DAY/origin/中证会2016标准不同板块选股/65.csv'
'train_data_rate': 0.95
'use_cuda': False
'used_frame': 'pytorch'
'valid_data_rate': 0.15
2022-11-10 02:32:46,050 - INFO - Epoch 0/500
2022-11-10 02:32:46,625 - INFO - The train loss is 0.415711. The valid loss is 0.092747.
2022-11-10 02:32:46,627 - INFO - Epoch 1/500
2022-11-10 02:32:47,207 - INFO - The train loss is 0.050367. The valid loss is 0.027477.
2022-11-10 02:32:47,209 - INFO - Epoch 2/500
2022-11-10 02:32:47,770 - INFO - The train loss is 0.033676. The valid loss is 0.022362.
2022-11-10 02:32:47,773 - INFO - Epoch 3/500
2022-11-10 02:32:48,349 - INFO - The train loss is 0.030164. The valid loss is 0.020221.
2022-11-10 02:32:48,351 - INFO - Epoch 4/500
2022-11-10 02:32:48,927 - INFO - The train loss is 0.028328. The valid loss is 0.019166.
2022-11-10 02:32:48,929 - INFO - Epoch 5/500
2022-11-10 02:32:49,530 - INFO - The train loss is 0.027460. The valid loss is 0.018478.
2022-11-10 02:32:49,533 - INFO - Epoch 6/500
2022-11-10 02:32:50,095 - INFO - The train loss is 0.026226. The valid loss is 0.018020.
2022-11-10 02:32:50,098 - INFO - Epoch 7/500
2022-11-10 02:32:50,675 - INFO - The train loss is 0.026451. The valid loss is 0.018286.
2022-11-10 02:32:50,675 - INFO - Epoch 8/500
2022-11-10 02:32:51,238 - INFO - The train loss is 0.025232. The valid loss is 0.016753.
2022-11-10 02:32:51,241 - INFO - Epoch 9/500
2022-11-10 02:32:51,835 - INFO - The train loss is 0.025501. The valid loss is 0.016425.
2022-11-10 02:32:51,837 - INFO - Epoch 10/500
2022-11-10 02:32:52,427 - INFO - The train loss is 0.024910. The valid loss is 0.016640.
2022-11-10 02:32:52,428 - INFO - Epoch 11/500
2022-11-10 02:32:53,006 - INFO - The train loss is 0.025315. The valid loss is 0.016532.
2022-11-10 02:32:53,006 - INFO - Epoch 12/500
2022-11-10 02:32:53,569 - INFO - The train loss is 0.024733. The valid loss is 0.016677.
2022-11-10 02:32:53,569 - INFO - Epoch 13/500
2022-11-10 02:32:54,151 - INFO - The train loss is 0.024704. The valid loss is 0.016138.
2022-11-10 02:32:54,154 - INFO - Epoch 14/500
2022-11-10 02:32:54,715 - INFO - The train loss is 0.024411. The valid loss is 0.016987.
2022-11-10 02:32:54,715 - INFO - Epoch 15/500
2022-11-10 02:32:55,343 - INFO - The train loss is 0.024579. The valid loss is 0.015659.
2022-11-10 02:32:55,346 - INFO - Epoch 16/500
2022-11-10 02:32:55,909 - INFO - The train loss is 0.023928. The valid loss is 0.015927.
2022-11-10 02:32:55,909 - INFO - Epoch 17/500
2022-11-10 02:32:56,488 - INFO - The train loss is 0.024691. The valid loss is 0.016812.
2022-11-10 02:32:56,488 - INFO - Epoch 18/500
2022-11-10 02:32:57,051 - INFO - The train loss is 0.024566. The valid loss is 0.016008.
2022-11-10 02:32:57,051 - INFO - Epoch 19/500
2022-11-10 02:32:57,627 - INFO - The train loss is 0.024568. The valid loss is 0.015959.
2022-11-10 02:32:57,627 - INFO - Epoch 20/500
2022-11-10 02:32:58,248 - INFO - The train loss is 0.024429. The valid loss is 0.016310.
2022-11-10 02:32:58,248 - INFO - Epoch 21/500
2022-11-10 02:32:58,825 - INFO - The train loss is 0.024494. The valid loss is 0.015966.
2022-11-10 02:32:58,826 - INFO - Epoch 22/500
2022-11-10 02:32:59,387 - INFO - The train loss is 0.023904. The valid loss is 0.015730.
2022-11-10 02:32:59,387 - INFO - Epoch 23/500
2022-11-10 02:32:59,963 - INFO - The train loss is 0.023817. The valid loss is 0.015843.
2022-11-10 02:32:59,963 - INFO - Epoch 24/500
2022-11-10 02:33:00,526 - INFO - The train loss is 0.023463. The valid loss is 0.015569.
2022-11-10 02:33:00,528 - INFO - Epoch 25/500
2022-11-10 02:33:01,125 - INFO - The train loss is 0.023675. The valid loss is 0.016182.
2022-11-10 02:33:01,125 - INFO - Epoch 26/500
2022-11-10 02:33:01,733 - INFO - The train loss is 0.024490. The valid loss is 0.015897.
2022-11-10 02:33:01,734 - INFO - Epoch 27/500
2022-11-10 02:33:02,310 - INFO - The train loss is 0.023666. The valid loss is 0.015560.
2022-11-10 02:33:02,313 - INFO - Epoch 28/500
2022-11-10 02:33:02,881 - INFO - The train loss is 0.023470. The valid loss is 0.016516.
2022-11-10 02:33:02,881 - INFO - Epoch 29/500
2022-11-10 02:33:03,452 - INFO - The train loss is 0.023775. The valid loss is 0.015883.
2022-11-10 02:33:03,452 - INFO - Epoch 30/500
2022-11-10 02:33:04,037 - INFO - The train loss is 0.024137. The valid loss is 0.015744.
2022-11-10 02:33:04,037 - INFO - Epoch 31/500
2022-11-10 02:33:04,644 - INFO - The train loss is 0.024031. The valid loss is 0.015714.
2022-11-10 02:33:04,644 - INFO - Epoch 32/500
2022-11-10 02:33:05,221 - INFO - The train loss is 0.023809. The valid loss is 0.016191.
2022-11-10 02:33:05,221 - INFO - Epoch 33/500
2022-11-10 02:33:05,785 - INFO - The train loss is 0.023590. The valid loss is 0.015412.
2022-11-10 02:33:05,788 - INFO - Epoch 34/500
2022-11-10 02:33:06,362 - INFO - The train loss is 0.023717. The valid loss is 0.015381.
2022-11-10 02:33:06,365 - INFO - Epoch 35/500
2022-11-10 02:33:06,943 - INFO - The train loss is 0.023574. The valid loss is 0.016387.
2022-11-10 02:33:06,943 - INFO - Epoch 36/500
2022-11-10 02:33:07,566 - INFO - The train loss is 0.023576. The valid loss is 0.015843.
2022-11-10 02:33:07,566 - INFO - Epoch 37/500
2022-11-10 02:33:08,130 - INFO - The train loss is 0.023497. The valid loss is 0.015685.
2022-11-10 02:33:08,130 - INFO - Epoch 38/500
2022-11-10 02:33:08,707 - INFO - The train loss is 0.023043. The valid loss is 0.015880.
2022-11-10 02:33:08,707 - INFO - Epoch 39/500
2022-11-10 02:33:09,271 - INFO - The train loss is 0.023375. The valid loss is 0.015788.
2022-11-10 02:33:09,271 - INFO - Epoch 40/500
2022-11-10 02:33:09,861 - INFO - The train loss is 0.023903. The valid loss is 0.015758.
2022-11-10 02:33:09,861 - INFO - Epoch 41/500
2022-11-10 02:33:10,446 - INFO - The train loss is 0.023756. The valid loss is 0.015301.
2022-11-10 02:33:10,448 - INFO - Epoch 42/500
2022-11-10 02:33:11,037 - INFO - The train loss is 0.023073. The valid loss is 0.015698.
2022-11-10 02:33:11,037 - INFO - Epoch 43/500
2022-11-10 02:33:11,601 - INFO - The train loss is 0.023383. The valid loss is 0.015693.
2022-11-10 02:33:11,601 - INFO - Epoch 44/500
2022-11-10 02:33:12,179 - INFO - The train loss is 0.023467. The valid loss is 0.015494.
2022-11-10 02:33:12,179 - INFO - Epoch 45/500
2022-11-10 02:33:12,742 - INFO - The train loss is 0.023495. The valid loss is 0.015378.
2022-11-10 02:33:12,742 - INFO - Epoch 46/500
2022-11-10 02:33:13,374 - INFO - The train loss is 0.023074. The valid loss is 0.015060.
2022-11-10 02:33:13,377 - INFO - Epoch 47/500
2022-11-10 02:33:13,939 - INFO - The train loss is 0.022718. The valid loss is 0.015029.
2022-11-10 02:33:13,942 - INFO - Epoch 48/500
2022-11-10 02:33:14,518 - INFO - The train loss is 0.022330. The valid loss is 0.015735.
2022-11-10 02:33:14,518 - INFO - Epoch 49/500
2022-11-10 02:33:15,082 - INFO - The train loss is 0.022807. The valid loss is 0.015171.
2022-11-10 02:33:15,082 - INFO - Epoch 50/500
2022-11-10 02:33:15,658 - INFO - The train loss is 0.023296. The valid loss is 0.015654.
2022-11-10 02:33:15,658 - INFO - Epoch 51/500
2022-11-10 02:33:16,235 - INFO - The train loss is 0.022679. The valid loss is 0.015590.
2022-11-10 02:33:16,235 - INFO - Epoch 52/500
2022-11-10 02:33:16,855 - INFO - The train loss is 0.022935. The valid loss is 0.015365.
2022-11-10 02:33:16,855 - INFO - Epoch 53/500
2022-11-10 02:33:17,418 - INFO - The train loss is 0.022890. The valid loss is 0.015249.
2022-11-10 02:33:17,418 - INFO - Epoch 54/500
2022-11-10 02:33:17,995 - INFO - The train loss is 0.022598. The valid loss is 0.015561.
2022-11-10 02:33:17,995 - INFO - Epoch 55/500
2022-11-10 02:33:18,559 - INFO - The train loss is 0.023004. The valid loss is 0.015499.
2022-11-10 02:33:18,559 - INFO - Epoch 56/500
2022-11-10 02:33:19,157 - INFO - The train loss is 0.022644. The valid loss is 0.015021.
2022-11-10 02:33:19,159 - INFO - Epoch 57/500
2022-11-10 02:33:19,742 - INFO - The train loss is 0.023403. The valid loss is 0.015368.
2022-11-10 02:33:19,742 - INFO - Epoch 58/500
2022-11-10 02:33:20,319 - INFO - The train loss is 0.022885. The valid loss is 0.014890.
2022-11-10 02:33:20,321 - INFO - Epoch 59/500
2022-11-10 02:33:20,884 - INFO - The train loss is 0.023131. The valid loss is 0.015939.
2022-11-10 02:33:20,884 - INFO - Epoch 60/500
2022-11-10 02:33:21,460 - INFO - The train loss is 0.022939. The valid loss is 0.014971.
2022-11-10 02:33:21,461 - INFO - Epoch 61/500
2022-11-10 02:33:22,032 - INFO - The train loss is 0.022959. The valid loss is 0.015178.
2022-11-10 02:33:22,033 - INFO - Epoch 62/500
2022-11-10 02:33:22,654 - INFO - The train loss is 0.022571. The valid loss is 0.015002.
2022-11-10 02:33:22,654 - INFO - Epoch 63/500
2022-11-10 02:33:23,216 - INFO - The train loss is 0.022757. The valid loss is 0.014859.
2022-11-10 02:33:23,219 - INFO - Epoch 64/500
2022-11-10 02:33:23,796 - INFO - The train loss is 0.022620. The valid loss is 0.015139.
2022-11-10 02:33:23,796 - INFO - Epoch 65/500
2022-11-10 02:33:24,361 - INFO - The train loss is 0.022591. The valid loss is 0.014926.
2022-11-10 02:33:24,362 - INFO - Epoch 66/500
2022-11-10 02:33:24,946 - INFO - The train loss is 0.022396. The valid loss is 0.015466.
2022-11-10 02:33:24,947 - INFO - Epoch 67/500
2022-11-10 02:33:25,562 - INFO - The train loss is 0.022141. The valid loss is 0.015042.
2022-11-10 02:33:25,562 - INFO - Epoch 68/500
2022-11-10 02:33:26,134 - INFO - The train loss is 0.022388. The valid loss is 0.015124.
2022-11-10 02:33:26,135 - INFO - Epoch 69/500
2022-11-10 02:33:26,711 - INFO - The train loss is 0.022137. The valid loss is 0.014981.
2022-11-10 02:33:26,711 - INFO - Epoch 70/500
2022-11-10 02:33:27,273 - INFO - The train loss is 0.022493. The valid loss is 0.015542.
2022-11-10 02:33:27,273 - INFO - Epoch 71/500
2022-11-10 02:33:27,848 - INFO - The train loss is 0.022436. The valid loss is 0.015222.
2022-11-10 02:33:27,849 - INFO - Epoch 72/500
2022-11-10 02:33:28,422 - INFO - The train loss is 0.022617. The valid loss is 0.015052.
2022-11-10 02:33:28,423 - INFO - Epoch 73/500
2022-11-10 02:33:29,042 - INFO - The train loss is 0.022220. The valid loss is 0.015518.
2022-11-10 02:33:29,043 - INFO - Epoch 74/500
2022-11-10 02:33:29,605 - INFO - The train loss is 0.022427. The valid loss is 0.015813.
2022-11-10 02:33:29,605 - INFO - Epoch 75/500
2022-11-10 02:33:30,183 - INFO - The train loss is 0.021850. The valid loss is 0.014959.
2022-11-10 02:33:30,183 - INFO - Epoch 76/500
2022-11-10 02:33:30,746 - INFO - The train loss is 0.022242. The valid loss is 0.014922.
2022-11-10 02:33:30,746 - INFO - Epoch 77/500
2022-11-10 02:33:31,336 - INFO - The train loss is 0.022136. The valid loss is 0.015341.
2022-11-10 02:33:31,336 - INFO - Epoch 78/500
2022-11-10 02:33:31,919 - INFO - The train loss is 0.022334. The valid loss is 0.015013.
2022-11-10 02:33:31,919 - INFO -  The training stops early in epoch 78
2022-11-10 02:33:32,267 - INFO - The prediction is finish.
2022-11-10 02:33:32,275 - INFO - The mean squared error of stock ['target'] is [0.01680201]
