2022-11-10 04:37:15,384 - INFO - 
Config:
'add_train': False
'batch_size': 64
'continue_flag': ''
'debug_mode': False
'debug_num': 500
'do_continue_train': False
'do_figure_save': True
'do_log_print_to_screen': True
'do_log_save_to_file': True
'do_predict': True
'do_train': True
'do_train_visualized': False
'dropout_rate': 0.2
'epoch': 500
'feature_columns': [3, 4, 5, 6, 7, 8, 9, 10, 11]
'figure_save_path': './DATA/DAY/result/stockBySectorId/82/11_10_04_37_LSTM=3_time_step=5/figure/'
'file_save_path': './DATA/DAY/result/stockBySectorId/82/11_10_04_37_LSTM=3_time_step=5'
'hidden_size': 128
'input_size': 8
'label_columns': [11]
'label_in_feature_index': [8]
'learning_rate': 0.001
'log_save_path': './DATA/DAY/result/stockBySectorId/82/11_10_04_37_LSTM=3_time_step=5/log/'
'logger_name': '2022_11_10_04_37_15_LSTM=3_time_step=5'
'lstm_layers': 3
'model_name': 'model_pytorch.pth'
'model_postfix': {'pytorch': '.pth'
'keras': '.h5'
'tensorflow': '.ckpt'}
'model_save_path': './DATA/DAY/result/stockBySectorId/82/11_10_04_37_LSTM=3_time_step=5/model/'
'output_size': 1
'patience': 15
'predict_day': 1
'random_seed': 42
'record_save_path': './DATA/DAY/result/stockBySectorId/82/11_10_04_37_LSTM=3_time_step=5/record/'
'shuffle_train_data': True
'time_step': 5
'train_data_path': './DATA/DAY/origin/中证会2016标准不同板块选股/82.csv'
'train_data_rate': 0.95
'use_cuda': False
'used_frame': 'pytorch'
'valid_data_rate': 0.15
2022-11-10 04:37:15,401 - INFO - Epoch 0/500
2022-11-10 04:37:16,008 - INFO - The train loss is 0.428080. The valid loss is 0.085717.
2022-11-10 04:37:16,010 - INFO - Epoch 1/500
2022-11-10 04:37:16,612 - INFO - The train loss is 0.055913. The valid loss is 0.021103.
2022-11-10 04:37:16,614 - INFO - Epoch 2/500
2022-11-10 04:37:17,189 - INFO - The train loss is 0.032485. The valid loss is 0.015082.
2022-11-10 04:37:17,192 - INFO - Epoch 3/500
2022-11-10 04:37:17,756 - INFO - The train loss is 0.028535. The valid loss is 0.013298.
2022-11-10 04:37:17,759 - INFO - Epoch 4/500
2022-11-10 04:37:18,331 - INFO - The train loss is 0.026937. The valid loss is 0.012693.
2022-11-10 04:37:18,334 - INFO - Epoch 5/500
2022-11-10 04:37:18,920 - INFO - The train loss is 0.026760. The valid loss is 0.012214.
2022-11-10 04:37:18,923 - INFO - Epoch 6/500
2022-11-10 04:37:19,526 - INFO - The train loss is 0.025567. The valid loss is 0.011788.
2022-11-10 04:37:19,528 - INFO - Epoch 7/500
2022-11-10 04:37:20,107 - INFO - The train loss is 0.026146. The valid loss is 0.011770.
2022-11-10 04:37:20,110 - INFO - Epoch 8/500
2022-11-10 04:37:20,676 - INFO - The train loss is 0.023417. The valid loss is 0.011428.
2022-11-10 04:37:20,678 - INFO - Epoch 9/500
2022-11-10 04:37:21,256 - INFO - The train loss is 0.024253. The valid loss is 0.010924.
2022-11-10 04:37:21,258 - INFO - Epoch 10/500
2022-11-10 04:37:21,824 - INFO - The train loss is 0.023358. The valid loss is 0.010920.
2022-11-10 04:37:21,826 - INFO - Epoch 11/500
2022-11-10 04:37:22,464 - INFO - The train loss is 0.022799. The valid loss is 0.011268.
2022-11-10 04:37:22,464 - INFO - Epoch 12/500
2022-11-10 04:37:23,028 - INFO - The train loss is 0.023430. The valid loss is 0.010978.
2022-11-10 04:37:23,029 - INFO - Epoch 13/500
2022-11-10 04:37:23,606 - INFO - The train loss is 0.022102. The valid loss is 0.011098.
2022-11-10 04:37:23,606 - INFO - Epoch 14/500
2022-11-10 04:37:24,169 - INFO - The train loss is 0.022777. The valid loss is 0.010887.
2022-11-10 04:37:24,172 - INFO - Epoch 15/500
2022-11-10 04:37:24,751 - INFO - The train loss is 0.023780. The valid loss is 0.010458.
2022-11-10 04:37:24,753 - INFO - Epoch 16/500
2022-11-10 04:37:25,335 - INFO - The train loss is 0.022534. The valid loss is 0.010567.
2022-11-10 04:37:25,335 - INFO - Epoch 17/500
2022-11-10 04:37:25,934 - INFO - The train loss is 0.022441. The valid loss is 0.011157.
2022-11-10 04:37:25,934 - INFO - Epoch 18/500
2022-11-10 04:37:26,497 - INFO - The train loss is 0.022089. The valid loss is 0.010688.
2022-11-10 04:37:26,497 - INFO - Epoch 19/500
2022-11-10 04:37:27,074 - INFO - The train loss is 0.022235. The valid loss is 0.011420.
2022-11-10 04:37:27,074 - INFO - Epoch 20/500
2022-11-10 04:37:27,638 - INFO - The train loss is 0.022800. The valid loss is 0.010996.
2022-11-10 04:37:27,638 - INFO - Epoch 21/500
2022-11-10 04:37:28,228 - INFO - The train loss is 0.022421. The valid loss is 0.010519.
2022-11-10 04:37:28,228 - INFO - Epoch 22/500
2022-11-10 04:37:28,847 - INFO - The train loss is 0.022345. The valid loss is 0.010802.
2022-11-10 04:37:28,847 - INFO - Epoch 23/500
2022-11-10 04:37:29,423 - INFO - The train loss is 0.022642. The valid loss is 0.011102.
2022-11-10 04:37:29,424 - INFO - Epoch 24/500
2022-11-10 04:37:29,986 - INFO - The train loss is 0.021861. The valid loss is 0.010576.
2022-11-10 04:37:29,986 - INFO - Epoch 25/500
2022-11-10 04:37:30,561 - INFO - The train loss is 0.022364. The valid loss is 0.010917.
2022-11-10 04:37:30,562 - INFO - Epoch 26/500
2022-11-10 04:37:31,136 - INFO - The train loss is 0.022014. The valid loss is 0.010755.
2022-11-10 04:37:31,136 - INFO - Epoch 27/500
2022-11-10 04:37:31,759 - INFO - The train loss is 0.022699. The valid loss is 0.011036.
2022-11-10 04:37:31,759 - INFO - Epoch 28/500
2022-11-10 04:37:32,322 - INFO - The train loss is 0.021945. The valid loss is 0.010947.
2022-11-10 04:37:32,322 - INFO - Epoch 29/500
2022-11-10 04:37:32,900 - INFO - The train loss is 0.021557. The valid loss is 0.010928.
2022-11-10 04:37:32,900 - INFO - Epoch 30/500
2022-11-10 04:37:33,463 - INFO - The train loss is 0.021365. The valid loss is 0.010725.
2022-11-10 04:37:33,463 - INFO -  The training stops early in epoch 30
2022-11-10 04:37:35,396 - INFO - The prediction is finish.
2022-11-10 04:37:35,403 - INFO - The mean squared error of stock ['target'] is [0.00292755]
