2022-11-16 23:02:41,946 - INFO - 
Config:
'add_train': False
'batch_size': 64
'continue_flag': ''
'debug_mode': False
'debug_num': 500
'do_continue_train': False
'do_figure_save': True
'do_log_print_to_screen': True
'do_log_save_to_file': True
'do_predict': True
'do_train': True
'do_train_visualized': False
'dropout_rate': 0.2
'epoch': 500
'feature_columns': [3, 4, 5, 6, 7, 8, 9, 10, 11]
'figure_save_path': './DATA/DAY/result/stockBySectorId/18/11_16_23_02_LSTM=3_time_step=5/figure/'
'file_save_path': './DATA/DAY/result/stockBySectorId/18/11_16_23_02_LSTM=3_time_step=5'
'hidden_size': 128
'input_size': 8
'label_columns': [11]
'label_in_feature_index': [8]
'learning_rate': 0.001
'log_save_path': './DATA/DAY/result/stockBySectorId/18/11_16_23_02_LSTM=3_time_step=5/log/'
'logger_name': '2022_11_16_23_02_41_LSTM=3_time_step=5'
'lstm_layers': 3
'model_name': 'model_pytorch.pth'
'model_postfix': {'pytorch': '.pth'
'keras': '.h5'
'tensorflow': '.ckpt'}
'model_save_path': './DATA/DAY/result/stockBySectorId/18/11_16_23_02_LSTM=3_time_step=5/model/'
'output_size': 1
'patience': 15
'predict_day': 1
'random_seed': 42
'record_save_path': './DATA/DAY/result/stockBySectorId/18/11_16_23_02_LSTM=3_time_step=5/record/'
'shuffle_train_data': True
'time_step': 5
'train_data_path': './DATA/DAY/origin/中证会2016标准不同板块选股/18.csv'
'train_data_rate': 0.95
'use_cuda': False
'used_frame': 'pytorch'
'valid_data_rate': 0.15
2022-11-16 23:02:41,977 - INFO - Epoch 0/500
2022-11-16 23:03:28,618 - INFO - The train loss is 0.245250. The valid loss is 0.051168.
2022-11-16 23:03:28,620 - INFO - Epoch 1/500
2022-11-16 23:04:15,649 - INFO - The train loss is 0.028719. The valid loss is 0.009984.
2022-11-16 23:04:15,651 - INFO - Epoch 2/500
2022-11-16 23:05:01,513 - INFO - The train loss is 0.014544. The valid loss is 0.006855.
2022-11-16 23:05:01,518 - INFO - Epoch 3/500
2022-11-16 23:05:48,126 - INFO - The train loss is 0.011728. The valid loss is 0.005820.
2022-11-16 23:05:48,128 - INFO - Epoch 4/500
2022-11-16 23:06:33,447 - INFO - The train loss is 0.011111. The valid loss is 0.005446.
2022-11-16 23:06:33,451 - INFO - Epoch 5/500
2022-11-16 23:07:21,515 - INFO - The train loss is 0.010567. The valid loss is 0.005580.
2022-11-16 23:07:21,515 - INFO - Epoch 6/500
2022-11-16 23:08:02,362 - INFO - The train loss is 0.010426. The valid loss is 0.005150.
2022-11-16 23:08:02,364 - INFO - Epoch 7/500
2022-11-16 23:08:49,632 - INFO - The train loss is 0.009804. The valid loss is 0.004994.
2022-11-16 23:08:49,634 - INFO - Epoch 8/500
2022-11-16 23:09:34,926 - INFO - The train loss is 0.009720. The valid loss is 0.005029.
2022-11-16 23:09:34,926 - INFO - Epoch 9/500
2022-11-16 23:10:22,182 - INFO - The train loss is 0.009746. The valid loss is 0.004937.
2022-11-16 23:10:22,185 - INFO - Epoch 10/500
2022-11-16 23:11:08,098 - INFO - The train loss is 0.009292. The valid loss is 0.005108.
2022-11-16 23:11:08,099 - INFO - Epoch 11/500
2022-11-16 23:11:56,812 - INFO - The train loss is 0.008770. The valid loss is 0.004914.
2022-11-16 23:11:56,815 - INFO - Epoch 12/500
2022-11-16 23:12:43,610 - INFO - The train loss is 0.009035. The valid loss is 0.005175.
2022-11-16 23:12:43,610 - INFO - Epoch 13/500
2022-11-16 23:13:32,006 - INFO - The train loss is 0.009077. The valid loss is 0.005001.
2022-11-16 23:13:32,007 - INFO - Epoch 14/500
2022-11-16 23:14:17,977 - INFO - The train loss is 0.008727. The valid loss is 0.005085.
2022-11-16 23:14:17,977 - INFO - Epoch 15/500
2022-11-16 23:15:04,497 - INFO - The train loss is 0.008900. The valid loss is 0.004885.
2022-11-16 23:15:04,500 - INFO - Epoch 16/500
2022-11-16 23:15:52,821 - INFO - The train loss is 0.008819. The valid loss is 0.004903.
2022-11-16 23:15:52,821 - INFO - Epoch 17/500
2022-11-16 23:16:39,391 - INFO - The train loss is 0.008493. The valid loss is 0.004827.
2022-11-16 23:16:39,394 - INFO - Epoch 18/500
2022-11-16 23:17:21,860 - INFO - The train loss is 0.008690. The valid loss is 0.004748.
2022-11-16 23:17:21,864 - INFO - Epoch 19/500
2022-11-16 23:18:08,009 - INFO - The train loss is 0.008161. The valid loss is 0.004734.
2022-11-16 23:18:08,011 - INFO - Epoch 20/500
2022-11-16 23:18:54,149 - INFO - The train loss is 0.008343. The valid loss is 0.004654.
2022-11-16 23:18:54,153 - INFO - Epoch 21/500
2022-11-16 23:19:40,942 - INFO - The train loss is 0.008284. The valid loss is 0.004682.
2022-11-16 23:19:40,942 - INFO - Epoch 22/500
2022-11-16 23:20:24,984 - INFO - The train loss is 0.008381. The valid loss is 0.004872.
2022-11-16 23:20:24,984 - INFO - Epoch 23/500
2022-11-16 23:21:12,710 - INFO - The train loss is 0.008410. The valid loss is 0.004646.
2022-11-16 23:21:12,717 - INFO - Epoch 24/500
2022-11-16 23:21:59,341 - INFO - The train loss is 0.008360. The valid loss is 0.004581.
2022-11-16 23:21:59,344 - INFO - Epoch 25/500
2022-11-16 23:22:47,786 - INFO - The train loss is 0.007981. The valid loss is 0.004665.
2022-11-16 23:22:47,787 - INFO - Epoch 26/500
2022-11-16 23:23:35,249 - INFO - The train loss is 0.008333. The valid loss is 0.004583.
2022-11-16 23:23:35,250 - INFO - Epoch 27/500
2022-11-16 23:24:21,162 - INFO - The train loss is 0.008102. The valid loss is 0.004854.
2022-11-16 23:24:21,162 - INFO - Epoch 28/500
2022-11-16 23:25:09,209 - INFO - The train loss is 0.008371. The valid loss is 0.004589.
2022-11-16 23:25:09,209 - INFO - Epoch 29/500
2022-11-16 23:25:55,936 - INFO - The train loss is 0.008143. The valid loss is 0.004667.
2022-11-16 23:25:55,938 - INFO - Epoch 30/500
2022-11-16 23:26:41,872 - INFO - The train loss is 0.007848. The valid loss is 0.004535.
2022-11-16 23:26:41,875 - INFO - Epoch 31/500
2022-11-16 23:27:29,437 - INFO - The train loss is 0.008011. The valid loss is 0.004741.
2022-11-16 23:27:29,437 - INFO - Epoch 32/500
2022-11-16 23:28:16,643 - INFO - The train loss is 0.008121. The valid loss is 0.004719.
2022-11-16 23:28:16,643 - INFO - Epoch 33/500
2022-11-16 23:29:03,885 - INFO - The train loss is 0.008151. The valid loss is 0.004819.
2022-11-16 23:29:03,885 - INFO - Epoch 34/500
2022-11-16 23:29:49,377 - INFO - The train loss is 0.008058. The valid loss is 0.004771.
2022-11-16 23:29:49,377 - INFO - Epoch 35/500
2022-11-16 23:30:37,040 - INFO - The train loss is 0.008087. The valid loss is 0.004834.
2022-11-16 23:30:37,041 - INFO - Epoch 36/500
2022-11-16 23:31:18,867 - INFO - The train loss is 0.008022. The valid loss is 0.004810.
2022-11-16 23:31:18,867 - INFO - Epoch 37/500
2022-11-16 23:32:03,408 - INFO - The train loss is 0.008194. The valid loss is 0.005040.
2022-11-16 23:32:03,408 - INFO - Epoch 38/500
2022-11-16 23:32:50,261 - INFO - The train loss is 0.007883. The valid loss is 0.005164.
2022-11-16 23:32:50,262 - INFO - Epoch 39/500
2022-11-16 23:33:38,938 - INFO - The train loss is 0.007907. The valid loss is 0.004564.
2022-11-16 23:33:38,938 - INFO - Epoch 40/500
2022-11-16 23:34:26,187 - INFO - The train loss is 0.007873. The valid loss is 0.005070.
2022-11-16 23:34:26,187 - INFO - Epoch 41/500
2022-11-16 23:35:12,451 - INFO - The train loss is 0.007977. The valid loss is 0.005001.
2022-11-16 23:35:12,452 - INFO - Epoch 42/500
2022-11-16 23:35:59,748 - INFO - The train loss is 0.007883. The valid loss is 0.004678.
2022-11-16 23:35:59,748 - INFO - Epoch 43/500
2022-11-16 23:36:48,331 - INFO - The train loss is 0.008059. The valid loss is 0.004570.
2022-11-16 23:36:48,331 - INFO - Epoch 44/500
2022-11-16 23:37:34,459 - INFO - The train loss is 0.007909. The valid loss is 0.005036.
2022-11-16 23:37:34,459 - INFO - Epoch 45/500
2022-11-16 23:38:21,096 - INFO - The train loss is 0.007782. The valid loss is 0.004618.
2022-11-16 23:38:21,098 - INFO -  The training stops early in epoch 45
2022-11-16 23:38:25,471 - INFO - The prediction is finish.
2022-11-16 23:38:25,480 - INFO - The mean squared error of stock ['target'] is [0.21268931]
