2022-11-10 01:16:03,635 - INFO - 
Config:
'add_train': False
'batch_size': 64
'continue_flag': ''
'debug_mode': False
'debug_num': 500
'do_continue_train': False
'do_figure_save': True
'do_log_print_to_screen': True
'do_log_save_to_file': True
'do_predict': True
'do_train': True
'do_train_visualized': False
'dropout_rate': 0.2
'epoch': 500
'feature_columns': [3, 4, 5, 6, 7, 8, 9, 10, 11]
'figure_save_path': './DATA/DAY/result/stockBySectorId/55/11_10_01_16_LSTM=3_time_step=5/figure/'
'file_save_path': './DATA/DAY/result/stockBySectorId/55/11_10_01_16_LSTM=3_time_step=5'
'hidden_size': 128
'input_size': 8
'label_columns': [11]
'label_in_feature_index': [8]
'learning_rate': 0.001
'log_save_path': './DATA/DAY/result/stockBySectorId/55/11_10_01_16_LSTM=3_time_step=5/log/'
'logger_name': '2022_11_10_01_16_03_LSTM=3_time_step=5'
'lstm_layers': 3
'model_name': 'model_pytorch.pth'
'model_postfix': {'pytorch': '.pth'
'keras': '.h5'
'tensorflow': '.ckpt'}
'model_save_path': './DATA/DAY/result/stockBySectorId/55/11_10_01_16_LSTM=3_time_step=5/model/'
'output_size': 1
'patience': 15
'predict_day': 1
'random_seed': 42
'record_save_path': './DATA/DAY/result/stockBySectorId/55/11_10_01_16_LSTM=3_time_step=5/record/'
'shuffle_train_data': True
'time_step': 5
'train_data_path': './DATA/DAY/origin/中证会2016标准不同板块选股/55.csv'
'train_data_rate': 0.95
'use_cuda': False
'used_frame': 'pytorch'
'valid_data_rate': 0.15
2022-11-10 01:16:03,653 - INFO - Epoch 0/500
2022-11-10 01:16:04,255 - INFO - The train loss is 0.410805. The valid loss is 0.125634.
2022-11-10 01:16:04,257 - INFO - Epoch 1/500
2022-11-10 01:16:04,820 - INFO - The train loss is 0.045433. The valid loss is 0.018959.
2022-11-10 01:16:04,823 - INFO - Epoch 2/500
2022-11-10 01:16:05,399 - INFO - The train loss is 0.019903. The valid loss is 0.013440.
2022-11-10 01:16:05,401 - INFO - Epoch 3/500
2022-11-10 01:16:06,021 - INFO - The train loss is 0.015739. The valid loss is 0.010086.
2022-11-10 01:16:06,024 - INFO - Epoch 4/500
2022-11-10 01:16:06,600 - INFO - The train loss is 0.013459. The valid loss is 0.008681.
2022-11-10 01:16:06,602 - INFO - Epoch 5/500
2022-11-10 01:16:07,164 - INFO - The train loss is 0.012544. The valid loss is 0.007588.
2022-11-10 01:16:07,166 - INFO - Epoch 6/500
2022-11-10 01:16:07,743 - INFO - The train loss is 0.011300. The valid loss is 0.007030.
2022-11-10 01:16:07,745 - INFO - Epoch 7/500
2022-11-10 01:16:08,308 - INFO - The train loss is 0.011232. The valid loss is 0.006515.
2022-11-10 01:16:08,311 - INFO - Epoch 8/500
2022-11-10 01:16:08,949 - INFO - The train loss is 0.010486. The valid loss is 0.006398.
2022-11-10 01:16:08,952 - INFO - Epoch 9/500
2022-11-10 01:16:09,514 - INFO - The train loss is 0.010207. The valid loss is 0.006444.
2022-11-10 01:16:09,514 - INFO - Epoch 10/500
2022-11-10 01:16:10,089 - INFO - The train loss is 0.010027. The valid loss is 0.005993.
2022-11-10 01:16:10,091 - INFO - Epoch 11/500
2022-11-10 01:16:10,662 - INFO - The train loss is 0.009791. The valid loss is 0.006333.
2022-11-10 01:16:10,663 - INFO - Epoch 12/500
2022-11-10 01:16:11,236 - INFO - The train loss is 0.009856. The valid loss is 0.006252.
2022-11-10 01:16:11,236 - INFO - Epoch 13/500
2022-11-10 01:16:11,812 - INFO - The train loss is 0.009671. The valid loss is 0.006033.
2022-11-10 01:16:11,812 - INFO - Epoch 14/500
2022-11-10 01:16:12,432 - INFO - The train loss is 0.009763. The valid loss is 0.006204.
2022-11-10 01:16:12,432 - INFO - Epoch 15/500
2022-11-10 01:16:12,993 - INFO - The train loss is 0.009372. The valid loss is 0.006170.
2022-11-10 01:16:12,994 - INFO - Epoch 16/500
2022-11-10 01:16:13,568 - INFO - The train loss is 0.009418. The valid loss is 0.005870.
2022-11-10 01:16:13,570 - INFO - Epoch 17/500
2022-11-10 01:16:14,132 - INFO - The train loss is 0.009286. The valid loss is 0.005745.
2022-11-10 01:16:14,134 - INFO - Epoch 18/500
2022-11-10 01:16:14,719 - INFO - The train loss is 0.009495. The valid loss is 0.005778.
2022-11-10 01:16:14,719 - INFO - Epoch 19/500
2022-11-10 01:16:15,330 - INFO - The train loss is 0.009454. The valid loss is 0.005926.
2022-11-10 01:16:15,330 - INFO - Epoch 20/500
2022-11-10 01:16:15,906 - INFO - The train loss is 0.009477. The valid loss is 0.006028.
2022-11-10 01:16:15,906 - INFO - Epoch 21/500
2022-11-10 01:16:16,470 - INFO - The train loss is 0.009172. The valid loss is 0.005741.
2022-11-10 01:16:16,472 - INFO - Epoch 22/500
2022-11-10 01:16:17,044 - INFO - The train loss is 0.009198. The valid loss is 0.005862.
2022-11-10 01:16:17,044 - INFO - Epoch 23/500
2022-11-10 01:16:17,610 - INFO - The train loss is 0.009092. The valid loss is 0.005696.
2022-11-10 01:16:17,612 - INFO - Epoch 24/500
2022-11-10 01:16:18,238 - INFO - The train loss is 0.009131. The valid loss is 0.005707.
2022-11-10 01:16:18,239 - INFO - Epoch 25/500
2022-11-10 01:16:18,813 - INFO - The train loss is 0.009073. The valid loss is 0.005896.
2022-11-10 01:16:18,813 - INFO - Epoch 26/500
2022-11-10 01:16:19,388 - INFO - The train loss is 0.009036. The valid loss is 0.005728.
2022-11-10 01:16:19,388 - INFO - Epoch 27/500
2022-11-10 01:16:19,961 - INFO - The train loss is 0.009281. The valid loss is 0.005804.
2022-11-10 01:16:19,961 - INFO - Epoch 28/500
2022-11-10 01:16:20,526 - INFO - The train loss is 0.008974. The valid loss is 0.005665.
2022-11-10 01:16:20,528 - INFO - Epoch 29/500
2022-11-10 01:16:21,147 - INFO - The train loss is 0.008949. The valid loss is 0.006113.
2022-11-10 01:16:21,147 - INFO - Epoch 30/500
2022-11-10 01:16:21,708 - INFO - The train loss is 0.009185. The valid loss is 0.006044.
2022-11-10 01:16:21,709 - INFO - Epoch 31/500
2022-11-10 01:16:22,285 - INFO - The train loss is 0.008838. The valid loss is 0.006068.
2022-11-10 01:16:22,285 - INFO - Epoch 32/500
2022-11-10 01:16:22,847 - INFO - The train loss is 0.008950. The valid loss is 0.005625.
2022-11-10 01:16:22,849 - INFO - Epoch 33/500
2022-11-10 01:16:23,429 - INFO - The train loss is 0.008903. The valid loss is 0.005881.
2022-11-10 01:16:23,429 - INFO - Epoch 34/500
2022-11-10 01:16:24,005 - INFO - The train loss is 0.008973. The valid loss is 0.005951.
2022-11-10 01:16:24,005 - INFO - Epoch 35/500
2022-11-10 01:16:24,625 - INFO - The train loss is 0.008920. The valid loss is 0.005739.
2022-11-10 01:16:24,625 - INFO - Epoch 36/500
2022-11-10 01:16:25,186 - INFO - The train loss is 0.008622. The valid loss is 0.005593.
2022-11-10 01:16:25,188 - INFO - Epoch 37/500
2022-11-10 01:16:25,763 - INFO - The train loss is 0.008824. The valid loss is 0.005840.
2022-11-10 01:16:25,763 - INFO - Epoch 38/500
2022-11-10 01:16:26,324 - INFO - The train loss is 0.008839. The valid loss is 0.005642.
2022-11-10 01:16:26,325 - INFO - Epoch 39/500
2022-11-10 01:16:26,911 - INFO - The train loss is 0.008740. The valid loss is 0.005952.
2022-11-10 01:16:26,911 - INFO - Epoch 40/500
2022-11-10 01:16:27,517 - INFO - The train loss is 0.008886. The valid loss is 0.006012.
2022-11-10 01:16:27,517 - INFO - Epoch 41/500
2022-11-10 01:16:28,092 - INFO - The train loss is 0.008809. The valid loss is 0.005699.
2022-11-10 01:16:28,093 - INFO - Epoch 42/500
2022-11-10 01:16:28,654 - INFO - The train loss is 0.008726. The valid loss is 0.005583.
2022-11-10 01:16:28,657 - INFO - Epoch 43/500
2022-11-10 01:16:29,231 - INFO - The train loss is 0.008942. The valid loss is 0.005790.
2022-11-10 01:16:29,231 - INFO - Epoch 44/500
2022-11-10 01:16:29,802 - INFO - The train loss is 0.008704. The valid loss is 0.005818.
2022-11-10 01:16:29,803 - INFO - Epoch 45/500
2022-11-10 01:16:30,423 - INFO - The train loss is 0.008554. The valid loss is 0.005648.
2022-11-10 01:16:30,423 - INFO - Epoch 46/500
2022-11-10 01:16:30,984 - INFO - The train loss is 0.008703. The valid loss is 0.005970.
2022-11-10 01:16:30,984 - INFO - Epoch 47/500
2022-11-10 01:16:31,560 - INFO - The train loss is 0.008748. The valid loss is 0.005712.
2022-11-10 01:16:31,560 - INFO - Epoch 48/500
2022-11-10 01:16:32,122 - INFO - The train loss is 0.008663. The valid loss is 0.006191.
2022-11-10 01:16:32,122 - INFO - Epoch 49/500
2022-11-10 01:16:32,700 - INFO - The train loss is 0.008834. The valid loss is 0.005782.
2022-11-10 01:16:32,700 - INFO - Epoch 50/500
2022-11-10 01:16:33,311 - INFO - The train loss is 0.008508. The valid loss is 0.005752.
2022-11-10 01:16:33,311 - INFO - Epoch 51/500
2022-11-10 01:16:33,888 - INFO - The train loss is 0.008519. The valid loss is 0.005800.
2022-11-10 01:16:33,889 - INFO - Epoch 52/500
2022-11-10 01:16:34,449 - INFO - The train loss is 0.008600. The valid loss is 0.005748.
2022-11-10 01:16:34,449 - INFO - Epoch 53/500
2022-11-10 01:16:35,024 - INFO - The train loss is 0.008544. The valid loss is 0.005673.
2022-11-10 01:16:35,024 - INFO - Epoch 54/500
2022-11-10 01:16:35,585 - INFO - The train loss is 0.008520. The valid loss is 0.005721.
2022-11-10 01:16:35,585 - INFO - Epoch 55/500
2022-11-10 01:16:36,225 - INFO - The train loss is 0.008732. The valid loss is 0.005792.
2022-11-10 01:16:36,225 - INFO - Epoch 56/500
2022-11-10 01:16:36,788 - INFO - The train loss is 0.008587. The valid loss is 0.005564.
2022-11-10 01:16:36,791 - INFO - Epoch 57/500
2022-11-10 01:16:37,360 - INFO - The train loss is 0.008361. The valid loss is 0.005874.
2022-11-10 01:16:37,361 - INFO - Epoch 58/500
2022-11-10 01:16:37,924 - INFO - The train loss is 0.008435. The valid loss is 0.005649.
2022-11-10 01:16:37,924 - INFO - Epoch 59/500
2022-11-10 01:16:38,502 - INFO - The train loss is 0.008504. The valid loss is 0.005771.
2022-11-10 01:16:38,502 - INFO - Epoch 60/500
2022-11-10 01:16:39,084 - INFO - The train loss is 0.008472. The valid loss is 0.005520.
2022-11-10 01:16:39,086 - INFO - Epoch 61/500
2022-11-10 01:16:39,703 - INFO - The train loss is 0.008313. The valid loss is 0.005839.
2022-11-10 01:16:39,703 - INFO - Epoch 62/500
2022-11-10 01:16:40,272 - INFO - The train loss is 0.008301. The valid loss is 0.005772.
2022-11-10 01:16:40,272 - INFO - Epoch 63/500
2022-11-10 01:16:40,837 - INFO - The train loss is 0.008430. The valid loss is 0.005775.
2022-11-10 01:16:40,838 - INFO - Epoch 64/500
2022-11-10 01:16:41,404 - INFO - The train loss is 0.008335. The valid loss is 0.005604.
2022-11-10 01:16:41,405 - INFO - Epoch 65/500
2022-11-10 01:16:41,995 - INFO - The train loss is 0.008432. The valid loss is 0.005678.
2022-11-10 01:16:41,996 - INFO - Epoch 66/500
2022-11-10 01:16:42,620 - INFO - The train loss is 0.008274. The valid loss is 0.005683.
2022-11-10 01:16:42,620 - INFO - Epoch 67/500
2022-11-10 01:16:43,184 - INFO - The train loss is 0.008491. The valid loss is 0.005708.
2022-11-10 01:16:43,184 - INFO - Epoch 68/500
2022-11-10 01:16:43,758 - INFO - The train loss is 0.008271. The valid loss is 0.005652.
2022-11-10 01:16:43,758 - INFO - Epoch 69/500
2022-11-10 01:16:44,318 - INFO - The train loss is 0.008366. The valid loss is 0.005604.
2022-11-10 01:16:44,319 - INFO - Epoch 70/500
2022-11-10 01:16:44,913 - INFO - The train loss is 0.008273. The valid loss is 0.005761.
2022-11-10 01:16:44,913 - INFO - Epoch 71/500
2022-11-10 01:16:45,520 - INFO - The train loss is 0.008267. The valid loss is 0.005893.
2022-11-10 01:16:45,521 - INFO - Epoch 72/500
2022-11-10 01:16:46,098 - INFO - The train loss is 0.008097. The valid loss is 0.005558.
2022-11-10 01:16:46,098 - INFO - Epoch 73/500
2022-11-10 01:16:46,660 - INFO - The train loss is 0.008503. The valid loss is 0.005704.
2022-11-10 01:16:46,660 - INFO - Epoch 74/500
2022-11-10 01:16:47,238 - INFO - The train loss is 0.008212. The valid loss is 0.005512.
2022-11-10 01:16:47,241 - INFO - Epoch 75/500
2022-11-10 01:16:47,804 - INFO - The train loss is 0.008054. The valid loss is 0.005582.
2022-11-10 01:16:47,804 - INFO - Epoch 76/500
2022-11-10 01:16:48,441 - INFO - The train loss is 0.008111. The valid loss is 0.005827.
2022-11-10 01:16:48,442 - INFO - Epoch 77/500
2022-11-10 01:16:49,003 - INFO - The train loss is 0.008105. The valid loss is 0.005644.
2022-11-10 01:16:49,003 - INFO - Epoch 78/500
2022-11-10 01:16:49,579 - INFO - The train loss is 0.008116. The valid loss is 0.005588.
2022-11-10 01:16:49,580 - INFO - Epoch 79/500
2022-11-10 01:16:50,141 - INFO - The train loss is 0.008226. The valid loss is 0.005460.
2022-11-10 01:16:50,144 - INFO - Epoch 80/500
2022-11-10 01:16:50,719 - INFO - The train loss is 0.008183. The valid loss is 0.005668.
2022-11-10 01:16:50,720 - INFO - Epoch 81/500
2022-11-10 01:16:51,317 - INFO - The train loss is 0.008127. The valid loss is 0.005798.
2022-11-10 01:16:51,317 - INFO - Epoch 82/500
2022-11-10 01:16:51,912 - INFO - The train loss is 0.008038. The valid loss is 0.005558.
2022-11-10 01:16:51,913 - INFO - Epoch 83/500
2022-11-10 01:16:52,475 - INFO - The train loss is 0.008249. The valid loss is 0.005762.
2022-11-10 01:16:52,475 - INFO - Epoch 84/500
2022-11-10 01:16:53,051 - INFO - The train loss is 0.008012. The valid loss is 0.005509.
2022-11-10 01:16:53,051 - INFO - Epoch 85/500
2022-11-10 01:16:53,613 - INFO - The train loss is 0.008029. The valid loss is 0.005747.
2022-11-10 01:16:53,614 - INFO - Epoch 86/500
2022-11-10 01:16:54,198 - INFO - The train loss is 0.008163. The valid loss is 0.005701.
2022-11-10 01:16:54,199 - INFO - Epoch 87/500
2022-11-10 01:16:54,760 - INFO - The train loss is 0.008000. The valid loss is 0.005562.
2022-11-10 01:16:54,760 - INFO - Epoch 88/500
2022-11-10 01:16:55,336 - INFO - The train loss is 0.008142. The valid loss is 0.006036.
2022-11-10 01:16:55,336 - INFO - Epoch 89/500
2022-11-10 01:16:55,898 - INFO - The train loss is 0.008169. The valid loss is 0.005729.
2022-11-10 01:16:55,898 - INFO - Epoch 90/500
2022-11-10 01:16:56,475 - INFO - The train loss is 0.007932. The valid loss is 0.005505.
2022-11-10 01:16:56,475 - INFO - Epoch 91/500
2022-11-10 01:16:57,054 - INFO - The train loss is 0.007902. The valid loss is 0.005637.
2022-11-10 01:16:57,054 - INFO - Epoch 92/500
2022-11-10 01:16:57,673 - INFO - The train loss is 0.007869. The valid loss is 0.005620.
2022-11-10 01:16:57,673 - INFO - Epoch 93/500
2022-11-10 01:16:58,235 - INFO - The train loss is 0.007987. The valid loss is 0.005752.
2022-11-10 01:16:58,235 - INFO - Epoch 94/500
2022-11-10 01:16:58,811 - INFO - The train loss is 0.007987. The valid loss is 0.005918.
2022-11-10 01:16:58,811 - INFO -  The training stops early in epoch 94
2022-11-10 01:16:59,138 - INFO - The prediction is finish.
2022-11-10 01:16:59,145 - INFO - The mean squared error of stock ['target'] is [0.00893172]
