2022-11-19 15:41:47,638 - INFO - 
Config:
'add_train': False
'batch_size': 64
'continue_flag': ''
'debug_mode': False
'debug_num': 500
'do_continue_train': False
'do_figure_save': True
'do_log_print_to_screen': True
'do_log_save_to_file': True
'do_predict': True
'do_train': True
'do_train_visualized': False
'dropout_rate': 0.2
'epoch': 500
'feature_columns': [3, 4, 5, 6, 7, 8, 9, 10, 11]
'figure_save_path': './DATA/DAY/result/stockBySectorId/54/11_19_15_41_LSTM=3_time_step=5/figure/'
'file_save_path': './DATA/DAY/result/stockBySectorId/54/11_19_15_41_LSTM=3_time_step=5'
'hidden_size': 128
'input_size': 8
'label_columns': [11]
'label_in_feature_index': [8]
'learning_rate': 0.001
'log_save_path': './DATA/DAY/result/stockBySectorId/54/11_19_15_41_LSTM=3_time_step=5/log/'
'logger_name': '2022_11_19_15_41_47_LSTM=3_time_step=5'
'lstm_layers': 3
'model_name': 'model_pytorch.pth'
'model_postfix': {'pytorch': '.pth'
'keras': '.h5'
'tensorflow': '.ckpt'}
'model_save_path': './DATA/DAY/result/stockBySectorId/54/11_19_15_41_LSTM=3_time_step=5/model/'
'output_size': 1
'patience': 15
'predict_day': 1
'random_seed': 42
'record_save_path': './DATA/DAY/result/stockBySectorId/54/11_19_15_41_LSTM=3_time_step=5/record/'
'shuffle_train_data': True
'time_step': 5
'train_data_path': './DATA/DAY/origin/中证会2016标准不同板块选股/54.csv'
'train_data_rate': 0.95
'use_cuda': False
'used_frame': 'pytorch'
'valid_data_rate': 0.15
2022-11-19 15:41:47,656 - INFO - Epoch 0/500
2022-11-19 15:41:48,232 - INFO - The train loss is 0.447691. The valid loss is 0.153469.
2022-11-19 15:41:48,234 - INFO - Epoch 1/500
2022-11-19 15:41:48,805 - INFO - The train loss is 0.057819. The valid loss is 0.017526.
2022-11-19 15:41:48,808 - INFO - Epoch 2/500
2022-11-19 15:41:49,365 - INFO - The train loss is 0.018360. The valid loss is 0.010195.
2022-11-19 15:41:49,367 - INFO - Epoch 3/500
2022-11-19 15:41:49,934 - INFO - The train loss is 0.014584. The valid loss is 0.010099.
2022-11-19 15:41:49,936 - INFO - Epoch 4/500
2022-11-19 15:41:50,505 - INFO - The train loss is 0.012857. The valid loss is 0.008587.
2022-11-19 15:41:50,508 - INFO - Epoch 5/500
2022-11-19 15:41:51,092 - INFO - The train loss is 0.011870. The valid loss is 0.008621.
2022-11-19 15:41:51,092 - INFO - Epoch 6/500
2022-11-19 15:41:51,658 - INFO - The train loss is 0.011583. The valid loss is 0.007426.
2022-11-19 15:41:51,660 - INFO - Epoch 7/500
2022-11-19 15:41:52,214 - INFO - The train loss is 0.010778. The valid loss is 0.008579.
2022-11-19 15:41:52,215 - INFO - Epoch 8/500
2022-11-19 15:41:52,783 - INFO - The train loss is 0.011116. The valid loss is 0.007086.
2022-11-19 15:41:52,786 - INFO - Epoch 9/500
2022-11-19 15:41:53,356 - INFO - The train loss is 0.010303. The valid loss is 0.008042.
2022-11-19 15:41:53,356 - INFO - Epoch 10/500
2022-11-19 15:41:53,964 - INFO - The train loss is 0.010425. The valid loss is 0.007358.
2022-11-19 15:41:53,964 - INFO - Epoch 11/500
2022-11-19 15:41:54,522 - INFO - The train loss is 0.010416. The valid loss is 0.008473.
2022-11-19 15:41:54,522 - INFO - Epoch 12/500
2022-11-19 15:41:55,095 - INFO - The train loss is 0.010432. The valid loss is 0.007409.
2022-11-19 15:41:55,095 - INFO - Epoch 13/500
2022-11-19 15:41:55,649 - INFO - The train loss is 0.010104. The valid loss is 0.007207.
2022-11-19 15:41:55,650 - INFO - Epoch 14/500
2022-11-19 15:41:56,233 - INFO - The train loss is 0.010455. The valid loss is 0.007626.
2022-11-19 15:41:56,233 - INFO - Epoch 15/500
2022-11-19 15:41:56,829 - INFO - The train loss is 0.010304. The valid loss is 0.007948.
2022-11-19 15:41:56,829 - INFO - Epoch 16/500
2022-11-19 15:41:57,397 - INFO - The train loss is 0.010074. The valid loss is 0.007674.
2022-11-19 15:41:57,398 - INFO - Epoch 17/500
2022-11-19 15:41:57,957 - INFO - The train loss is 0.010271. The valid loss is 0.008364.
2022-11-19 15:41:57,957 - INFO - Epoch 18/500
2022-11-19 15:41:58,527 - INFO - The train loss is 0.010232. The valid loss is 0.007657.
2022-11-19 15:41:58,527 - INFO - Epoch 19/500
2022-11-19 15:41:59,093 - INFO - The train loss is 0.009958. The valid loss is 0.006701.
2022-11-19 15:41:59,095 - INFO - Epoch 20/500
2022-11-19 15:41:59,696 - INFO - The train loss is 0.009960. The valid loss is 0.006472.
2022-11-19 15:41:59,699 - INFO - Epoch 21/500
2022-11-19 15:42:00,259 - INFO - The train loss is 0.009770. The valid loss is 0.007096.
2022-11-19 15:42:00,259 - INFO - Epoch 22/500
2022-11-19 15:42:00,833 - INFO - The train loss is 0.009591. The valid loss is 0.006353.
2022-11-19 15:42:00,835 - INFO - Epoch 23/500
2022-11-19 15:42:01,395 - INFO - The train loss is 0.009540. The valid loss is 0.006598.
2022-11-19 15:42:01,395 - INFO - Epoch 24/500
2022-11-19 15:42:01,969 - INFO - The train loss is 0.009727. The valid loss is 0.008073.
2022-11-19 15:42:01,970 - INFO - Epoch 25/500
2022-11-19 15:42:02,581 - INFO - The train loss is 0.009975. The valid loss is 0.007451.
2022-11-19 15:42:02,582 - INFO - Epoch 26/500
2022-11-19 15:42:03,154 - INFO - The train loss is 0.009649. The valid loss is 0.007483.
2022-11-19 15:42:03,154 - INFO - Epoch 27/500
2022-11-19 15:42:03,711 - INFO - The train loss is 0.009680. The valid loss is 0.007261.
2022-11-19 15:42:03,711 - INFO - Epoch 28/500
2022-11-19 15:42:04,282 - INFO - The train loss is 0.009613. The valid loss is 0.007279.
2022-11-19 15:42:04,282 - INFO - Epoch 29/500
2022-11-19 15:42:04,840 - INFO - The train loss is 0.009643. The valid loss is 0.007480.
2022-11-19 15:42:04,840 - INFO - Epoch 30/500
2022-11-19 15:42:05,460 - INFO - The train loss is 0.009551. The valid loss is 0.007098.
2022-11-19 15:42:05,460 - INFO - Epoch 31/500
2022-11-19 15:42:06,017 - INFO - The train loss is 0.009521. The valid loss is 0.006747.
2022-11-19 15:42:06,018 - INFO - Epoch 32/500
2022-11-19 15:42:06,589 - INFO - The train loss is 0.009603. The valid loss is 0.008079.
2022-11-19 15:42:06,589 - INFO - Epoch 33/500
2022-11-19 15:42:07,147 - INFO - The train loss is 0.009590. The valid loss is 0.007816.
2022-11-19 15:42:07,147 - INFO - Epoch 34/500
2022-11-19 15:42:07,720 - INFO - The train loss is 0.009517. The valid loss is 0.006779.
2022-11-19 15:42:07,720 - INFO - Epoch 35/500
2022-11-19 15:42:08,326 - INFO - The train loss is 0.009330. The valid loss is 0.007369.
2022-11-19 15:42:08,327 - INFO - Epoch 36/500
2022-11-19 15:42:08,893 - INFO - The train loss is 0.009467. The valid loss is 0.006908.
2022-11-19 15:42:08,893 - INFO - Epoch 37/500
2022-11-19 15:42:09,448 - INFO - The train loss is 0.009333. The valid loss is 0.006809.
2022-11-19 15:42:09,449 - INFO -  The training stops early in epoch 37
2022-11-19 15:42:09,776 - INFO - The prediction is finish.
2022-11-19 15:42:09,785 - INFO - The mean squared error of stock ['target'] is [0.01387197]
