2022-11-09 22:36:53,393 - INFO - 
Config:
'add_train': False
'batch_size': 64
'continue_flag': ''
'debug_mode': False
'debug_num': 500
'do_continue_train': False
'do_figure_save': True
'do_log_print_to_screen': True
'do_log_save_to_file': True
'do_predict': True
'do_train': True
'do_train_visualized': False
'dropout_rate': 0.2
'epoch': 500
'feature_columns': [3, 4, 5, 6, 7, 8, 9, 10, 11]
'figure_save_path': './DATA/DAY/result/stockBySectorId/32/11_09_22_36_LSTM=3_time_step=5/figure/'
'file_save_path': './DATA/DAY/result/stockBySectorId/32/11_09_22_36_LSTM=3_time_step=5'
'hidden_size': 128
'input_size': 8
'label_columns': [11]
'label_in_feature_index': [8]
'learning_rate': 0.001
'log_save_path': './DATA/DAY/result/stockBySectorId/32/11_09_22_36_LSTM=3_time_step=5/log/'
'logger_name': '2022_11_09_22_36_53_LSTM=3_time_step=5'
'lstm_layers': 3
'model_name': 'model_pytorch.pth'
'model_postfix': {'pytorch': '.pth'
'keras': '.h5'
'tensorflow': '.ckpt'}
'model_save_path': './DATA/DAY/result/stockBySectorId/32/11_09_22_36_LSTM=3_time_step=5/model/'
'output_size': 1
'patience': 15
'predict_day': 1
'random_seed': 42
'record_save_path': './DATA/DAY/result/stockBySectorId/32/11_09_22_36_LSTM=3_time_step=5/record/'
'shuffle_train_data': True
'time_step': 5
'train_data_path': './DATA/DAY/origin/中证会2016标准不同板块选股/32.csv'
'train_data_rate': 0.95
'use_cuda': False
'used_frame': 'pytorch'
'valid_data_rate': 0.15
2022-11-09 22:36:53,410 - INFO - Epoch 0/500
2022-11-09 22:36:53,987 - INFO - The train loss is 0.450545. The valid loss is 0.120423.
2022-11-09 22:36:53,989 - INFO - Epoch 1/500
2022-11-09 22:36:54,564 - INFO - The train loss is 0.064648. The valid loss is 0.031969.
2022-11-09 22:36:54,566 - INFO - Epoch 2/500
2022-11-09 22:36:55,127 - INFO - The train loss is 0.036585. The valid loss is 0.023519.
2022-11-09 22:36:55,129 - INFO - Epoch 3/500
2022-11-09 22:36:55,704 - INFO - The train loss is 0.032033. The valid loss is 0.021519.
2022-11-09 22:36:55,707 - INFO - Epoch 4/500
2022-11-09 22:36:56,278 - INFO - The train loss is 0.030239. The valid loss is 0.020224.
2022-11-09 22:36:56,280 - INFO - Epoch 5/500
2022-11-09 22:36:56,856 - INFO - The train loss is 0.029618. The valid loss is 0.019516.
2022-11-09 22:36:56,859 - INFO - Epoch 6/500
2022-11-09 22:36:57,456 - INFO - The train loss is 0.028313. The valid loss is 0.019248.
2022-11-09 22:36:57,459 - INFO - Epoch 7/500
2022-11-09 22:36:58,037 - INFO - The train loss is 0.027955. The valid loss is 0.018446.
2022-11-09 22:36:58,040 - INFO - Epoch 8/500
2022-11-09 22:36:58,600 - INFO - The train loss is 0.027533. The valid loss is 0.018441.
2022-11-09 22:36:58,602 - INFO - Epoch 9/500
2022-11-09 22:36:59,179 - INFO - The train loss is 0.027055. The valid loss is 0.018206.
2022-11-09 22:36:59,182 - INFO - Epoch 10/500
2022-11-09 22:36:59,804 - INFO - The train loss is 0.027324. The valid loss is 0.017923.
2022-11-09 22:36:59,807 - INFO - Epoch 11/500
2022-11-09 22:37:00,382 - INFO - The train loss is 0.027503. The valid loss is 0.018114.
2022-11-09 22:37:00,383 - INFO - Epoch 12/500
2022-11-09 22:37:00,942 - INFO - The train loss is 0.026782. The valid loss is 0.018015.
2022-11-09 22:37:00,943 - INFO - Epoch 13/500
2022-11-09 22:37:01,517 - INFO - The train loss is 0.026477. The valid loss is 0.018018.
2022-11-09 22:37:01,517 - INFO - Epoch 14/500
2022-11-09 22:37:02,076 - INFO - The train loss is 0.026550. The valid loss is 0.017844.
2022-11-09 22:37:02,078 - INFO - Epoch 15/500
2022-11-09 22:37:02,704 - INFO - The train loss is 0.027032. The valid loss is 0.018047.
2022-11-09 22:37:02,704 - INFO - Epoch 16/500
2022-11-09 22:37:03,264 - INFO - The train loss is 0.026418. The valid loss is 0.018168.
2022-11-09 22:37:03,265 - INFO - Epoch 17/500
2022-11-09 22:37:03,839 - INFO - The train loss is 0.026625. The valid loss is 0.017791.
2022-11-09 22:37:03,842 - INFO - Epoch 18/500
2022-11-09 22:37:04,403 - INFO - The train loss is 0.026126. The valid loss is 0.017600.
2022-11-09 22:37:04,406 - INFO - Epoch 19/500
2022-11-09 22:37:04,980 - INFO - The train loss is 0.026785. The valid loss is 0.017527.
2022-11-09 22:37:04,982 - INFO - Epoch 20/500
2022-11-09 22:37:05,604 - INFO - The train loss is 0.026177. The valid loss is 0.017659.
2022-11-09 22:37:05,604 - INFO - Epoch 21/500
2022-11-09 22:37:06,180 - INFO - The train loss is 0.026011. The valid loss is 0.017965.
2022-11-09 22:37:06,180 - INFO - Epoch 22/500
2022-11-09 22:37:06,742 - INFO - The train loss is 0.026074. The valid loss is 0.017943.
2022-11-09 22:37:06,743 - INFO - Epoch 23/500
2022-11-09 22:37:07,315 - INFO - The train loss is 0.026248. The valid loss is 0.017659.
2022-11-09 22:37:07,315 - INFO - Epoch 24/500
2022-11-09 22:37:07,877 - INFO - The train loss is 0.026103. The valid loss is 0.017849.
2022-11-09 22:37:07,878 - INFO - Epoch 25/500
2022-11-09 22:37:08,499 - INFO - The train loss is 0.025644. The valid loss is 0.017548.
2022-11-09 22:37:08,499 - INFO - Epoch 26/500
2022-11-09 22:37:09,067 - INFO - The train loss is 0.026556. The valid loss is 0.017698.
2022-11-09 22:37:09,067 - INFO - Epoch 27/500
2022-11-09 22:37:09,636 - INFO - The train loss is 0.025679. The valid loss is 0.017699.
2022-11-09 22:37:09,636 - INFO - Epoch 28/500
2022-11-09 22:37:10,201 - INFO - The train loss is 0.025772. The valid loss is 0.017671.
2022-11-09 22:37:10,201 - INFO - Epoch 29/500
2022-11-09 22:37:10,781 - INFO - The train loss is 0.026158. The valid loss is 0.018452.
2022-11-09 22:37:10,781 - INFO - Epoch 30/500
2022-11-09 22:37:11,362 - INFO - The train loss is 0.025948. The valid loss is 0.017618.
2022-11-09 22:37:11,362 - INFO - Epoch 31/500
2022-11-09 22:37:11,946 - INFO - The train loss is 0.025608. The valid loss is 0.017612.
2022-11-09 22:37:11,947 - INFO - Epoch 32/500
2022-11-09 22:37:12,521 - INFO - The train loss is 0.025787. The valid loss is 0.017667.
2022-11-09 22:37:12,522 - INFO - Epoch 33/500
2022-11-09 22:37:13,083 - INFO - The train loss is 0.025661. The valid loss is 0.017740.
2022-11-09 22:37:13,084 - INFO - Epoch 34/500
2022-11-09 22:37:13,661 - INFO - The train loss is 0.025577. The valid loss is 0.017529.
2022-11-09 22:37:13,661 - INFO -  The training stops early in epoch 34
2022-11-09 22:37:13,983 - INFO - The prediction is finish.
2022-11-09 22:37:13,990 - INFO - The mean squared error of stock ['target'] is [0.00749625]
