2022-11-10 03:48:52,503 - INFO - 
Config:
'add_train': False
'batch_size': 64
'continue_flag': ''
'debug_mode': False
'debug_num': 500
'do_continue_train': False
'do_figure_save': True
'do_log_print_to_screen': True
'do_log_save_to_file': True
'do_predict': True
'do_train': True
'do_train_visualized': False
'dropout_rate': 0.2
'epoch': 500
'feature_columns': [3, 4, 5, 6, 7, 8, 9, 10, 11]
'figure_save_path': './DATA/DAY/result/stockBySectorId/76/11_10_03_48_LSTM=3_time_step=5/figure/'
'file_save_path': './DATA/DAY/result/stockBySectorId/76/11_10_03_48_LSTM=3_time_step=5'
'hidden_size': 128
'input_size': 8
'label_columns': [11]
'label_in_feature_index': [8]
'learning_rate': 0.001
'log_save_path': './DATA/DAY/result/stockBySectorId/76/11_10_03_48_LSTM=3_time_step=5/log/'
'logger_name': '2022_11_10_03_48_52_LSTM=3_time_step=5'
'lstm_layers': 3
'model_name': 'model_pytorch.pth'
'model_postfix': {'pytorch': '.pth'
'keras': '.h5'
'tensorflow': '.ckpt'}
'model_save_path': './DATA/DAY/result/stockBySectorId/76/11_10_03_48_LSTM=3_time_step=5/model/'
'output_size': 1
'patience': 15
'predict_day': 1
'random_seed': 42
'record_save_path': './DATA/DAY/result/stockBySectorId/76/11_10_03_48_LSTM=3_time_step=5/record/'
'shuffle_train_data': True
'time_step': 5
'train_data_path': './DATA/DAY/origin/中证会2016标准不同板块选股/76.csv'
'train_data_rate': 0.95
'use_cuda': False
'used_frame': 'pytorch'
'valid_data_rate': 0.15
2022-11-10 03:48:52,520 - INFO - Epoch 0/500
2022-11-10 03:48:53,127 - INFO - The train loss is 0.400796. The valid loss is 0.086359.
2022-11-10 03:48:53,129 - INFO - Epoch 1/500
2022-11-10 03:48:53,713 - INFO - The train loss is 0.046255. The valid loss is 0.019598.
2022-11-10 03:48:53,715 - INFO - Epoch 2/500
2022-11-10 03:48:54,290 - INFO - The train loss is 0.026478. The valid loss is 0.017136.
2022-11-10 03:48:54,293 - INFO - Epoch 3/500
2022-11-10 03:48:54,856 - INFO - The train loss is 0.024049. The valid loss is 0.015762.
2022-11-10 03:48:54,859 - INFO - Epoch 4/500
2022-11-10 03:48:55,433 - INFO - The train loss is 0.022710. The valid loss is 0.012573.
2022-11-10 03:48:55,436 - INFO - Epoch 5/500
2022-11-10 03:48:56,008 - INFO - The train loss is 0.022500. The valid loss is 0.011725.
2022-11-10 03:48:56,010 - INFO - Epoch 6/500
2022-11-10 03:48:56,623 - INFO - The train loss is 0.021897. The valid loss is 0.012655.
2022-11-10 03:48:56,623 - INFO - Epoch 7/500
2022-11-10 03:48:57,185 - INFO - The train loss is 0.020525. The valid loss is 0.011694.
2022-11-10 03:48:57,188 - INFO - Epoch 8/500
2022-11-10 03:48:57,763 - INFO - The train loss is 0.021143. The valid loss is 0.011845.
2022-11-10 03:48:57,764 - INFO - Epoch 9/500
2022-11-10 03:48:58,329 - INFO - The train loss is 0.019859. The valid loss is 0.010589.
2022-11-10 03:48:58,331 - INFO - Epoch 10/500
2022-11-10 03:48:58,920 - INFO - The train loss is 0.020020. The valid loss is 0.011167.
2022-11-10 03:48:58,920 - INFO - Epoch 11/500
2022-11-10 03:48:59,521 - INFO - The train loss is 0.019281. The valid loss is 0.010541.
2022-11-10 03:48:59,523 - INFO - Epoch 12/500
2022-11-10 03:49:00,099 - INFO - The train loss is 0.019183. The valid loss is 0.013229.
2022-11-10 03:49:00,100 - INFO - Epoch 13/500
2022-11-10 03:49:00,660 - INFO - The train loss is 0.019440. The valid loss is 0.011052.
2022-11-10 03:49:00,661 - INFO - Epoch 14/500
2022-11-10 03:49:01,234 - INFO - The train loss is 0.019036. The valid loss is 0.011173.
2022-11-10 03:49:01,235 - INFO - Epoch 15/500
2022-11-10 03:49:01,795 - INFO - The train loss is 0.018858. The valid loss is 0.010349.
2022-11-10 03:49:01,797 - INFO - Epoch 16/500
2022-11-10 03:49:02,428 - INFO - The train loss is 0.018927. The valid loss is 0.011332.
2022-11-10 03:49:02,428 - INFO - Epoch 17/500
2022-11-10 03:49:02,989 - INFO - The train loss is 0.018629. The valid loss is 0.011605.
2022-11-10 03:49:02,990 - INFO - Epoch 18/500
2022-11-10 03:49:03,567 - INFO - The train loss is 0.018968. The valid loss is 0.011818.
2022-11-10 03:49:03,568 - INFO - Epoch 19/500
2022-11-10 03:49:04,129 - INFO - The train loss is 0.018967. The valid loss is 0.010307.
2022-11-10 03:49:04,132 - INFO - Epoch 20/500
2022-11-10 03:49:04,706 - INFO - The train loss is 0.018969. The valid loss is 0.011869.
2022-11-10 03:49:04,707 - INFO - Epoch 21/500
2022-11-10 03:49:05,323 - INFO - The train loss is 0.018116. The valid loss is 0.012269.
2022-11-10 03:49:05,323 - INFO - Epoch 22/500
2022-11-10 03:49:05,899 - INFO - The train loss is 0.018565. The valid loss is 0.011221.
2022-11-10 03:49:05,900 - INFO - Epoch 23/500
2022-11-10 03:49:06,461 - INFO - The train loss is 0.018590. The valid loss is 0.010477.
2022-11-10 03:49:06,462 - INFO - Epoch 24/500
2022-11-10 03:49:07,041 - INFO - The train loss is 0.018361. The valid loss is 0.014094.
2022-11-10 03:49:07,041 - INFO - Epoch 25/500
2022-11-10 03:49:07,604 - INFO - The train loss is 0.018701. The valid loss is 0.011780.
2022-11-10 03:49:07,605 - INFO - Epoch 26/500
2022-11-10 03:49:08,235 - INFO - The train loss is 0.018430. The valid loss is 0.010334.
2022-11-10 03:49:08,235 - INFO - Epoch 27/500
2022-11-10 03:49:08,800 - INFO - The train loss is 0.018413. The valid loss is 0.010763.
2022-11-10 03:49:08,800 - INFO - Epoch 28/500
2022-11-10 03:49:09,371 - INFO - The train loss is 0.018914. The valid loss is 0.010425.
2022-11-10 03:49:09,372 - INFO - Epoch 29/500
2022-11-10 03:49:09,934 - INFO - The train loss is 0.018298. The valid loss is 0.011793.
2022-11-10 03:49:09,934 - INFO - Epoch 30/500
2022-11-10 03:49:10,510 - INFO - The train loss is 0.017687. The valid loss is 0.010954.
2022-11-10 03:49:10,511 - INFO - Epoch 31/500
2022-11-10 03:49:11,151 - INFO - The train loss is 0.018210. The valid loss is 0.010492.
2022-11-10 03:49:11,151 - INFO - Epoch 32/500
2022-11-10 03:49:11,712 - INFO - The train loss is 0.018418. The valid loss is 0.010597.
2022-11-10 03:49:11,713 - INFO - Epoch 33/500
2022-11-10 03:49:12,288 - INFO - The train loss is 0.018275. The valid loss is 0.011326.
2022-11-10 03:49:12,289 - INFO - Epoch 34/500
2022-11-10 03:49:12,850 - INFO - The train loss is 0.017755. The valid loss is 0.010658.
2022-11-10 03:49:12,850 - INFO -  The training stops early in epoch 34
2022-11-10 03:49:14,715 - INFO - The prediction is finish.
2022-11-10 03:49:14,722 - INFO - The mean squared error of stock ['target'] is [0.00090031]
