2022-11-09 22:06:04,628 - INFO - 
Config:
'add_train': False
'batch_size': 64
'continue_flag': ''
'debug_mode': False
'debug_num': 500
'do_continue_train': False
'do_figure_save': True
'do_log_print_to_screen': True
'do_log_save_to_file': True
'do_predict': True
'do_train': True
'do_train_visualized': False
'dropout_rate': 0.2
'epoch': 500
'feature_columns': [3, 4, 5, 6, 7, 8, 9, 10, 11]
'figure_save_path': './DATA/DAY/result/stockBySectorId/28/11_09_22_06_LSTM=3_time_step=5/figure/'
'file_save_path': './DATA/DAY/result/stockBySectorId/28/11_09_22_06_LSTM=3_time_step=5'
'hidden_size': 128
'input_size': 8
'label_columns': [11]
'label_in_feature_index': [8]
'learning_rate': 0.001
'log_save_path': './DATA/DAY/result/stockBySectorId/28/11_09_22_06_LSTM=3_time_step=5/log/'
'logger_name': '2022_11_09_22_06_04_LSTM=3_time_step=5'
'lstm_layers': 3
'model_name': 'model_pytorch.pth'
'model_postfix': {'pytorch': '.pth'
'keras': '.h5'
'tensorflow': '.ckpt'}
'model_save_path': './DATA/DAY/result/stockBySectorId/28/11_09_22_06_LSTM=3_time_step=5/model/'
'output_size': 1
'patience': 15
'predict_day': 1
'random_seed': 42
'record_save_path': './DATA/DAY/result/stockBySectorId/28/11_09_22_06_LSTM=3_time_step=5/record/'
'shuffle_train_data': True
'time_step': 5
'train_data_path': './DATA/DAY/origin/中证会2016标准不同板块选股/28.csv'
'train_data_rate': 0.95
'use_cuda': False
'used_frame': 'pytorch'
'valid_data_rate': 0.15
2022-11-09 22:06:04,646 - INFO - Epoch 0/500
2022-11-09 22:06:05,230 - INFO - The train loss is 0.434404. The valid loss is 0.104142.
2022-11-09 22:06:05,232 - INFO - Epoch 1/500
2022-11-09 22:06:05,802 - INFO - The train loss is 0.049555. The valid loss is 0.017098.
2022-11-09 22:06:05,805 - INFO - Epoch 2/500
2022-11-09 22:06:06,411 - INFO - The train loss is 0.021745. The valid loss is 0.012931.
2022-11-09 22:06:06,413 - INFO - Epoch 3/500
2022-11-09 22:06:06,974 - INFO - The train loss is 0.019119. The valid loss is 0.012036.
2022-11-09 22:06:06,976 - INFO - Epoch 4/500
2022-11-09 22:06:07,549 - INFO - The train loss is 0.017866. The valid loss is 0.011615.
2022-11-09 22:06:07,551 - INFO - Epoch 5/500
2022-11-09 22:06:08,110 - INFO - The train loss is 0.017656. The valid loss is 0.011662.
2022-11-09 22:06:08,110 - INFO - Epoch 6/500
2022-11-09 22:06:08,692 - INFO - The train loss is 0.016584. The valid loss is 0.010489.
2022-11-09 22:06:08,695 - INFO - Epoch 7/500
2022-11-09 22:06:09,297 - INFO - The train loss is 0.016294. The valid loss is 0.010161.
2022-11-09 22:06:09,300 - INFO - Epoch 8/500
2022-11-09 22:06:09,875 - INFO - The train loss is 0.015670. The valid loss is 0.010102.
2022-11-09 22:06:09,877 - INFO - Epoch 9/500
2022-11-09 22:06:10,434 - INFO - The train loss is 0.015615. The valid loss is 0.010605.
2022-11-09 22:06:10,434 - INFO - Epoch 10/500
2022-11-09 22:06:11,003 - INFO - The train loss is 0.015911. The valid loss is 0.009633.
2022-11-09 22:06:11,005 - INFO - Epoch 11/500
2022-11-09 22:06:11,585 - INFO - The train loss is 0.015216. The valid loss is 0.009689.
2022-11-09 22:06:11,586 - INFO - Epoch 12/500
2022-11-09 22:06:12,203 - INFO - The train loss is 0.015086. The valid loss is 0.009680.
2022-11-09 22:06:12,204 - INFO - Epoch 13/500
2022-11-09 22:06:12,767 - INFO - The train loss is 0.014764. The valid loss is 0.009826.
2022-11-09 22:06:12,767 - INFO - Epoch 14/500
2022-11-09 22:06:13,344 - INFO - The train loss is 0.014299. The valid loss is 0.009684.
2022-11-09 22:06:13,345 - INFO - Epoch 15/500
2022-11-09 22:06:13,905 - INFO - The train loss is 0.014482. The valid loss is 0.009631.
2022-11-09 22:06:13,908 - INFO - Epoch 16/500
2022-11-09 22:06:14,487 - INFO - The train loss is 0.014507. The valid loss is 0.009481.
2022-11-09 22:06:14,490 - INFO - Epoch 17/500
2022-11-09 22:06:15,067 - INFO - The train loss is 0.014516. The valid loss is 0.009387.
2022-11-09 22:06:15,069 - INFO - Epoch 18/500
2022-11-09 22:06:15,668 - INFO - The train loss is 0.014361. The valid loss is 0.009405.
2022-11-09 22:06:15,668 - INFO - Epoch 19/500
2022-11-09 22:06:16,230 - INFO - The train loss is 0.014593. The valid loss is 0.009490.
2022-11-09 22:06:16,230 - INFO - Epoch 20/500
2022-11-09 22:06:16,804 - INFO - The train loss is 0.014344. The valid loss is 0.009379.
2022-11-09 22:06:16,806 - INFO - Epoch 21/500
2022-11-09 22:06:17,367 - INFO - The train loss is 0.014290. The valid loss is 0.009437.
2022-11-09 22:06:17,367 - INFO - Epoch 22/500
2022-11-09 22:06:17,993 - INFO - The train loss is 0.014207. The valid loss is 0.009368.
2022-11-09 22:06:17,995 - INFO - Epoch 23/500
2022-11-09 22:06:18,555 - INFO - The train loss is 0.014109. The valid loss is 0.009164.
2022-11-09 22:06:18,558 - INFO - Epoch 24/500
2022-11-09 22:06:19,124 - INFO - The train loss is 0.014405. The valid loss is 0.009545.
2022-11-09 22:06:19,124 - INFO - Epoch 25/500
2022-11-09 22:06:19,683 - INFO - The train loss is 0.014064. The valid loss is 0.009283.
2022-11-09 22:06:19,684 - INFO - Epoch 26/500
2022-11-09 22:06:20,252 - INFO - The train loss is 0.014111. The valid loss is 0.009336.
2022-11-09 22:06:20,252 - INFO - Epoch 27/500
2022-11-09 22:06:20,886 - INFO - The train loss is 0.014185. The valid loss is 0.009203.
2022-11-09 22:06:20,886 - INFO - Epoch 28/500
2022-11-09 22:06:21,450 - INFO - The train loss is 0.013869. The valid loss is 0.009255.
2022-11-09 22:06:21,451 - INFO - Epoch 29/500
2022-11-09 22:06:22,015 - INFO - The train loss is 0.013952. The valid loss is 0.009211.
2022-11-09 22:06:22,015 - INFO - Epoch 30/500
2022-11-09 22:06:22,574 - INFO - The train loss is 0.013923. The valid loss is 0.009499.
2022-11-09 22:06:22,574 - INFO - Epoch 31/500
2022-11-09 22:06:23,135 - INFO - The train loss is 0.013518. The valid loss is 0.009252.
2022-11-09 22:06:23,135 - INFO - Epoch 32/500
2022-11-09 22:06:23,750 - INFO - The train loss is 0.013984. The valid loss is 0.009236.
2022-11-09 22:06:23,751 - INFO - Epoch 33/500
2022-11-09 22:06:24,321 - INFO - The train loss is 0.013788. The valid loss is 0.009344.
2022-11-09 22:06:24,321 - INFO - Epoch 34/500
2022-11-09 22:06:24,882 - INFO - The train loss is 0.013774. The valid loss is 0.009118.
2022-11-09 22:06:24,885 - INFO - Epoch 35/500
2022-11-09 22:06:25,446 - INFO - The train loss is 0.013673. The valid loss is 0.009348.
2022-11-09 22:06:25,447 - INFO - Epoch 36/500
2022-11-09 22:06:26,012 - INFO - The train loss is 0.013713. The valid loss is 0.009792.
2022-11-09 22:06:26,012 - INFO - Epoch 37/500
2022-11-09 22:06:26,583 - INFO - The train loss is 0.013656. The valid loss is 0.009380.
2022-11-09 22:06:26,583 - INFO - Epoch 38/500
2022-11-09 22:06:27,190 - INFO - The train loss is 0.013113. The valid loss is 0.009250.
2022-11-09 22:06:27,190 - INFO - Epoch 39/500
2022-11-09 22:06:27,752 - INFO - The train loss is 0.013516. The valid loss is 0.009224.
2022-11-09 22:06:27,753 - INFO - Epoch 40/500
2022-11-09 22:06:28,318 - INFO - The train loss is 0.013391. The valid loss is 0.009538.
2022-11-09 22:06:28,318 - INFO - Epoch 41/500
2022-11-09 22:06:28,885 - INFO - The train loss is 0.013761. The valid loss is 0.009416.
2022-11-09 22:06:28,885 - INFO - Epoch 42/500
2022-11-09 22:06:29,448 - INFO - The train loss is 0.013490. The valid loss is 0.009352.
2022-11-09 22:06:29,448 - INFO - Epoch 43/500
2022-11-09 22:06:30,078 - INFO - The train loss is 0.013235. The valid loss is 0.009057.
2022-11-09 22:06:30,080 - INFO - Epoch 44/500
2022-11-09 22:06:30,637 - INFO - The train loss is 0.013586. The valid loss is 0.009297.
2022-11-09 22:06:30,638 - INFO - Epoch 45/500
2022-11-09 22:06:31,207 - INFO - The train loss is 0.013060. The valid loss is 0.009249.
2022-11-09 22:06:31,207 - INFO - Epoch 46/500
2022-11-09 22:06:31,765 - INFO - The train loss is 0.012996. The valid loss is 0.009329.
2022-11-09 22:06:31,765 - INFO - Epoch 47/500
2022-11-09 22:06:32,339 - INFO - The train loss is 0.012656. The valid loss is 0.010080.
2022-11-09 22:06:32,340 - INFO - Epoch 48/500
2022-11-09 22:06:32,952 - INFO - The train loss is 0.012732. The valid loss is 0.009692.
2022-11-09 22:06:32,952 - INFO - Epoch 49/500
2022-11-09 22:06:33,525 - INFO - The train loss is 0.012777. The valid loss is 0.009356.
2022-11-09 22:06:33,525 - INFO - Epoch 50/500
2022-11-09 22:06:34,084 - INFO - The train loss is 0.012875. The valid loss is 0.009402.
2022-11-09 22:06:34,084 - INFO - Epoch 51/500
2022-11-09 22:06:34,655 - INFO - The train loss is 0.012929. The valid loss is 0.009364.
2022-11-09 22:06:34,656 - INFO - Epoch 52/500
2022-11-09 22:06:35,216 - INFO - The train loss is 0.012831. The valid loss is 0.009293.
2022-11-09 22:06:35,216 - INFO - Epoch 53/500
2022-11-09 22:06:35,804 - INFO - The train loss is 0.012735. The valid loss is 0.009181.
2022-11-09 22:06:35,805 - INFO - Epoch 54/500
2022-11-09 22:06:36,408 - INFO - The train loss is 0.012347. The valid loss is 0.009575.
2022-11-09 22:06:36,408 - INFO - Epoch 55/500
2022-11-09 22:06:36,987 - INFO - The train loss is 0.012716. The valid loss is 0.009879.
2022-11-09 22:06:36,987 - INFO - Epoch 56/500
2022-11-09 22:06:37,544 - INFO - The train loss is 0.012543. The valid loss is 0.009424.
2022-11-09 22:06:37,544 - INFO - Epoch 57/500
2022-11-09 22:06:38,118 - INFO - The train loss is 0.012716. The valid loss is 0.009294.
2022-11-09 22:06:38,118 - INFO - Epoch 58/500
2022-11-09 22:06:38,695 - INFO - The train loss is 0.012459. The valid loss is 0.009277.
2022-11-09 22:06:38,695 - INFO -  The training stops early in epoch 58
2022-11-09 22:06:39,042 - INFO - The prediction is finish.
2022-11-09 22:06:39,051 - INFO - The mean squared error of stock ['target'] is [0.01941198]
