2022-11-10 06:11:03,628 - INFO - 
Config:
'add_train': False
'batch_size': 64
'continue_flag': ''
'debug_mode': False
'debug_num': 500
'do_continue_train': False
'do_figure_save': True
'do_log_print_to_screen': True
'do_log_save_to_file': True
'do_predict': True
'do_train': True
'do_train_visualized': False
'dropout_rate': 0.2
'epoch': 500
'feature_columns': [3, 4, 5, 6, 7, 8, 9, 10, 11]
'figure_save_path': './DATA/DAY/result/stockBySectorId/94/11_10_06_11_LSTM=3_time_step=5/figure/'
'file_save_path': './DATA/DAY/result/stockBySectorId/94/11_10_06_11_LSTM=3_time_step=5'
'hidden_size': 128
'input_size': 8
'label_columns': [11]
'label_in_feature_index': [8]
'learning_rate': 0.001
'log_save_path': './DATA/DAY/result/stockBySectorId/94/11_10_06_11_LSTM=3_time_step=5/log/'
'logger_name': '2022_11_10_06_11_03_LSTM=3_time_step=5'
'lstm_layers': 3
'model_name': 'model_pytorch.pth'
'model_postfix': {'pytorch': '.pth'
'keras': '.h5'
'tensorflow': '.ckpt'}
'model_save_path': './DATA/DAY/result/stockBySectorId/94/11_10_06_11_LSTM=3_time_step=5/model/'
'output_size': 1
'patience': 15
'predict_day': 1
'random_seed': 42
'record_save_path': './DATA/DAY/result/stockBySectorId/94/11_10_06_11_LSTM=3_time_step=5/record/'
'shuffle_train_data': True
'time_step': 5
'train_data_path': './DATA/DAY/origin/中证会2016标准不同板块选股/94.csv'
'train_data_rate': 0.95
'use_cuda': False
'used_frame': 'pytorch'
'valid_data_rate': 0.15
2022-11-10 06:11:03,645 - INFO - Epoch 0/500
2022-11-10 06:11:04,244 - INFO - The train loss is 0.341622. The valid loss is 0.097431.
2022-11-10 06:11:04,246 - INFO - Epoch 1/500
2022-11-10 06:11:04,837 - INFO - The train loss is 0.049832. The valid loss is 0.033260.
2022-11-10 06:11:04,839 - INFO - Epoch 2/500
2022-11-10 06:11:05,418 - INFO - The train loss is 0.027931. The valid loss is 0.028183.
2022-11-10 06:11:05,421 - INFO - Epoch 3/500
2022-11-10 06:11:05,989 - INFO - The train loss is 0.025610. The valid loss is 0.027350.
2022-11-10 06:11:05,991 - INFO - Epoch 4/500
2022-11-10 06:11:06,574 - INFO - The train loss is 0.024466. The valid loss is 0.026630.
2022-11-10 06:11:06,577 - INFO - Epoch 5/500
2022-11-10 06:11:07,142 - INFO - The train loss is 0.024272. The valid loss is 0.026512.
2022-11-10 06:11:07,144 - INFO - Epoch 6/500
2022-11-10 06:11:07,789 - INFO - The train loss is 0.023882. The valid loss is 0.026349.
2022-11-10 06:11:07,791 - INFO - Epoch 7/500
2022-11-10 06:11:08,357 - INFO - The train loss is 0.023707. The valid loss is 0.026350.
2022-11-10 06:11:08,358 - INFO - Epoch 8/500
2022-11-10 06:11:08,936 - INFO - The train loss is 0.023257. The valid loss is 0.026146.
2022-11-10 06:11:08,939 - INFO - Epoch 9/500
2022-11-10 06:11:09,504 - INFO - The train loss is 0.022873. The valid loss is 0.026027.
2022-11-10 06:11:09,506 - INFO - Epoch 10/500
2022-11-10 06:11:10,085 - INFO - The train loss is 0.023080. The valid loss is 0.026358.
2022-11-10 06:11:10,086 - INFO - Epoch 11/500
2022-11-10 06:11:10,706 - INFO - The train loss is 0.022757. The valid loss is 0.026181.
2022-11-10 06:11:10,706 - INFO - Epoch 12/500
2022-11-10 06:11:11,285 - INFO - The train loss is 0.022803. The valid loss is 0.026223.
2022-11-10 06:11:11,286 - INFO - Epoch 13/500
2022-11-10 06:11:11,850 - INFO - The train loss is 0.022762. The valid loss is 0.026715.
2022-11-10 06:11:11,850 - INFO - Epoch 14/500
2022-11-10 06:11:12,433 - INFO - The train loss is 0.022868. The valid loss is 0.026255.
2022-11-10 06:11:12,433 - INFO - Epoch 15/500
2022-11-10 06:11:13,000 - INFO - The train loss is 0.022360. The valid loss is 0.026137.
2022-11-10 06:11:13,001 - INFO - Epoch 16/500
2022-11-10 06:11:13,597 - INFO - The train loss is 0.022754. The valid loss is 0.026196.
2022-11-10 06:11:13,597 - INFO - Epoch 17/500
2022-11-10 06:11:14,184 - INFO - The train loss is 0.022633. The valid loss is 0.026212.
2022-11-10 06:11:14,184 - INFO - Epoch 18/500
2022-11-10 06:11:14,763 - INFO - The train loss is 0.022848. The valid loss is 0.026205.
2022-11-10 06:11:14,763 - INFO - Epoch 19/500
2022-11-10 06:11:15,329 - INFO - The train loss is 0.022168. The valid loss is 0.026463.
2022-11-10 06:11:15,329 - INFO - Epoch 20/500
2022-11-10 06:11:15,907 - INFO - The train loss is 0.022792. The valid loss is 0.026174.
2022-11-10 06:11:15,907 - INFO - Epoch 21/500
2022-11-10 06:11:16,491 - INFO - The train loss is 0.022367. The valid loss is 0.026253.
2022-11-10 06:11:16,491 - INFO - Epoch 22/500
2022-11-10 06:11:17,119 - INFO - The train loss is 0.022280. The valid loss is 0.026051.
2022-11-10 06:11:17,119 - INFO - Epoch 23/500
2022-11-10 06:11:17,686 - INFO - The train loss is 0.022563. The valid loss is 0.026106.
2022-11-10 06:11:17,687 - INFO - Epoch 24/500
2022-11-10 06:11:18,264 - INFO - The train loss is 0.022433. The valid loss is 0.026141.
2022-11-10 06:11:18,264 - INFO -  The training stops early in epoch 24
2022-11-10 06:11:20,147 - INFO - The prediction is finish.
2022-11-10 06:11:20,155 - INFO - The mean squared error of stock ['target'] is [0.08696295]
