2022-11-09 23:10:32,030 - INFO - 
Config:
'add_train': False
'batch_size': 64
'continue_flag': ''
'debug_mode': False
'debug_num': 500
'do_continue_train': False
'do_figure_save': True
'do_log_print_to_screen': True
'do_log_save_to_file': True
'do_predict': True
'do_train': True
'do_train_visualized': False
'dropout_rate': 0.2
'epoch': 500
'feature_columns': [3, 4, 5, 6, 7, 8, 9, 10, 11]
'figure_save_path': './DATA/DAY/result/stockBySectorId/37/11_09_23_10_LSTM=3_time_step=5/figure/'
'file_save_path': './DATA/DAY/result/stockBySectorId/37/11_09_23_10_LSTM=3_time_step=5'
'hidden_size': 128
'input_size': 8
'label_columns': [11]
'label_in_feature_index': [8]
'learning_rate': 0.001
'log_save_path': './DATA/DAY/result/stockBySectorId/37/11_09_23_10_LSTM=3_time_step=5/log/'
'logger_name': '2022_11_09_23_10_32_LSTM=3_time_step=5'
'lstm_layers': 3
'model_name': 'model_pytorch.pth'
'model_postfix': {'pytorch': '.pth'
'keras': '.h5'
'tensorflow': '.ckpt'}
'model_save_path': './DATA/DAY/result/stockBySectorId/37/11_09_23_10_LSTM=3_time_step=5/model/'
'output_size': 1
'patience': 15
'predict_day': 1
'random_seed': 42
'record_save_path': './DATA/DAY/result/stockBySectorId/37/11_09_23_10_LSTM=3_time_step=5/record/'
'shuffle_train_data': True
'time_step': 5
'train_data_path': './DATA/DAY/origin/中证会2016标准不同板块选股/37.csv'
'train_data_rate': 0.95
'use_cuda': False
'used_frame': 'pytorch'
'valid_data_rate': 0.15
2022-11-09 23:10:32,046 - INFO - Epoch 0/500
2022-11-09 23:10:32,619 - INFO - The train loss is 0.424564. The valid loss is 0.114605.
2022-11-09 23:10:32,621 - INFO - Epoch 1/500
2022-11-09 23:10:33,226 - INFO - The train loss is 0.055505. The valid loss is 0.028003.
2022-11-09 23:10:33,228 - INFO - Epoch 2/500
2022-11-09 23:10:33,788 - INFO - The train loss is 0.031715. The valid loss is 0.020794.
2022-11-09 23:10:33,790 - INFO - Epoch 3/500
2022-11-09 23:10:34,362 - INFO - The train loss is 0.027922. The valid loss is 0.017997.
2022-11-09 23:10:34,364 - INFO - Epoch 4/500
2022-11-09 23:10:34,923 - INFO - The train loss is 0.025984. The valid loss is 0.016819.
2022-11-09 23:10:34,926 - INFO - Epoch 5/500
2022-11-09 23:10:35,498 - INFO - The train loss is 0.024637. The valid loss is 0.015960.
2022-11-09 23:10:35,501 - INFO - Epoch 6/500
2022-11-09 23:10:36,072 - INFO - The train loss is 0.023935. The valid loss is 0.015767.
2022-11-09 23:10:36,074 - INFO - Epoch 7/500
2022-11-09 23:10:36,682 - INFO - The train loss is 0.023124. The valid loss is 0.015288.
2022-11-09 23:10:36,684 - INFO - Epoch 8/500
2022-11-09 23:10:37,243 - INFO - The train loss is 0.022408. The valid loss is 0.015315.
2022-11-09 23:10:37,243 - INFO - Epoch 9/500
2022-11-09 23:10:37,813 - INFO - The train loss is 0.023307. The valid loss is 0.014940.
2022-11-09 23:10:37,815 - INFO - Epoch 10/500
2022-11-09 23:10:38,373 - INFO - The train loss is 0.023492. The valid loss is 0.016168.
2022-11-09 23:10:38,373 - INFO - Epoch 11/500
2022-11-09 23:10:38,961 - INFO - The train loss is 0.022390. The valid loss is 0.014948.
2022-11-09 23:10:38,962 - INFO - Epoch 12/500
2022-11-09 23:10:39,573 - INFO - The train loss is 0.022367. The valid loss is 0.014629.
2022-11-09 23:10:39,575 - INFO - Epoch 13/500
2022-11-09 23:10:40,140 - INFO - The train loss is 0.021859. The valid loss is 0.014830.
2022-11-09 23:10:40,141 - INFO - Epoch 14/500
2022-11-09 23:10:40,711 - INFO - The train loss is 0.021042. The valid loss is 0.014598.
2022-11-09 23:10:40,713 - INFO - Epoch 15/500
2022-11-09 23:10:41,277 - INFO - The train loss is 0.022301. The valid loss is 0.015017.
2022-11-09 23:10:41,277 - INFO - Epoch 16/500
2022-11-09 23:10:41,845 - INFO - The train loss is 0.021579. The valid loss is 0.014565.
2022-11-09 23:10:41,848 - INFO - Epoch 17/500
2022-11-09 23:10:42,470 - INFO - The train loss is 0.021809. The valid loss is 0.014519.
2022-11-09 23:10:42,473 - INFO - Epoch 18/500
2022-11-09 23:10:43,047 - INFO - The train loss is 0.021138. The valid loss is 0.014781.
2022-11-09 23:10:43,048 - INFO - Epoch 19/500
2022-11-09 23:10:43,607 - INFO - The train loss is 0.021104. The valid loss is 0.014573.
2022-11-09 23:10:43,607 - INFO - Epoch 20/500
2022-11-09 23:10:44,179 - INFO - The train loss is 0.022287. The valid loss is 0.014795.
2022-11-09 23:10:44,180 - INFO - Epoch 21/500
2022-11-09 23:10:44,738 - INFO - The train loss is 0.020568. The valid loss is 0.014658.
2022-11-09 23:10:44,738 - INFO - Epoch 22/500
2022-11-09 23:10:45,351 - INFO - The train loss is 0.021498. The valid loss is 0.014902.
2022-11-09 23:10:45,351 - INFO - Epoch 23/500
2022-11-09 23:10:45,909 - INFO - The train loss is 0.021986. The valid loss is 0.014778.
2022-11-09 23:10:45,910 - INFO - Epoch 24/500
2022-11-09 23:10:46,481 - INFO - The train loss is 0.020926. The valid loss is 0.014657.
2022-11-09 23:10:46,481 - INFO - Epoch 25/500
2022-11-09 23:10:47,038 - INFO - The train loss is 0.021132. The valid loss is 0.015214.
2022-11-09 23:10:47,038 - INFO - Epoch 26/500
2022-11-09 23:10:47,610 - INFO - The train loss is 0.021611. The valid loss is 0.015196.
2022-11-09 23:10:47,610 - INFO - Epoch 27/500
2022-11-09 23:10:48,184 - INFO - The train loss is 0.020558. The valid loss is 0.014656.
2022-11-09 23:10:48,184 - INFO - Epoch 28/500
2022-11-09 23:10:48,801 - INFO - The train loss is 0.020826. The valid loss is 0.014665.
2022-11-09 23:10:48,802 - INFO - Epoch 29/500
2022-11-09 23:10:49,362 - INFO - The train loss is 0.020581. The valid loss is 0.014649.
2022-11-09 23:10:49,362 - INFO - Epoch 30/500
2022-11-09 23:10:49,934 - INFO - The train loss is 0.021008. The valid loss is 0.015168.
2022-11-09 23:10:49,934 - INFO - Epoch 31/500
2022-11-09 23:10:50,493 - INFO - The train loss is 0.020302. The valid loss is 0.014575.
2022-11-09 23:10:50,494 - INFO - Epoch 32/500
2022-11-09 23:10:51,071 - INFO - The train loss is 0.021007. The valid loss is 0.014876.
2022-11-09 23:10:51,071 - INFO -  The training stops early in epoch 32
2022-11-09 23:10:51,468 - INFO - The prediction is finish.
2022-11-09 23:10:51,475 - INFO - The mean squared error of stock ['target'] is [0.02416163]
