2022-11-10 01:35:30,276 - INFO - 
Config:
'add_train': False
'batch_size': 64
'continue_flag': ''
'debug_mode': False
'debug_num': 500
'do_continue_train': False
'do_figure_save': True
'do_log_print_to_screen': True
'do_log_save_to_file': True
'do_predict': True
'do_train': True
'do_train_visualized': False
'dropout_rate': 0.2
'epoch': 500
'feature_columns': [3, 4, 5, 6, 7, 8, 9, 10, 11]
'figure_save_path': './DATA/DAY/result/stockBySectorId/58/11_10_01_35_LSTM=3_time_step=5/figure/'
'file_save_path': './DATA/DAY/result/stockBySectorId/58/11_10_01_35_LSTM=3_time_step=5'
'hidden_size': 128
'input_size': 8
'label_columns': [11]
'label_in_feature_index': [8]
'learning_rate': 0.001
'log_save_path': './DATA/DAY/result/stockBySectorId/58/11_10_01_35_LSTM=3_time_step=5/log/'
'logger_name': '2022_11_10_01_35_30_LSTM=3_time_step=5'
'lstm_layers': 3
'model_name': 'model_pytorch.pth'
'model_postfix': {'pytorch': '.pth'
'keras': '.h5'
'tensorflow': '.ckpt'}
'model_save_path': './DATA/DAY/result/stockBySectorId/58/11_10_01_35_LSTM=3_time_step=5/model/'
'output_size': 1
'patience': 15
'predict_day': 1
'random_seed': 42
'record_save_path': './DATA/DAY/result/stockBySectorId/58/11_10_01_35_LSTM=3_time_step=5/record/'
'shuffle_train_data': True
'time_step': 5
'train_data_path': './DATA/DAY/origin/中证会2016标准不同板块选股/58.csv'
'train_data_rate': 0.95
'use_cuda': False
'used_frame': 'pytorch'
'valid_data_rate': 0.15
2022-11-10 01:35:30,293 - INFO - Epoch 0/500
2022-11-10 01:35:30,876 - INFO - The train loss is 0.441550. The valid loss is 0.126359.
2022-11-10 01:35:30,878 - INFO - Epoch 1/500
2022-11-10 01:35:31,452 - INFO - The train loss is 0.048626. The valid loss is 0.024678.
2022-11-10 01:35:31,454 - INFO - Epoch 2/500
2022-11-10 01:35:32,023 - INFO - The train loss is 0.023436. The valid loss is 0.019111.
2022-11-10 01:35:32,026 - INFO - Epoch 3/500
2022-11-10 01:35:32,638 - INFO - The train loss is 0.020792. The valid loss is 0.018844.
2022-11-10 01:35:32,640 - INFO - Epoch 4/500
2022-11-10 01:35:33,236 - INFO - The train loss is 0.019928. The valid loss is 0.017913.
2022-11-10 01:35:33,239 - INFO - Epoch 5/500
2022-11-10 01:35:33,806 - INFO - The train loss is 0.019112. The valid loss is 0.017773.
2022-11-10 01:35:33,808 - INFO - Epoch 6/500
2022-11-10 01:35:34,389 - INFO - The train loss is 0.018274. The valid loss is 0.016721.
2022-11-10 01:35:34,391 - INFO - Epoch 7/500
2022-11-10 01:35:34,961 - INFO - The train loss is 0.017631. The valid loss is 0.016829.
2022-11-10 01:35:34,961 - INFO - Epoch 8/500
2022-11-10 01:35:35,559 - INFO - The train loss is 0.016889. The valid loss is 0.016713.
2022-11-10 01:35:35,561 - INFO - Epoch 9/500
2022-11-10 01:35:36,153 - INFO - The train loss is 0.016800. The valid loss is 0.016418.
2022-11-10 01:35:36,156 - INFO - Epoch 10/500
2022-11-10 01:35:36,737 - INFO - The train loss is 0.016473. The valid loss is 0.016418.
2022-11-10 01:35:36,737 - INFO - Epoch 11/500
2022-11-10 01:35:37,303 - INFO - The train loss is 0.016440. The valid loss is 0.016137.
2022-11-10 01:35:37,306 - INFO - Epoch 12/500
2022-11-10 01:35:37,888 - INFO - The train loss is 0.015975. The valid loss is 0.016171.
2022-11-10 01:35:37,888 - INFO - Epoch 13/500
2022-11-10 01:35:38,469 - INFO - The train loss is 0.015979. The valid loss is 0.015741.
2022-11-10 01:35:38,471 - INFO - Epoch 14/500
2022-11-10 01:35:39,074 - INFO - The train loss is 0.016052. The valid loss is 0.016157.
2022-11-10 01:35:39,075 - INFO - Epoch 15/500
2022-11-10 01:35:39,642 - INFO - The train loss is 0.016011. The valid loss is 0.016137.
2022-11-10 01:35:39,642 - INFO - Epoch 16/500
2022-11-10 01:35:40,221 - INFO - The train loss is 0.015774. The valid loss is 0.015668.
2022-11-10 01:35:40,224 - INFO - Epoch 17/500
2022-11-10 01:35:40,791 - INFO - The train loss is 0.015670. The valid loss is 0.015694.
2022-11-10 01:35:40,791 - INFO - Epoch 18/500
2022-11-10 01:35:41,385 - INFO - The train loss is 0.015526. The valid loss is 0.015499.
2022-11-10 01:35:41,387 - INFO - Epoch 19/500
2022-11-10 01:35:41,999 - INFO - The train loss is 0.015829. The valid loss is 0.015898.
2022-11-10 01:35:41,999 - INFO - Epoch 20/500
2022-11-10 01:35:42,577 - INFO - The train loss is 0.015717. The valid loss is 0.016753.
2022-11-10 01:35:42,578 - INFO - Epoch 21/500
2022-11-10 01:35:43,143 - INFO - The train loss is 0.015531. The valid loss is 0.016121.
2022-11-10 01:35:43,143 - INFO - Epoch 22/500
2022-11-10 01:35:43,723 - INFO - The train loss is 0.015477. The valid loss is 0.015897.
2022-11-10 01:35:43,723 - INFO - Epoch 23/500
2022-11-10 01:35:44,306 - INFO - The train loss is 0.015176. The valid loss is 0.015563.
2022-11-10 01:35:44,307 - INFO - Epoch 24/500
2022-11-10 01:35:44,924 - INFO - The train loss is 0.015424. The valid loss is 0.016177.
2022-11-10 01:35:44,924 - INFO - Epoch 25/500
2022-11-10 01:35:45,490 - INFO - The train loss is 0.015409. The valid loss is 0.015419.
2022-11-10 01:35:45,493 - INFO - Epoch 26/500
2022-11-10 01:35:46,073 - INFO - The train loss is 0.015543. The valid loss is 0.015609.
2022-11-10 01:35:46,073 - INFO - Epoch 27/500
2022-11-10 01:35:46,638 - INFO - The train loss is 0.015244. The valid loss is 0.015312.
2022-11-10 01:35:46,641 - INFO - Epoch 28/500
2022-11-10 01:35:47,220 - INFO - The train loss is 0.015082. The valid loss is 0.015607.
2022-11-10 01:35:47,220 - INFO - Epoch 29/500
2022-11-10 01:35:47,842 - INFO - The train loss is 0.015320. The valid loss is 0.015303.
2022-11-10 01:35:47,844 - INFO - Epoch 30/500
2022-11-10 01:35:48,423 - INFO - The train loss is 0.015213. The valid loss is 0.016070.
2022-11-10 01:35:48,424 - INFO - Epoch 31/500
2022-11-10 01:35:48,991 - INFO - The train loss is 0.015071. The valid loss is 0.015572.
2022-11-10 01:35:48,992 - INFO - Epoch 32/500
2022-11-10 01:35:49,574 - INFO - The train loss is 0.014872. The valid loss is 0.015555.
2022-11-10 01:35:49,574 - INFO - Epoch 33/500
2022-11-10 01:35:50,139 - INFO - The train loss is 0.015166. The valid loss is 0.015510.
2022-11-10 01:35:50,140 - INFO - Epoch 34/500
2022-11-10 01:35:50,735 - INFO - The train loss is 0.014816. The valid loss is 0.015442.
2022-11-10 01:35:50,736 - INFO - Epoch 35/500
2022-11-10 01:35:51,341 - INFO - The train loss is 0.014695. The valid loss is 0.015314.
2022-11-10 01:35:51,341 - INFO - Epoch 36/500
2022-11-10 01:35:51,922 - INFO - The train loss is 0.014845. The valid loss is 0.015569.
2022-11-10 01:35:51,922 - INFO - Epoch 37/500
2022-11-10 01:35:52,490 - INFO - The train loss is 0.015218. The valid loss is 0.015432.
2022-11-10 01:35:52,491 - INFO - Epoch 38/500
2022-11-10 01:35:53,068 - INFO - The train loss is 0.014865. The valid loss is 0.015442.
2022-11-10 01:35:53,068 - INFO - Epoch 39/500
2022-11-10 01:35:53,657 - INFO - The train loss is 0.014788. The valid loss is 0.015233.
2022-11-10 01:35:53,660 - INFO - Epoch 40/500
2022-11-10 01:35:54,273 - INFO - The train loss is 0.014622. The valid loss is 0.015137.
2022-11-10 01:35:54,276 - INFO - Epoch 41/500
2022-11-10 01:35:54,858 - INFO - The train loss is 0.014718. The valid loss is 0.015145.
2022-11-10 01:35:54,859 - INFO - Epoch 42/500
2022-11-10 01:35:55,425 - INFO - The train loss is 0.014694. The valid loss is 0.015635.
2022-11-10 01:35:55,425 - INFO - Epoch 43/500
2022-11-10 01:35:56,005 - INFO - The train loss is 0.015063. The valid loss is 0.015139.
2022-11-10 01:35:56,005 - INFO - Epoch 44/500
2022-11-10 01:35:56,589 - INFO - The train loss is 0.014644. The valid loss is 0.015256.
2022-11-10 01:35:56,590 - INFO - Epoch 45/500
2022-11-10 01:35:57,212 - INFO - The train loss is 0.014574. The valid loss is 0.015193.
2022-11-10 01:35:57,213 - INFO - Epoch 46/500
2022-11-10 01:35:57,779 - INFO - The train loss is 0.014440. The valid loss is 0.015091.
2022-11-10 01:35:57,782 - INFO - Epoch 47/500
2022-11-10 01:35:58,364 - INFO - The train loss is 0.014685. The valid loss is 0.015186.
2022-11-10 01:35:58,364 - INFO - Epoch 48/500
2022-11-10 01:35:58,930 - INFO - The train loss is 0.014319. The valid loss is 0.015076.
2022-11-10 01:35:58,932 - INFO - Epoch 49/500
2022-11-10 01:35:59,526 - INFO - The train loss is 0.014337. The valid loss is 0.015047.
2022-11-10 01:35:59,529 - INFO - Epoch 50/500
2022-11-10 01:36:00,140 - INFO - The train loss is 0.014598. The valid loss is 0.015164.
2022-11-10 01:36:00,140 - INFO - Epoch 51/500
2022-11-10 01:36:00,721 - INFO - The train loss is 0.014195. The valid loss is 0.015302.
2022-11-10 01:36:00,722 - INFO - Epoch 52/500
2022-11-10 01:36:01,288 - INFO - The train loss is 0.014125. The valid loss is 0.014838.
2022-11-10 01:36:01,290 - INFO - Epoch 53/500
2022-11-10 01:36:01,887 - INFO - The train loss is 0.014206. The valid loss is 0.014987.
2022-11-10 01:36:01,888 - INFO - Epoch 54/500
2022-11-10 01:36:02,466 - INFO - The train loss is 0.014243. The valid loss is 0.015014.
2022-11-10 01:36:02,467 - INFO - Epoch 55/500
2022-11-10 01:36:03,101 - INFO - The train loss is 0.014164. The valid loss is 0.015011.
2022-11-10 01:36:03,101 - INFO - Epoch 56/500
2022-11-10 01:36:03,668 - INFO - The train loss is 0.014009. The valid loss is 0.014979.
2022-11-10 01:36:03,669 - INFO - Epoch 57/500
2022-11-10 01:36:04,249 - INFO - The train loss is 0.014228. The valid loss is 0.014907.
2022-11-10 01:36:04,249 - INFO - Epoch 58/500
2022-11-10 01:36:04,815 - INFO - The train loss is 0.014069. The valid loss is 0.014913.
2022-11-10 01:36:04,815 - INFO - Epoch 59/500
2022-11-10 01:36:05,409 - INFO - The train loss is 0.013963. The valid loss is 0.014965.
2022-11-10 01:36:05,410 - INFO - Epoch 60/500
2022-11-10 01:36:06,003 - INFO - The train loss is 0.014065. The valid loss is 0.014842.
2022-11-10 01:36:06,003 - INFO - Epoch 61/500
2022-11-10 01:36:06,600 - INFO - The train loss is 0.013963. The valid loss is 0.014906.
2022-11-10 01:36:06,600 - INFO - Epoch 62/500
2022-11-10 01:36:07,166 - INFO - The train loss is 0.014040. The valid loss is 0.014659.
2022-11-10 01:36:07,168 - INFO - Epoch 63/500
2022-11-10 01:36:07,749 - INFO - The train loss is 0.014107. The valid loss is 0.014943.
2022-11-10 01:36:07,749 - INFO - Epoch 64/500
2022-11-10 01:36:08,317 - INFO - The train loss is 0.014074. The valid loss is 0.014758.
2022-11-10 01:36:08,317 - INFO - Epoch 65/500
2022-11-10 01:36:08,909 - INFO - The train loss is 0.013863. The valid loss is 0.014736.
2022-11-10 01:36:08,909 - INFO - Epoch 66/500
2022-11-10 01:36:09,530 - INFO - The train loss is 0.013860. The valid loss is 0.014749.
2022-11-10 01:36:09,530 - INFO - Epoch 67/500
2022-11-10 01:36:10,097 - INFO - The train loss is 0.013874. The valid loss is 0.014681.
2022-11-10 01:36:10,098 - INFO - Epoch 68/500
2022-11-10 01:36:10,684 - INFO - The train loss is 0.013830. The valid loss is 0.014703.
2022-11-10 01:36:10,684 - INFO - Epoch 69/500
2022-11-10 01:36:11,255 - INFO - The train loss is 0.014098. The valid loss is 0.014762.
2022-11-10 01:36:11,255 - INFO - Epoch 70/500
2022-11-10 01:36:11,848 - INFO - The train loss is 0.013618. The valid loss is 0.014759.
2022-11-10 01:36:11,848 - INFO - Epoch 71/500
2022-11-10 01:36:12,462 - INFO - The train loss is 0.013754. The valid loss is 0.014732.
2022-11-10 01:36:12,462 - INFO - Epoch 72/500
2022-11-10 01:36:13,044 - INFO - The train loss is 0.013685. The valid loss is 0.014836.
2022-11-10 01:36:13,044 - INFO - Epoch 73/500
2022-11-10 01:36:13,612 - INFO - The train loss is 0.013593. The valid loss is 0.014600.
2022-11-10 01:36:13,615 - INFO - Epoch 74/500
2022-11-10 01:36:14,196 - INFO - The train loss is 0.013560. The valid loss is 0.014576.
2022-11-10 01:36:14,198 - INFO - Epoch 75/500
2022-11-10 01:36:14,783 - INFO - The train loss is 0.013530. The valid loss is 0.014628.
2022-11-10 01:36:14,784 - INFO - Epoch 76/500
2022-11-10 01:36:15,406 - INFO - The train loss is 0.013723. The valid loss is 0.014592.
2022-11-10 01:36:15,406 - INFO - Epoch 77/500
2022-11-10 01:36:15,972 - INFO - The train loss is 0.013892. The valid loss is 0.014732.
2022-11-10 01:36:15,972 - INFO - Epoch 78/500
2022-11-10 01:36:16,555 - INFO - The train loss is 0.013753. The valid loss is 0.014598.
2022-11-10 01:36:16,555 - INFO - Epoch 79/500
2022-11-10 01:36:17,120 - INFO - The train loss is 0.013660. The valid loss is 0.014565.
2022-11-10 01:36:17,122 - INFO - Epoch 80/500
2022-11-10 01:36:17,715 - INFO - The train loss is 0.013594. The valid loss is 0.014491.
2022-11-10 01:36:17,717 - INFO - Epoch 81/500
2022-11-10 01:36:18,331 - INFO - The train loss is 0.013387. The valid loss is 0.014451.
2022-11-10 01:36:18,333 - INFO - Epoch 82/500
2022-11-10 01:36:18,908 - INFO - The train loss is 0.013555. The valid loss is 0.014446.
2022-11-10 01:36:18,911 - INFO - Epoch 83/500
2022-11-10 01:36:19,481 - INFO - The train loss is 0.013323. The valid loss is 0.014312.
2022-11-10 01:36:19,484 - INFO - Epoch 84/500
2022-11-10 01:36:20,057 - INFO - The train loss is 0.013293. The valid loss is 0.014662.
2022-11-10 01:36:20,058 - INFO - Epoch 85/500
2022-11-10 01:36:20,683 - INFO - The train loss is 0.013426. The valid loss is 0.014605.
2022-11-10 01:36:20,683 - INFO - Epoch 86/500
2022-11-10 01:36:21,248 - INFO - The train loss is 0.013127. The valid loss is 0.014351.
2022-11-10 01:36:21,248 - INFO - Epoch 87/500
2022-11-10 01:36:21,827 - INFO - The train loss is 0.013468. The valid loss is 0.014273.
2022-11-10 01:36:21,829 - INFO - Epoch 88/500
2022-11-10 01:36:22,394 - INFO - The train loss is 0.013254. The valid loss is 0.014349.
2022-11-10 01:36:22,395 - INFO - Epoch 89/500
2022-11-10 01:36:22,976 - INFO - The train loss is 0.013179. The valid loss is 0.014634.
2022-11-10 01:36:22,976 - INFO - Epoch 90/500
2022-11-10 01:36:23,580 - INFO - The train loss is 0.013408. The valid loss is 0.014293.
2022-11-10 01:36:23,580 - INFO - Epoch 91/500
2022-11-10 01:36:24,160 - INFO - The train loss is 0.013405. The valid loss is 0.014862.
2022-11-10 01:36:24,160 - INFO - Epoch 92/500
2022-11-10 01:36:24,726 - INFO - The train loss is 0.013324. The valid loss is 0.014315.
2022-11-10 01:36:24,727 - INFO - Epoch 93/500
2022-11-10 01:36:25,309 - INFO - The train loss is 0.013463. The valid loss is 0.014404.
2022-11-10 01:36:25,309 - INFO - Epoch 94/500
2022-11-10 01:36:25,875 - INFO - The train loss is 0.013279. The valid loss is 0.014611.
2022-11-10 01:36:25,876 - INFO - Epoch 95/500
2022-11-10 01:36:26,456 - INFO - The train loss is 0.013266. The valid loss is 0.014469.
2022-11-10 01:36:26,456 - INFO - Epoch 96/500
2022-11-10 01:36:27,057 - INFO - The train loss is 0.013124. The valid loss is 0.014967.
2022-11-10 01:36:27,057 - INFO - Epoch 97/500
2022-11-10 01:36:27,640 - INFO - The train loss is 0.013059. The valid loss is 0.014311.
2022-11-10 01:36:27,640 - INFO - Epoch 98/500
2022-11-10 01:36:28,206 - INFO - The train loss is 0.013094. The valid loss is 0.014438.
2022-11-10 01:36:28,207 - INFO - Epoch 99/500
2022-11-10 01:36:28,790 - INFO - The train loss is 0.013271. The valid loss is 0.014419.
2022-11-10 01:36:28,791 - INFO - Epoch 100/500
2022-11-10 01:36:29,356 - INFO - The train loss is 0.012956. The valid loss is 0.014232.
2022-11-10 01:36:29,359 - INFO - Epoch 101/500
2022-11-10 01:36:29,994 - INFO - The train loss is 0.012973. The valid loss is 0.014212.
2022-11-10 01:36:29,996 - INFO - Epoch 102/500
2022-11-10 01:36:30,565 - INFO - The train loss is 0.012876. The valid loss is 0.014445.
2022-11-10 01:36:30,565 - INFO - Epoch 103/500
2022-11-10 01:36:31,144 - INFO - The train loss is 0.013209. The valid loss is 0.014236.
2022-11-10 01:36:31,144 - INFO - Epoch 104/500
2022-11-10 01:36:31,714 - INFO - The train loss is 0.013036. The valid loss is 0.014387.
2022-11-10 01:36:31,714 - INFO - Epoch 105/500
2022-11-10 01:36:32,291 - INFO - The train loss is 0.013048. The valid loss is 0.014282.
2022-11-10 01:36:32,292 - INFO - Epoch 106/500
2022-11-10 01:36:32,935 - INFO - The train loss is 0.012745. The valid loss is 0.014554.
2022-11-10 01:36:32,935 - INFO - Epoch 107/500
2022-11-10 01:36:33,501 - INFO - The train loss is 0.013050. The valid loss is 0.014324.
2022-11-10 01:36:33,501 - INFO - Epoch 108/500
2022-11-10 01:36:34,080 - INFO - The train loss is 0.013065. The valid loss is 0.014636.
2022-11-10 01:36:34,080 - INFO - Epoch 109/500
2022-11-10 01:36:34,648 - INFO - The train loss is 0.012791. The valid loss is 0.014304.
2022-11-10 01:36:34,649 - INFO - Epoch 110/500
2022-11-10 01:36:35,229 - INFO - The train loss is 0.012910. The valid loss is 0.014147.
2022-11-10 01:36:35,232 - INFO - Epoch 111/500
2022-11-10 01:36:35,867 - INFO - The train loss is 0.012897. The valid loss is 0.014219.
2022-11-10 01:36:35,868 - INFO - Epoch 112/500
2022-11-10 01:36:36,447 - INFO - The train loss is 0.012901. The valid loss is 0.014578.
2022-11-10 01:36:36,447 - INFO - Epoch 113/500
2022-11-10 01:36:37,013 - INFO - The train loss is 0.012891. The valid loss is 0.014621.
2022-11-10 01:36:37,013 - INFO - Epoch 114/500
2022-11-10 01:36:37,595 - INFO - The train loss is 0.013008. The valid loss is 0.014713.
2022-11-10 01:36:37,595 - INFO - Epoch 115/500
2022-11-10 01:36:38,160 - INFO - The train loss is 0.012889. The valid loss is 0.014401.
2022-11-10 01:36:38,161 - INFO - Epoch 116/500
2022-11-10 01:36:38,749 - INFO - The train loss is 0.012939. The valid loss is 0.014645.
2022-11-10 01:36:38,749 - INFO - Epoch 117/500
2022-11-10 01:36:39,316 - INFO - The train loss is 0.012641. The valid loss is 0.014369.
2022-11-10 01:36:39,317 - INFO - Epoch 118/500
2022-11-10 01:36:39,898 - INFO - The train loss is 0.012629. The valid loss is 0.014963.
2022-11-10 01:36:39,899 - INFO - Epoch 119/500
2022-11-10 01:36:40,472 - INFO - The train loss is 0.012640. The valid loss is 0.014291.
2022-11-10 01:36:40,472 - INFO - Epoch 120/500
2022-11-10 01:36:41,053 - INFO - The train loss is 0.012604. The valid loss is 0.014596.
2022-11-10 01:36:41,054 - INFO - Epoch 121/500
2022-11-10 01:36:41,634 - INFO - The train loss is 0.012652. The valid loss is 0.014829.
2022-11-10 01:36:41,634 - INFO - Epoch 122/500
2022-11-10 01:36:42,257 - INFO - The train loss is 0.012495. The valid loss is 0.014560.
2022-11-10 01:36:42,257 - INFO - Epoch 123/500
2022-11-10 01:36:42,825 - INFO - The train loss is 0.012725. The valid loss is 0.014331.
2022-11-10 01:36:42,825 - INFO - Epoch 124/500
2022-11-10 01:36:43,408 - INFO - The train loss is 0.012693. The valid loss is 0.014370.
2022-11-10 01:36:43,408 - INFO - Epoch 125/500
2022-11-10 01:36:43,976 - INFO - The train loss is 0.012414. The valid loss is 0.014516.
2022-11-10 01:36:43,976 - INFO -  The training stops early in epoch 125
2022-11-10 01:36:44,300 - INFO - The prediction is finish.
2022-11-10 01:36:44,307 - INFO - The mean squared error of stock ['target'] is [0.04503893]
