2022-11-10 02:02:44,812 - INFO - 
Config:
'add_train': False
'batch_size': 64
'continue_flag': ''
'debug_mode': False
'debug_num': 500
'do_continue_train': False
'do_figure_save': True
'do_log_print_to_screen': True
'do_log_save_to_file': True
'do_predict': True
'do_train': True
'do_train_visualized': False
'dropout_rate': 0.2
'epoch': 500
'feature_columns': [3, 4, 5, 6, 7, 8, 9, 10, 11]
'figure_save_path': './DATA/DAY/result/stockBySectorId/61/11_10_02_02_LSTM=3_time_step=5/figure/'
'file_save_path': './DATA/DAY/result/stockBySectorId/61/11_10_02_02_LSTM=3_time_step=5'
'hidden_size': 128
'input_size': 8
'label_columns': [11]
'label_in_feature_index': [8]
'learning_rate': 0.001
'log_save_path': './DATA/DAY/result/stockBySectorId/61/11_10_02_02_LSTM=3_time_step=5/log/'
'logger_name': '2022_11_10_02_02_44_LSTM=3_time_step=5'
'lstm_layers': 3
'model_name': 'model_pytorch.pth'
'model_postfix': {'pytorch': '.pth'
'keras': '.h5'
'tensorflow': '.ckpt'}
'model_save_path': './DATA/DAY/result/stockBySectorId/61/11_10_02_02_LSTM=3_time_step=5/model/'
'output_size': 1
'patience': 15
'predict_day': 1
'random_seed': 42
'record_save_path': './DATA/DAY/result/stockBySectorId/61/11_10_02_02_LSTM=3_time_step=5/record/'
'shuffle_train_data': True
'time_step': 5
'train_data_path': './DATA/DAY/origin/中证会2016标准不同板块选股/61.csv'
'train_data_rate': 0.95
'use_cuda': False
'used_frame': 'pytorch'
'valid_data_rate': 0.15
2022-11-10 02:02:44,828 - INFO - Epoch 0/500
2022-11-10 02:02:45,417 - INFO - The train loss is 0.427370. The valid loss is 0.103888.
2022-11-10 02:02:45,419 - INFO - Epoch 1/500
2022-11-10 02:02:45,984 - INFO - The train loss is 0.049023. The valid loss is 0.026455.
2022-11-10 02:02:45,986 - INFO - Epoch 2/500
2022-11-10 02:02:46,624 - INFO - The train loss is 0.024784. The valid loss is 0.015694.
2022-11-10 02:02:46,626 - INFO - Epoch 3/500
2022-11-10 02:02:47,193 - INFO - The train loss is 0.020018. The valid loss is 0.013867.
2022-11-10 02:02:47,195 - INFO - Epoch 4/500
2022-11-10 02:02:47,774 - INFO - The train loss is 0.018447. The valid loss is 0.013338.
2022-11-10 02:02:47,776 - INFO - Epoch 5/500
2022-11-10 02:02:48,344 - INFO - The train loss is 0.017861. The valid loss is 0.015080.
2022-11-10 02:02:48,344 - INFO - Epoch 6/500
2022-11-10 02:02:48,923 - INFO - The train loss is 0.017167. The valid loss is 0.011428.
2022-11-10 02:02:48,925 - INFO - Epoch 7/500
2022-11-10 02:02:49,554 - INFO - The train loss is 0.015479. The valid loss is 0.011394.
2022-11-10 02:02:49,556 - INFO - Epoch 8/500
2022-11-10 02:02:50,137 - INFO - The train loss is 0.015515. The valid loss is 0.011724.
2022-11-10 02:02:50,138 - INFO - Epoch 9/500
2022-11-10 02:02:50,703 - INFO - The train loss is 0.015221. The valid loss is 0.012955.
2022-11-10 02:02:50,704 - INFO - Epoch 10/500
2022-11-10 02:02:51,284 - INFO - The train loss is 0.015232. The valid loss is 0.011809.
2022-11-10 02:02:51,285 - INFO - Epoch 11/500
2022-11-10 02:02:51,851 - INFO - The train loss is 0.015308. The valid loss is 0.012330.
2022-11-10 02:02:51,851 - INFO - Epoch 12/500
2022-11-10 02:02:52,498 - INFO - The train loss is 0.015812. The valid loss is 0.011677.
2022-11-10 02:02:52,498 - INFO - Epoch 13/500
2022-11-10 02:02:53,065 - INFO - The train loss is 0.014785. The valid loss is 0.010888.
2022-11-10 02:02:53,067 - INFO - Epoch 14/500
2022-11-10 02:02:53,646 - INFO - The train loss is 0.015229. The valid loss is 0.011597.
2022-11-10 02:02:53,646 - INFO - Epoch 15/500
2022-11-10 02:02:54,212 - INFO - The train loss is 0.014827. The valid loss is 0.011867.
2022-11-10 02:02:54,213 - INFO - Epoch 16/500
2022-11-10 02:02:54,792 - INFO - The train loss is 0.014877. The valid loss is 0.011917.
2022-11-10 02:02:54,793 - INFO - Epoch 17/500
2022-11-10 02:02:55,414 - INFO - The train loss is 0.015364. The valid loss is 0.010520.
2022-11-10 02:02:55,416 - INFO - Epoch 18/500
2022-11-10 02:02:55,997 - INFO - The train loss is 0.014600. The valid loss is 0.011041.
2022-11-10 02:02:55,997 - INFO - Epoch 19/500
2022-11-10 02:02:56,562 - INFO - The train loss is 0.014503. The valid loss is 0.011559.
2022-11-10 02:02:56,562 - INFO - Epoch 20/500
2022-11-10 02:02:57,142 - INFO - The train loss is 0.014717. The valid loss is 0.011144.
2022-11-10 02:02:57,143 - INFO - Epoch 21/500
2022-11-10 02:02:57,708 - INFO - The train loss is 0.014644. The valid loss is 0.011347.
2022-11-10 02:02:57,709 - INFO - Epoch 22/500
2022-11-10 02:02:58,301 - INFO - The train loss is 0.014705. The valid loss is 0.010773.
2022-11-10 02:02:58,302 - INFO - Epoch 23/500
2022-11-10 02:02:58,889 - INFO - The train loss is 0.014135. The valid loss is 0.010693.
2022-11-10 02:02:58,889 - INFO - Epoch 24/500
2022-11-10 02:02:59,470 - INFO - The train loss is 0.014244. The valid loss is 0.010782.
2022-11-10 02:02:59,470 - INFO - Epoch 25/500
2022-11-10 02:03:00,045 - INFO - The train loss is 0.013915. The valid loss is 0.011361.
2022-11-10 02:03:00,045 - INFO - Epoch 26/500
2022-11-10 02:03:00,621 - INFO - The train loss is 0.014223. The valid loss is 0.010468.
2022-11-10 02:03:00,623 - INFO - Epoch 27/500
2022-11-10 02:03:01,199 - INFO - The train loss is 0.013626. The valid loss is 0.010672.
2022-11-10 02:03:01,200 - INFO - Epoch 28/500
2022-11-10 02:03:01,820 - INFO - The train loss is 0.013819. The valid loss is 0.012336.
2022-11-10 02:03:01,820 - INFO - Epoch 29/500
2022-11-10 02:03:02,402 - INFO - The train loss is 0.014377. The valid loss is 0.012047.
2022-11-10 02:03:02,402 - INFO - Epoch 30/500
2022-11-10 02:03:02,969 - INFO - The train loss is 0.013896. The valid loss is 0.010695.
2022-11-10 02:03:02,969 - INFO - Epoch 31/500
2022-11-10 02:03:03,548 - INFO - The train loss is 0.013967. The valid loss is 0.010638.
2022-11-10 02:03:03,549 - INFO - Epoch 32/500
2022-11-10 02:03:04,116 - INFO - The train loss is 0.013868. The valid loss is 0.011573.
2022-11-10 02:03:04,117 - INFO - Epoch 33/500
2022-11-10 02:03:04,755 - INFO - The train loss is 0.014272. The valid loss is 0.011042.
2022-11-10 02:03:04,756 - INFO - Epoch 34/500
2022-11-10 02:03:05,322 - INFO - The train loss is 0.013659. The valid loss is 0.010893.
2022-11-10 02:03:05,323 - INFO - Epoch 35/500
2022-11-10 02:03:05,901 - INFO - The train loss is 0.014134. The valid loss is 0.010854.
2022-11-10 02:03:05,902 - INFO - Epoch 36/500
2022-11-10 02:03:06,468 - INFO - The train loss is 0.013806. The valid loss is 0.012178.
2022-11-10 02:03:06,469 - INFO - Epoch 37/500
2022-11-10 02:03:07,048 - INFO - The train loss is 0.013896. The valid loss is 0.010879.
2022-11-10 02:03:07,048 - INFO - Epoch 38/500
2022-11-10 02:03:07,674 - INFO - The train loss is 0.013185. The valid loss is 0.010727.
2022-11-10 02:03:07,674 - INFO - Epoch 39/500
2022-11-10 02:03:08,259 - INFO - The train loss is 0.013523. The valid loss is 0.010713.
2022-11-10 02:03:08,259 - INFO - Epoch 40/500
2022-11-10 02:03:08,826 - INFO - The train loss is 0.013572. The valid loss is 0.011068.
2022-11-10 02:03:08,826 - INFO - Epoch 41/500
2022-11-10 02:03:09,406 - INFO - The train loss is 0.013202. The valid loss is 0.011147.
2022-11-10 02:03:09,406 - INFO -  The training stops early in epoch 41
2022-11-10 02:03:09,726 - INFO - The prediction is finish.
2022-11-10 02:03:09,733 - INFO - The mean squared error of stock ['target'] is [0.00563951]
