2022-11-09 23:42:28,524 - INFO - 
Config:
'add_train': False
'batch_size': 64
'continue_flag': ''
'debug_mode': False
'debug_num': 500
'do_continue_train': False
'do_figure_save': True
'do_log_print_to_screen': True
'do_log_save_to_file': True
'do_predict': True
'do_train': True
'do_train_visualized': False
'dropout_rate': 0.2
'epoch': 500
'feature_columns': [3, 4, 5, 6, 7, 8, 9, 10, 11]
'figure_save_path': './DATA/DAY/result/stockBySectorId/41/11_09_23_42_LSTM=3_time_step=5/figure/'
'file_save_path': './DATA/DAY/result/stockBySectorId/41/11_09_23_42_LSTM=3_time_step=5'
'hidden_size': 128
'input_size': 8
'label_columns': [11]
'label_in_feature_index': [8]
'learning_rate': 0.001
'log_save_path': './DATA/DAY/result/stockBySectorId/41/11_09_23_42_LSTM=3_time_step=5/log/'
'logger_name': '2022_11_09_23_42_28_LSTM=3_time_step=5'
'lstm_layers': 3
'model_name': 'model_pytorch.pth'
'model_postfix': {'pytorch': '.pth'
'keras': '.h5'
'tensorflow': '.ckpt'}
'model_save_path': './DATA/DAY/result/stockBySectorId/41/11_09_23_42_LSTM=3_time_step=5/model/'
'output_size': 1
'patience': 15
'predict_day': 1
'random_seed': 42
'record_save_path': './DATA/DAY/result/stockBySectorId/41/11_09_23_42_LSTM=3_time_step=5/record/'
'shuffle_train_data': True
'time_step': 5
'train_data_path': './DATA/DAY/origin/中证会2016标准不同板块选股/41.csv'
'train_data_rate': 0.95
'use_cuda': False
'used_frame': 'pytorch'
'valid_data_rate': 0.15
2022-11-09 23:42:28,541 - INFO - Epoch 0/500
2022-11-09 23:42:29,145 - INFO - The train loss is 0.408455. The valid loss is 0.087741.
2022-11-09 23:42:29,147 - INFO - Epoch 1/500
2022-11-09 23:42:29,711 - INFO - The train loss is 0.048574. The valid loss is 0.028140.
2022-11-09 23:42:29,714 - INFO - Epoch 2/500
2022-11-09 23:42:30,309 - INFO - The train loss is 0.027511. The valid loss is 0.019525.
2022-11-09 23:42:30,311 - INFO - Epoch 3/500
2022-11-09 23:42:30,923 - INFO - The train loss is 0.025061. The valid loss is 0.018309.
2022-11-09 23:42:30,925 - INFO - Epoch 4/500
2022-11-09 23:42:31,506 - INFO - The train loss is 0.023452. The valid loss is 0.018062.
2022-11-09 23:42:31,509 - INFO - Epoch 5/500
2022-11-09 23:42:32,075 - INFO - The train loss is 0.023037. The valid loss is 0.017839.
2022-11-09 23:42:32,077 - INFO - Epoch 6/500
2022-11-09 23:42:32,654 - INFO - The train loss is 0.021701. The valid loss is 0.016464.
2022-11-09 23:42:32,656 - INFO - Epoch 7/500
2022-11-09 23:42:33,238 - INFO - The train loss is 0.022016. The valid loss is 0.016137.
2022-11-09 23:42:33,241 - INFO - Epoch 8/500
2022-11-09 23:42:33,860 - INFO - The train loss is 0.021486. The valid loss is 0.016065.
2022-11-09 23:42:33,862 - INFO - Epoch 9/500
2022-11-09 23:42:34,427 - INFO - The train loss is 0.021445. The valid loss is 0.015822.
2022-11-09 23:42:34,429 - INFO - Epoch 10/500
2022-11-09 23:42:35,006 - INFO - The train loss is 0.020938. The valid loss is 0.016064.
2022-11-09 23:42:35,007 - INFO - Epoch 11/500
2022-11-09 23:42:35,572 - INFO - The train loss is 0.020468. The valid loss is 0.015790.
2022-11-09 23:42:35,574 - INFO - Epoch 12/500
2022-11-09 23:42:36,161 - INFO - The train loss is 0.020489. The valid loss is 0.015787.
2022-11-09 23:42:36,164 - INFO - Epoch 13/500
2022-11-09 23:42:36,767 - INFO - The train loss is 0.020712. The valid loss is 0.016244.
2022-11-09 23:42:36,768 - INFO - Epoch 14/500
2022-11-09 23:42:37,346 - INFO - The train loss is 0.020065. The valid loss is 0.016029.
2022-11-09 23:42:37,346 - INFO - Epoch 15/500
2022-11-09 23:42:37,927 - INFO - The train loss is 0.020718. The valid loss is 0.015278.
2022-11-09 23:42:37,930 - INFO - Epoch 16/500
2022-11-09 23:42:38,509 - INFO - The train loss is 0.020691. The valid loss is 0.015332.
2022-11-09 23:42:38,510 - INFO - Epoch 17/500
2022-11-09 23:42:39,086 - INFO - The train loss is 0.020633. The valid loss is 0.015625.
2022-11-09 23:42:39,087 - INFO - Epoch 18/500
2022-11-09 23:42:39,712 - INFO - The train loss is 0.019948. The valid loss is 0.015474.
2022-11-09 23:42:39,713 - INFO - Epoch 19/500
2022-11-09 23:42:40,279 - INFO - The train loss is 0.020322. The valid loss is 0.015399.
2022-11-09 23:42:40,279 - INFO - Epoch 20/500
2022-11-09 23:42:40,859 - INFO - The train loss is 0.020328. The valid loss is 0.015043.
2022-11-09 23:42:40,861 - INFO - Epoch 21/500
2022-11-09 23:42:41,428 - INFO - The train loss is 0.019878. The valid loss is 0.015090.
2022-11-09 23:42:41,428 - INFO - Epoch 22/500
2022-11-09 23:42:42,008 - INFO - The train loss is 0.020280. The valid loss is 0.015037.
2022-11-09 23:42:42,010 - INFO - Epoch 23/500
2022-11-09 23:42:42,595 - INFO - The train loss is 0.020182. The valid loss is 0.014888.
2022-11-09 23:42:42,598 - INFO - Epoch 24/500
2022-11-09 23:42:43,189 - INFO - The train loss is 0.020245. The valid loss is 0.015002.
2022-11-09 23:42:43,189 - INFO - Epoch 25/500
2022-11-09 23:42:43,765 - INFO - The train loss is 0.020185. The valid loss is 0.016100.
2022-11-09 23:42:43,765 - INFO - Epoch 26/500
2022-11-09 23:42:44,336 - INFO - The train loss is 0.019652. The valid loss is 0.015430.
2022-11-09 23:42:44,337 - INFO - Epoch 27/500
2022-11-09 23:42:44,913 - INFO - The train loss is 0.019757. The valid loss is 0.014983.
2022-11-09 23:42:44,913 - INFO - Epoch 28/500
2022-11-09 23:42:45,502 - INFO - The train loss is 0.019929. The valid loss is 0.016106.
2022-11-09 23:42:45,502 - INFO - Epoch 29/500
2022-11-09 23:42:46,126 - INFO - The train loss is 0.019898. The valid loss is 0.015217.
2022-11-09 23:42:46,126 - INFO - Epoch 30/500
2022-11-09 23:42:46,693 - INFO - The train loss is 0.020054. The valid loss is 0.014928.
2022-11-09 23:42:46,693 - INFO - Epoch 31/500
2022-11-09 23:42:47,271 - INFO - The train loss is 0.019402. The valid loss is 0.015029.
2022-11-09 23:42:47,271 - INFO - Epoch 32/500
2022-11-09 23:42:47,836 - INFO - The train loss is 0.019304. The valid loss is 0.014837.
2022-11-09 23:42:47,838 - INFO - Epoch 33/500
2022-11-09 23:42:48,435 - INFO - The train loss is 0.020121. The valid loss is 0.015468.
2022-11-09 23:42:48,435 - INFO - Epoch 34/500
2022-11-09 23:42:49,042 - INFO - The train loss is 0.020045. The valid loss is 0.015022.
2022-11-09 23:42:49,042 - INFO - Epoch 35/500
2022-11-09 23:42:49,623 - INFO - The train loss is 0.019398. The valid loss is 0.015376.
2022-11-09 23:42:49,624 - INFO - Epoch 36/500
2022-11-09 23:42:50,189 - INFO - The train loss is 0.020061. The valid loss is 0.014857.
2022-11-09 23:42:50,189 - INFO - Epoch 37/500
2022-11-09 23:42:50,769 - INFO - The train loss is 0.019331. The valid loss is 0.015215.
2022-11-09 23:42:50,769 - INFO - Epoch 38/500
2022-11-09 23:42:51,382 - INFO - The train loss is 0.019417. The valid loss is 0.015345.
2022-11-09 23:42:51,382 - INFO - Epoch 39/500
2022-11-09 23:42:51,963 - INFO - The train loss is 0.019239. The valid loss is 0.015522.
2022-11-09 23:42:51,964 - INFO - Epoch 40/500
2022-11-09 23:42:52,529 - INFO - The train loss is 0.019266. The valid loss is 0.015164.
2022-11-09 23:42:52,529 - INFO - Epoch 41/500
2022-11-09 23:42:53,109 - INFO - The train loss is 0.019570. The valid loss is 0.014798.
2022-11-09 23:42:53,111 - INFO - Epoch 42/500
2022-11-09 23:42:53,676 - INFO - The train loss is 0.019340. The valid loss is 0.014689.
2022-11-09 23:42:53,679 - INFO - Epoch 43/500
2022-11-09 23:42:54,318 - INFO - The train loss is 0.019551. The valid loss is 0.014708.
2022-11-09 23:42:54,318 - INFO - Epoch 44/500
2022-11-09 23:42:54,881 - INFO - The train loss is 0.019236. The valid loss is 0.014873.
2022-11-09 23:42:54,882 - INFO - Epoch 45/500
2022-11-09 23:42:55,460 - INFO - The train loss is 0.019689. The valid loss is 0.014882.
2022-11-09 23:42:55,460 - INFO - Epoch 46/500
2022-11-09 23:42:56,028 - INFO - The train loss is 0.019370. The valid loss is 0.014925.
2022-11-09 23:42:56,028 - INFO - Epoch 47/500
2022-11-09 23:42:56,606 - INFO - The train loss is 0.019936. The valid loss is 0.015299.
2022-11-09 23:42:56,606 - INFO - Epoch 48/500
2022-11-09 23:42:57,187 - INFO - The train loss is 0.018933. The valid loss is 0.014668.
2022-11-09 23:42:57,189 - INFO - Epoch 49/500
2022-11-09 23:42:57,797 - INFO - The train loss is 0.019333. The valid loss is 0.015059.
2022-11-09 23:42:57,797 - INFO - Epoch 50/500
2022-11-09 23:42:58,362 - INFO - The train loss is 0.019182. The valid loss is 0.015109.
2022-11-09 23:42:58,362 - INFO - Epoch 51/500
2022-11-09 23:42:58,943 - INFO - The train loss is 0.018924. The valid loss is 0.016258.
2022-11-09 23:42:58,943 - INFO - Epoch 52/500
2022-11-09 23:42:59,509 - INFO - The train loss is 0.019790. The valid loss is 0.014906.
2022-11-09 23:42:59,509 - INFO - Epoch 53/500
2022-11-09 23:43:00,088 - INFO - The train loss is 0.019055. The valid loss is 0.015063.
2022-11-09 23:43:00,089 - INFO - Epoch 54/500
2022-11-09 23:43:00,692 - INFO - The train loss is 0.019677. The valid loss is 0.015179.
2022-11-09 23:43:00,692 - INFO - Epoch 55/500
2022-11-09 23:43:01,271 - INFO - The train loss is 0.019353. The valid loss is 0.015055.
2022-11-09 23:43:01,271 - INFO - Epoch 56/500
2022-11-09 23:43:01,835 - INFO - The train loss is 0.018880. The valid loss is 0.015150.
2022-11-09 23:43:01,836 - INFO - Epoch 57/500
2022-11-09 23:43:02,415 - INFO - The train loss is 0.018875. The valid loss is 0.015104.
2022-11-09 23:43:02,416 - INFO - Epoch 58/500
2022-11-09 23:43:02,984 - INFO - The train loss is 0.018773. The valid loss is 0.015234.
2022-11-09 23:43:02,984 - INFO - Epoch 59/500
2022-11-09 23:43:03,621 - INFO - The train loss is 0.018739. The valid loss is 0.014733.
2022-11-09 23:43:03,621 - INFO - Epoch 60/500
2022-11-09 23:43:04,196 - INFO - The train loss is 0.018755. The valid loss is 0.015303.
2022-11-09 23:43:04,197 - INFO - Epoch 61/500
2022-11-09 23:43:04,767 - INFO - The train loss is 0.019064. The valid loss is 0.015637.
2022-11-09 23:43:04,767 - INFO - Epoch 62/500
2022-11-09 23:43:05,355 - INFO - The train loss is 0.018851. The valid loss is 0.015136.
2022-11-09 23:43:05,356 - INFO - Epoch 63/500
2022-11-09 23:43:05,921 - INFO - The train loss is 0.018992. The valid loss is 0.015181.
2022-11-09 23:43:05,921 - INFO -  The training stops early in epoch 63
2022-11-09 23:43:06,267 - INFO - The prediction is finish.
2022-11-09 23:43:06,274 - INFO - The mean squared error of stock ['target'] is [0.01278246]
