2022-11-09 11:31:15,225 - INFO - 
Config:
'add_train': False
'batch_size': 64
'continue_flag': ''
'debug_mode': False
'debug_num': 500
'do_continue_train': False
'do_figure_save': True
'do_log_print_to_screen': True
'do_log_save_to_file': True
'do_predict': True
'do_train': True
'do_train_visualized': False
'dropout_rate': 0.2
'epoch': 500
'feature_columns': [3, 4, 5, 6, 7, 8, 9, 10, 11]
'figure_save_path': './DATA/DAY/result/stockBySectorId/12/11_09_11_31_LSTM=3_time_step=5/figure/'
'file_save_path': './DATA/DAY/result/stockBySectorId/12/11_09_11_31_LSTM=3_time_step=5'
'hidden_size': 128
'input_size': 8
'label_columns': [11]
'label_in_feature_index': [8]
'learning_rate': 0.001
'log_save_path': './DATA/DAY/result/stockBySectorId/12/11_09_11_31_LSTM=3_time_step=5/log/'
'logger_name': '2022_11_09_11_31_15_LSTM=3_time_step=5'
'lstm_layers': 3
'model_name': 'model_pytorch.pth'
'model_postfix': {'pytorch': '.pth'
'keras': '.h5'
'tensorflow': '.ckpt'}
'model_save_path': './DATA/DAY/result/stockBySectorId/12/11_09_11_31_LSTM=3_time_step=5/model/'
'output_size': 1
'patience': 15
'predict_day': 1
'random_seed': 42
'record_save_path': './DATA/DAY/result/stockBySectorId/12/11_09_11_31_LSTM=3_time_step=5/record/'
'shuffle_train_data': True
'time_step': 5
'train_data_path': './DATA/DAY/origin/中证会2016标准不同板块选股/12.csv'
'train_data_rate': 0.95
'use_cuda': False
'used_frame': 'pytorch'
'valid_data_rate': 0.15
2022-11-09 11:31:15,241 - INFO - Epoch 0/500
2022-11-09 11:31:15,842 - INFO - The train loss is 0.422963. The valid loss is 0.111307.
2022-11-09 11:31:15,844 - INFO - Epoch 1/500
2022-11-09 11:31:16,412 - INFO - The train loss is 0.053870. The valid loss is 0.029045.
2022-11-09 11:31:16,414 - INFO - Epoch 2/500
2022-11-09 11:31:16,998 - INFO - The train loss is 0.030383. The valid loss is 0.020251.
2022-11-09 11:31:17,000 - INFO - Epoch 3/500
2022-11-09 11:31:17,569 - INFO - The train loss is 0.025684. The valid loss is 0.018834.
2022-11-09 11:31:17,571 - INFO - Epoch 4/500
2022-11-09 11:31:18,206 - INFO - The train loss is 0.024224. The valid loss is 0.016404.
2022-11-09 11:31:18,209 - INFO - Epoch 5/500
2022-11-09 11:31:18,781 - INFO - The train loss is 0.021133. The valid loss is 0.015502.
2022-11-09 11:31:18,783 - INFO - Epoch 6/500
2022-11-09 11:31:19,363 - INFO - The train loss is 0.020905. The valid loss is 0.014430.
2022-11-09 11:31:19,366 - INFO - Epoch 7/500
2022-11-09 11:31:19,941 - INFO - The train loss is 0.020760. The valid loss is 0.015236.
2022-11-09 11:31:19,941 - INFO - Epoch 8/500
2022-11-09 11:31:20,517 - INFO - The train loss is 0.020009. The valid loss is 0.014342.
2022-11-09 11:31:20,519 - INFO - Epoch 9/500
2022-11-09 11:31:21,148 - INFO - The train loss is 0.021111. The valid loss is 0.017324.
2022-11-09 11:31:21,148 - INFO - Epoch 10/500
2022-11-09 11:31:21,718 - INFO - The train loss is 0.020577. The valid loss is 0.014116.
2022-11-09 11:31:21,720 - INFO - Epoch 11/500
2022-11-09 11:31:22,302 - INFO - The train loss is 0.019875. The valid loss is 0.014068.
2022-11-09 11:31:22,305 - INFO - Epoch 12/500
2022-11-09 11:31:22,875 - INFO - The train loss is 0.019969. The valid loss is 0.013808.
2022-11-09 11:31:22,877 - INFO - Epoch 13/500
2022-11-09 11:31:23,462 - INFO - The train loss is 0.019186. The valid loss is 0.015493.
2022-11-09 11:31:23,462 - INFO - Epoch 14/500
2022-11-09 11:31:24,062 - INFO - The train loss is 0.019479. The valid loss is 0.013943.
2022-11-09 11:31:24,063 - INFO - Epoch 15/500
2022-11-09 11:31:24,666 - INFO - The train loss is 0.019503. The valid loss is 0.014692.
2022-11-09 11:31:24,666 - INFO - Epoch 16/500
2022-11-09 11:31:25,233 - INFO - The train loss is 0.019712. The valid loss is 0.015457.
2022-11-09 11:31:25,234 - INFO - Epoch 17/500
2022-11-09 11:31:25,814 - INFO - The train loss is 0.019446. The valid loss is 0.014665.
2022-11-09 11:31:25,815 - INFO - Epoch 18/500
2022-11-09 11:31:26,384 - INFO - The train loss is 0.019318. The valid loss is 0.014650.
2022-11-09 11:31:26,384 - INFO - Epoch 19/500
2022-11-09 11:31:26,979 - INFO - The train loss is 0.019349. The valid loss is 0.014591.
2022-11-09 11:31:26,980 - INFO - Epoch 20/500
2022-11-09 11:31:27,596 - INFO - The train loss is 0.019154. The valid loss is 0.013958.
2022-11-09 11:31:27,596 - INFO - Epoch 21/500
2022-11-09 11:31:28,179 - INFO - The train loss is 0.018820. The valid loss is 0.014084.
2022-11-09 11:31:28,179 - INFO - Epoch 22/500
2022-11-09 11:31:28,747 - INFO - The train loss is 0.019101. The valid loss is 0.013787.
2022-11-09 11:31:28,749 - INFO - Epoch 23/500
2022-11-09 11:31:29,331 - INFO - The train loss is 0.019065. The valid loss is 0.014807.
2022-11-09 11:31:29,331 - INFO - Epoch 24/500
2022-11-09 11:31:29,919 - INFO - The train loss is 0.018678. The valid loss is 0.014086.
2022-11-09 11:31:29,919 - INFO - Epoch 25/500
2022-11-09 11:31:30,529 - INFO - The train loss is 0.019188. The valid loss is 0.014962.
2022-11-09 11:31:30,529 - INFO - Epoch 26/500
2022-11-09 11:31:31,113 - INFO - The train loss is 0.018689. The valid loss is 0.013193.
2022-11-09 11:31:31,115 - INFO - Epoch 27/500
2022-11-09 11:31:31,685 - INFO - The train loss is 0.019168. The valid loss is 0.014758.
2022-11-09 11:31:31,685 - INFO - Epoch 28/500
2022-11-09 11:31:32,265 - INFO - The train loss is 0.018492. The valid loss is 0.014397.
2022-11-09 11:31:32,266 - INFO - Epoch 29/500
2022-11-09 11:31:32,834 - INFO - The train loss is 0.018705. The valid loss is 0.014033.
2022-11-09 11:31:32,835 - INFO - Epoch 30/500
2022-11-09 11:31:33,464 - INFO - The train loss is 0.019136. The valid loss is 0.013612.
2022-11-09 11:31:33,464 - INFO - Epoch 31/500
2022-11-09 11:31:34,034 - INFO - The train loss is 0.018297. The valid loss is 0.013353.
2022-11-09 11:31:34,035 - INFO - Epoch 32/500
2022-11-09 11:31:34,618 - INFO - The train loss is 0.018842. The valid loss is 0.014341.
2022-11-09 11:31:34,618 - INFO - Epoch 33/500
2022-11-09 11:31:35,188 - INFO - The train loss is 0.018585. The valid loss is 0.013816.
2022-11-09 11:31:35,188 - INFO - Epoch 34/500
2022-11-09 11:31:35,770 - INFO - The train loss is 0.018853. The valid loss is 0.013131.
2022-11-09 11:31:35,772 - INFO - Epoch 35/500
2022-11-09 11:31:36,392 - INFO - The train loss is 0.018286. The valid loss is 0.013253.
2022-11-09 11:31:36,392 - INFO - Epoch 36/500
2022-11-09 11:31:36,976 - INFO - The train loss is 0.018669. The valid loss is 0.013368.
2022-11-09 11:31:36,977 - INFO - Epoch 37/500
2022-11-09 11:31:37,544 - INFO - The train loss is 0.018381. The valid loss is 0.013140.
2022-11-09 11:31:37,544 - INFO - Epoch 38/500
2022-11-09 11:31:38,132 - INFO - The train loss is 0.018343. The valid loss is 0.013669.
2022-11-09 11:31:38,132 - INFO - Epoch 39/500
2022-11-09 11:31:38,700 - INFO - The train loss is 0.018715. The valid loss is 0.013263.
2022-11-09 11:31:38,700 - INFO - Epoch 40/500
2022-11-09 11:31:39,332 - INFO - The train loss is 0.017990. The valid loss is 0.013240.
2022-11-09 11:31:39,332 - INFO - Epoch 41/500
2022-11-09 11:31:39,900 - INFO - The train loss is 0.018836. The valid loss is 0.013470.
2022-11-09 11:31:39,901 - INFO - Epoch 42/500
2022-11-09 11:31:40,484 - INFO - The train loss is 0.017582. The valid loss is 0.013733.
2022-11-09 11:31:40,484 - INFO - Epoch 43/500
2022-11-09 11:31:41,055 - INFO - The train loss is 0.018985. The valid loss is 0.013621.
2022-11-09 11:31:41,055 - INFO - Epoch 44/500
2022-11-09 11:31:41,637 - INFO - The train loss is 0.018293. The valid loss is 0.013269.
2022-11-09 11:31:41,638 - INFO - Epoch 45/500
2022-11-09 11:31:42,252 - INFO - The train loss is 0.017991. The valid loss is 0.014412.
2022-11-09 11:31:42,252 - INFO - Epoch 46/500
2022-11-09 11:31:42,822 - INFO - The train loss is 0.018103. The valid loss is 0.012996.
2022-11-09 11:31:42,824 - INFO - Epoch 47/500
2022-11-09 11:31:43,407 - INFO - The train loss is 0.017309. The valid loss is 0.013290.
2022-11-09 11:31:43,407 - INFO - Epoch 48/500
2022-11-09 11:31:43,974 - INFO - The train loss is 0.018081. The valid loss is 0.013126.
2022-11-09 11:31:43,974 - INFO - Epoch 49/500
2022-11-09 11:31:44,555 - INFO - The train loss is 0.018439. The valid loss is 0.013143.
2022-11-09 11:31:44,555 - INFO - Epoch 50/500
2022-11-09 11:31:45,132 - INFO - The train loss is 0.018653. The valid loss is 0.013695.
2022-11-09 11:31:45,132 - INFO - Epoch 51/500
2022-11-09 11:31:45,753 - INFO - The train loss is 0.018114. The valid loss is 0.013227.
2022-11-09 11:31:45,753 - INFO - Epoch 52/500
2022-11-09 11:31:46,322 - INFO - The train loss is 0.017788. The valid loss is 0.013831.
2022-11-09 11:31:46,322 - INFO - Epoch 53/500
2022-11-09 11:31:46,905 - INFO - The train loss is 0.017652. The valid loss is 0.013410.
2022-11-09 11:31:46,905 - INFO - Epoch 54/500
2022-11-09 11:31:47,474 - INFO - The train loss is 0.018042. The valid loss is 0.013283.
2022-11-09 11:31:47,474 - INFO - Epoch 55/500
2022-11-09 11:31:48,066 - INFO - The train loss is 0.017862. The valid loss is 0.013758.
2022-11-09 11:31:48,067 - INFO - Epoch 56/500
2022-11-09 11:31:48,674 - INFO - The train loss is 0.017771. The valid loss is 0.013570.
2022-11-09 11:31:48,674 - INFO - Epoch 57/500
2022-11-09 11:31:49,271 - INFO - The train loss is 0.017503. The valid loss is 0.013041.
2022-11-09 11:31:49,271 - INFO - Epoch 58/500
2022-11-09 11:31:49,840 - INFO - The train loss is 0.017572. The valid loss is 0.013201.
2022-11-09 11:31:49,840 - INFO - Epoch 59/500
2022-11-09 11:31:50,423 - INFO - The train loss is 0.018449. The valid loss is 0.013475.
2022-11-09 11:31:50,424 - INFO - Epoch 60/500
2022-11-09 11:31:51,004 - INFO - The train loss is 0.017642. The valid loss is 0.013423.
2022-11-09 11:31:51,005 - INFO - Epoch 61/500
2022-11-09 11:31:51,625 - INFO - The train loss is 0.016995. The valid loss is 0.012945.
2022-11-09 11:31:51,628 - INFO - Epoch 62/500
2022-11-09 11:31:52,197 - INFO - The train loss is 0.017639. The valid loss is 0.013784.
2022-11-09 11:31:52,197 - INFO - Epoch 63/500
2022-11-09 11:31:52,782 - INFO - The train loss is 0.017575. The valid loss is 0.013500.
2022-11-09 11:31:52,782 - INFO - Epoch 64/500
2022-11-09 11:31:53,351 - INFO - The train loss is 0.017235. The valid loss is 0.013688.
2022-11-09 11:31:53,352 - INFO - Epoch 65/500
2022-11-09 11:31:53,944 - INFO - The train loss is 0.017253. The valid loss is 0.012828.
2022-11-09 11:31:53,947 - INFO - Epoch 66/500
2022-11-09 11:31:54,556 - INFO - The train loss is 0.017232. The valid loss is 0.013105.
2022-11-09 11:31:54,557 - INFO - Epoch 67/500
2022-11-09 11:31:55,140 - INFO - The train loss is 0.017197. The valid loss is 0.012795.
2022-11-09 11:31:55,142 - INFO - Epoch 68/500
2022-11-09 11:31:55,710 - INFO - The train loss is 0.016940. The valid loss is 0.012617.
2022-11-09 11:31:55,712 - INFO - Epoch 69/500
2022-11-09 11:31:56,295 - INFO - The train loss is 0.017229. The valid loss is 0.012712.
2022-11-09 11:31:56,295 - INFO - Epoch 70/500
2022-11-09 11:31:56,865 - INFO - The train loss is 0.017086. The valid loss is 0.013136.
2022-11-09 11:31:56,865 - INFO - Epoch 71/500
2022-11-09 11:31:57,496 - INFO - The train loss is 0.017404. The valid loss is 0.013035.
2022-11-09 11:31:57,496 - INFO - Epoch 72/500
2022-11-09 11:31:58,066 - INFO - The train loss is 0.017290. The valid loss is 0.012765.
2022-11-09 11:31:58,067 - INFO - Epoch 73/500
2022-11-09 11:31:58,646 - INFO - The train loss is 0.017165. The valid loss is 0.013139.
2022-11-09 11:31:58,646 - INFO - Epoch 74/500
2022-11-09 11:31:59,218 - INFO - The train loss is 0.018198. The valid loss is 0.013633.
2022-11-09 11:31:59,219 - INFO - Epoch 75/500
2022-11-09 11:31:59,799 - INFO - The train loss is 0.017458. The valid loss is 0.012899.
2022-11-09 11:31:59,799 - INFO - Epoch 76/500
2022-11-09 11:32:00,421 - INFO - The train loss is 0.017004. The valid loss is 0.013557.
2022-11-09 11:32:00,422 - INFO - Epoch 77/500
2022-11-09 11:32:00,992 - INFO - The train loss is 0.017816. The valid loss is 0.012692.
2022-11-09 11:32:00,992 - INFO - Epoch 78/500
2022-11-09 11:32:01,573 - INFO - The train loss is 0.016983. The valid loss is 0.012898.
2022-11-09 11:32:01,574 - INFO - Epoch 79/500
2022-11-09 11:32:02,144 - INFO - The train loss is 0.016931. The valid loss is 0.012841.
2022-11-09 11:32:02,145 - INFO - Epoch 80/500
2022-11-09 11:32:02,731 - INFO - The train loss is 0.016229. The valid loss is 0.012573.
2022-11-09 11:32:02,733 - INFO - Epoch 81/500
2022-11-09 11:32:03,311 - INFO - The train loss is 0.016945. The valid loss is 0.015072.
2022-11-09 11:32:03,311 - INFO - Epoch 82/500
2022-11-09 11:32:03,933 - INFO - The train loss is 0.017380. The valid loss is 0.012421.
2022-11-09 11:32:03,935 - INFO - Epoch 83/500
2022-11-09 11:32:04,505 - INFO - The train loss is 0.017000. The valid loss is 0.013245.
2022-11-09 11:32:04,506 - INFO - Epoch 84/500
2022-11-09 11:32:05,087 - INFO - The train loss is 0.017099. The valid loss is 0.012679.
2022-11-09 11:32:05,087 - INFO - Epoch 85/500
2022-11-09 11:32:05,656 - INFO - The train loss is 0.016788. The valid loss is 0.013007.
2022-11-09 11:32:05,657 - INFO - Epoch 86/500
2022-11-09 11:32:06,247 - INFO - The train loss is 0.016713. The valid loss is 0.012860.
2022-11-09 11:32:06,248 - INFO - Epoch 87/500
2022-11-09 11:32:06,854 - INFO - The train loss is 0.016883. The valid loss is 0.013010.
2022-11-09 11:32:06,855 - INFO - Epoch 88/500
2022-11-09 11:32:07,436 - INFO - The train loss is 0.017365. The valid loss is 0.012714.
2022-11-09 11:32:07,436 - INFO - Epoch 89/500
2022-11-09 11:32:08,006 - INFO - The train loss is 0.016304. The valid loss is 0.013825.
2022-11-09 11:32:08,006 - INFO - Epoch 90/500
2022-11-09 11:32:08,588 - INFO - The train loss is 0.017368. The valid loss is 0.013535.
2022-11-09 11:32:08,588 - INFO - Epoch 91/500
2022-11-09 11:32:09,165 - INFO - The train loss is 0.016791. The valid loss is 0.012717.
2022-11-09 11:32:09,165 - INFO - Epoch 92/500
2022-11-09 11:32:09,779 - INFO - The train loss is 0.016292. The valid loss is 0.013078.
2022-11-09 11:32:09,779 - INFO - Epoch 93/500
2022-11-09 11:32:10,348 - INFO - The train loss is 0.015914. The valid loss is 0.014008.
2022-11-09 11:32:10,349 - INFO - Epoch 94/500
2022-11-09 11:32:10,939 - INFO - The train loss is 0.016866. The valid loss is 0.013153.
2022-11-09 11:32:10,939 - INFO - Epoch 95/500
2022-11-09 11:32:11,506 - INFO - The train loss is 0.016779. The valid loss is 0.014738.
2022-11-09 11:32:11,507 - INFO - Epoch 96/500
2022-11-09 11:32:12,099 - INFO - The train loss is 0.016977. The valid loss is 0.014652.
2022-11-09 11:32:12,100 - INFO - Epoch 97/500
2022-11-09 11:32:12,712 - INFO - The train loss is 0.015986. The valid loss is 0.014426.
2022-11-09 11:32:12,712 - INFO -  The training stops early in epoch 97
2022-11-09 11:32:13,029 - INFO - The prediction is finish.
2022-11-09 11:32:13,036 - INFO - The mean squared error of stock ['target'] is [0.03250565]
