2022-11-10 03:24:30,491 - INFO - 
Config:
'add_train': False
'batch_size': 64
'continue_flag': ''
'debug_mode': False
'debug_num': 500
'do_continue_train': False
'do_figure_save': True
'do_log_print_to_screen': True
'do_log_save_to_file': True
'do_predict': True
'do_train': True
'do_train_visualized': False
'dropout_rate': 0.2
'epoch': 500
'feature_columns': [3, 4, 5, 6, 7, 8, 9, 10, 11]
'figure_save_path': './DATA/DAY/result/stockBySectorId/73/11_10_03_24_LSTM=3_time_step=5/figure/'
'file_save_path': './DATA/DAY/result/stockBySectorId/73/11_10_03_24_LSTM=3_time_step=5'
'hidden_size': 128
'input_size': 8
'label_columns': [11]
'label_in_feature_index': [8]
'learning_rate': 0.001
'log_save_path': './DATA/DAY/result/stockBySectorId/73/11_10_03_24_LSTM=3_time_step=5/log/'
'logger_name': '2022_11_10_03_24_30_LSTM=3_time_step=5'
'lstm_layers': 3
'model_name': 'model_pytorch.pth'
'model_postfix': {'pytorch': '.pth'
'keras': '.h5'
'tensorflow': '.ckpt'}
'model_save_path': './DATA/DAY/result/stockBySectorId/73/11_10_03_24_LSTM=3_time_step=5/model/'
'output_size': 1
'patience': 15
'predict_day': 1
'random_seed': 42
'record_save_path': './DATA/DAY/result/stockBySectorId/73/11_10_03_24_LSTM=3_time_step=5/record/'
'shuffle_train_data': True
'time_step': 5
'train_data_path': './DATA/DAY/origin/中证会2016标准不同板块选股/73.csv'
'train_data_rate': 0.95
'use_cuda': False
'used_frame': 'pytorch'
'valid_data_rate': 0.15
2022-11-10 03:24:30,508 - INFO - Epoch 0/500
2022-11-10 03:24:31,160 - INFO - The train loss is 0.430243. The valid loss is 0.129855.
2022-11-10 03:24:31,163 - INFO - Epoch 1/500
2022-11-10 03:24:31,726 - INFO - The train loss is 0.061900. The valid loss is 0.028478.
2022-11-10 03:24:31,728 - INFO - Epoch 2/500
2022-11-10 03:24:32,307 - INFO - The train loss is 0.026860. The valid loss is 0.017060.
2022-11-10 03:24:32,310 - INFO - Epoch 3/500
2022-11-10 03:24:32,876 - INFO - The train loss is 0.021316. The valid loss is 0.014144.
2022-11-10 03:24:32,878 - INFO - Epoch 4/500
2022-11-10 03:24:33,456 - INFO - The train loss is 0.019823. The valid loss is 0.013169.
2022-11-10 03:24:33,458 - INFO - Epoch 5/500
2022-11-10 03:24:34,080 - INFO - The train loss is 0.019083. The valid loss is 0.012449.
2022-11-10 03:24:34,082 - INFO - Epoch 6/500
2022-11-10 03:24:34,663 - INFO - The train loss is 0.018393. The valid loss is 0.012135.
2022-11-10 03:24:34,665 - INFO - Epoch 7/500
2022-11-10 03:24:35,232 - INFO - The train loss is 0.018043. The valid loss is 0.011961.
2022-11-10 03:24:35,235 - INFO - Epoch 8/500
2022-11-10 03:24:35,813 - INFO - The train loss is 0.017151. The valid loss is 0.011286.
2022-11-10 03:24:35,815 - INFO - Epoch 9/500
2022-11-10 03:24:36,381 - INFO - The train loss is 0.017250. The valid loss is 0.011128.
2022-11-10 03:24:36,383 - INFO - Epoch 10/500
2022-11-10 03:24:36,976 - INFO - The train loss is 0.017127. The valid loss is 0.011043.
2022-11-10 03:24:36,978 - INFO - Epoch 11/500
2022-11-10 03:24:37,591 - INFO - The train loss is 0.016654. The valid loss is 0.011050.
2022-11-10 03:24:37,591 - INFO - Epoch 12/500
2022-11-10 03:24:38,179 - INFO - The train loss is 0.016570. The valid loss is 0.010985.
2022-11-10 03:24:38,181 - INFO - Epoch 13/500
2022-11-10 03:24:38,759 - INFO - The train loss is 0.016649. The valid loss is 0.010908.
2022-11-10 03:24:38,762 - INFO - Epoch 14/500
2022-11-10 03:24:39,327 - INFO - The train loss is 0.016566. The valid loss is 0.010830.
2022-11-10 03:24:39,330 - INFO - Epoch 15/500
2022-11-10 03:24:39,923 - INFO - The train loss is 0.016288. The valid loss is 0.010717.
2022-11-10 03:24:39,925 - INFO - Epoch 16/500
2022-11-10 03:24:40,516 - INFO - The train loss is 0.016310. The valid loss is 0.010711.
2022-11-10 03:24:40,518 - INFO - Epoch 17/500
2022-11-10 03:24:41,098 - INFO - The train loss is 0.016439. The valid loss is 0.011028.
2022-11-10 03:24:41,098 - INFO - Epoch 18/500
2022-11-10 03:24:41,662 - INFO - The train loss is 0.016260. The valid loss is 0.010738.
2022-11-10 03:24:41,663 - INFO - Epoch 19/500
2022-11-10 03:24:42,243 - INFO - The train loss is 0.015838. The valid loss is 0.010712.
2022-11-10 03:24:42,243 - INFO - Epoch 20/500
2022-11-10 03:24:42,823 - INFO - The train loss is 0.016308. The valid loss is 0.010884.
2022-11-10 03:24:42,824 - INFO - Epoch 21/500
2022-11-10 03:24:43,443 - INFO - The train loss is 0.015629. The valid loss is 0.010856.
2022-11-10 03:24:43,443 - INFO - Epoch 22/500
2022-11-10 03:24:44,013 - INFO - The train loss is 0.015924. The valid loss is 0.010679.
2022-11-10 03:24:44,015 - INFO - Epoch 23/500
2022-11-10 03:24:44,594 - INFO - The train loss is 0.015959. The valid loss is 0.010710.
2022-11-10 03:24:44,594 - INFO - Epoch 24/500
2022-11-10 03:24:45,159 - INFO - The train loss is 0.015639. The valid loss is 0.010674.
2022-11-10 03:24:45,161 - INFO - Epoch 25/500
2022-11-10 03:24:45,752 - INFO - The train loss is 0.015718. The valid loss is 0.010802.
2022-11-10 03:24:45,753 - INFO - Epoch 26/500
2022-11-10 03:24:46,369 - INFO - The train loss is 0.015679. The valid loss is 0.010786.
2022-11-10 03:24:46,369 - INFO - Epoch 27/500
2022-11-10 03:24:46,949 - INFO - The train loss is 0.015246. The valid loss is 0.010967.
2022-11-10 03:24:46,949 - INFO - Epoch 28/500
2022-11-10 03:24:47,513 - INFO - The train loss is 0.015810. The valid loss is 0.011090.
2022-11-10 03:24:47,514 - INFO - Epoch 29/500
2022-11-10 03:24:48,093 - INFO - The train loss is 0.016173. The valid loss is 0.011291.
2022-11-10 03:24:48,093 - INFO - Epoch 30/500
2022-11-10 03:24:48,657 - INFO - The train loss is 0.015740. The valid loss is 0.011053.
2022-11-10 03:24:48,658 - INFO - Epoch 31/500
2022-11-10 03:24:49,276 - INFO - The train loss is 0.015748. The valid loss is 0.011113.
2022-11-10 03:24:49,276 - INFO - Epoch 32/500
2022-11-10 03:24:49,841 - INFO - The train loss is 0.015720. The valid loss is 0.011014.
2022-11-10 03:24:49,841 - INFO - Epoch 33/500
2022-11-10 03:24:50,418 - INFO - The train loss is 0.015365. The valid loss is 0.010650.
2022-11-10 03:24:50,421 - INFO - Epoch 34/500
2022-11-10 03:24:50,985 - INFO - The train loss is 0.016105. The valid loss is 0.010880.
2022-11-10 03:24:50,986 - INFO - Epoch 35/500
2022-11-10 03:24:51,563 - INFO - The train loss is 0.015434. The valid loss is 0.010346.
2022-11-10 03:24:51,565 - INFO - Epoch 36/500
2022-11-10 03:24:52,151 - INFO - The train loss is 0.015115. The valid loss is 0.010734.
2022-11-10 03:24:52,151 - INFO - Epoch 37/500
2022-11-10 03:24:52,767 - INFO - The train loss is 0.015173. The valid loss is 0.010691.
2022-11-10 03:24:52,767 - INFO - Epoch 38/500
2022-11-10 03:24:53,338 - INFO - The train loss is 0.015113. The valid loss is 0.011176.
2022-11-10 03:24:53,338 - INFO - Epoch 39/500
2022-11-10 03:24:53,910 - INFO - The train loss is 0.015070. The valid loss is 0.010378.
2022-11-10 03:24:53,910 - INFO - Epoch 40/500
2022-11-10 03:24:54,491 - INFO - The train loss is 0.015242. The valid loss is 0.010427.
2022-11-10 03:24:54,491 - INFO - Epoch 41/500
2022-11-10 03:24:55,078 - INFO - The train loss is 0.014872. The valid loss is 0.010920.
2022-11-10 03:24:55,078 - INFO - Epoch 42/500
2022-11-10 03:24:55,680 - INFO - The train loss is 0.015334. The valid loss is 0.010490.
2022-11-10 03:24:55,681 - INFO - Epoch 43/500
2022-11-10 03:24:56,246 - INFO - The train loss is 0.015352. The valid loss is 0.010506.
2022-11-10 03:24:56,246 - INFO - Epoch 44/500
2022-11-10 03:24:56,823 - INFO - The train loss is 0.015024. The valid loss is 0.010429.
2022-11-10 03:24:56,823 - INFO - Epoch 45/500
2022-11-10 03:24:57,387 - INFO - The train loss is 0.015210. The valid loss is 0.010595.
2022-11-10 03:24:57,388 - INFO - Epoch 46/500
2022-11-10 03:24:57,977 - INFO - The train loss is 0.015337. The valid loss is 0.010471.
2022-11-10 03:24:57,977 - INFO - Epoch 47/500
2022-11-10 03:24:58,543 - INFO - The train loss is 0.014993. The valid loss is 0.010878.
2022-11-10 03:24:58,543 - INFO - Epoch 48/500
2022-11-10 03:24:59,122 - INFO - The train loss is 0.014854. The valid loss is 0.010501.
2022-11-10 03:24:59,122 - INFO - Epoch 49/500
2022-11-10 03:24:59,687 - INFO - The train loss is 0.015135. The valid loss is 0.010999.
2022-11-10 03:24:59,687 - INFO - Epoch 50/500
2022-11-10 03:25:00,266 - INFO - The train loss is 0.014543. The valid loss is 0.010391.
2022-11-10 03:25:00,267 - INFO -  The training stops early in epoch 50
2022-11-10 03:25:02,145 - INFO - The prediction is finish.
2022-11-10 03:25:02,152 - INFO - The mean squared error of stock ['target'] is [0.00086747]
