2022-11-09 22:26:47,630 - INFO - 
Config:
'add_train': False
'batch_size': 64
'continue_flag': ''
'debug_mode': False
'debug_num': 500
'do_continue_train': False
'do_figure_save': True
'do_log_print_to_screen': True
'do_log_save_to_file': True
'do_predict': True
'do_train': True
'do_train_visualized': False
'dropout_rate': 0.2
'epoch': 500
'feature_columns': [3, 4, 5, 6, 7, 8, 9, 10, 11]
'figure_save_path': './DATA/DAY/result/stockBySectorId/30/11_09_22_26_LSTM=3_time_step=5/figure/'
'file_save_path': './DATA/DAY/result/stockBySectorId/30/11_09_22_26_LSTM=3_time_step=5'
'hidden_size': 128
'input_size': 8
'label_columns': [11]
'label_in_feature_index': [8]
'learning_rate': 0.001
'log_save_path': './DATA/DAY/result/stockBySectorId/30/11_09_22_26_LSTM=3_time_step=5/log/'
'logger_name': '2022_11_09_22_26_47_LSTM=3_time_step=5'
'lstm_layers': 3
'model_name': 'model_pytorch.pth'
'model_postfix': {'pytorch': '.pth'
'keras': '.h5'
'tensorflow': '.ckpt'}
'model_save_path': './DATA/DAY/result/stockBySectorId/30/11_09_22_26_LSTM=3_time_step=5/model/'
'output_size': 1
'patience': 15
'predict_day': 1
'random_seed': 42
'record_save_path': './DATA/DAY/result/stockBySectorId/30/11_09_22_26_LSTM=3_time_step=5/record/'
'shuffle_train_data': True
'time_step': 5
'train_data_path': './DATA/DAY/origin/中证会2016标准不同板块选股/30.csv'
'train_data_rate': 0.95
'use_cuda': False
'used_frame': 'pytorch'
'valid_data_rate': 0.15
2022-11-09 22:26:47,647 - INFO - Epoch 0/500
2022-11-09 22:26:48,223 - INFO - The train loss is 0.427608. The valid loss is 0.086444.
2022-11-09 22:26:48,226 - INFO - Epoch 1/500
2022-11-09 22:26:48,799 - INFO - The train loss is 0.053581. The valid loss is 0.027954.
2022-11-09 22:26:48,801 - INFO - Epoch 2/500
2022-11-09 22:26:49,361 - INFO - The train loss is 0.030779. The valid loss is 0.020974.
2022-11-09 22:26:49,364 - INFO - Epoch 3/500
2022-11-09 22:26:49,938 - INFO - The train loss is 0.025841. The valid loss is 0.016552.
2022-11-09 22:26:49,941 - INFO - Epoch 4/500
2022-11-09 22:26:50,517 - INFO - The train loss is 0.022861. The valid loss is 0.015158.
2022-11-09 22:26:50,520 - INFO - Epoch 5/500
2022-11-09 22:26:51,126 - INFO - The train loss is 0.020642. The valid loss is 0.014143.
2022-11-09 22:26:51,128 - INFO - Epoch 6/500
2022-11-09 22:26:51,689 - INFO - The train loss is 0.020669. The valid loss is 0.014192.
2022-11-09 22:26:51,689 - INFO - Epoch 7/500
2022-11-09 22:26:52,264 - INFO - The train loss is 0.020417. The valid loss is 0.013179.
2022-11-09 22:26:52,266 - INFO - Epoch 8/500
2022-11-09 22:26:52,826 - INFO - The train loss is 0.019018. The valid loss is 0.013765.
2022-11-09 22:26:52,826 - INFO - Epoch 9/500
2022-11-09 22:26:53,412 - INFO - The train loss is 0.018315. The valid loss is 0.013071.
2022-11-09 22:26:53,415 - INFO - Epoch 10/500
2022-11-09 22:26:54,018 - INFO - The train loss is 0.018672. The valid loss is 0.012484.
2022-11-09 22:26:54,020 - INFO - Epoch 11/500
2022-11-09 22:26:54,594 - INFO - The train loss is 0.018572. The valid loss is 0.012576.
2022-11-09 22:26:54,594 - INFO - Epoch 12/500
2022-11-09 22:26:55,154 - INFO - The train loss is 0.017557. The valid loss is 0.013666.
2022-11-09 22:26:55,154 - INFO - Epoch 13/500
2022-11-09 22:26:55,730 - INFO - The train loss is 0.017292. The valid loss is 0.012423.
2022-11-09 22:26:55,732 - INFO - Epoch 14/500
2022-11-09 22:26:56,292 - INFO - The train loss is 0.017815. The valid loss is 0.013107.
2022-11-09 22:26:56,292 - INFO - Epoch 15/500
2022-11-09 22:26:56,918 - INFO - The train loss is 0.017637. The valid loss is 0.012693.
2022-11-09 22:26:56,918 - INFO - Epoch 16/500
2022-11-09 22:26:57,476 - INFO - The train loss is 0.018744. The valid loss is 0.012338.
2022-11-09 22:26:57,478 - INFO - Epoch 17/500
2022-11-09 22:26:58,054 - INFO - The train loss is 0.017856. The valid loss is 0.012534.
2022-11-09 22:26:58,055 - INFO - Epoch 18/500
2022-11-09 22:26:58,614 - INFO - The train loss is 0.017752. The valid loss is 0.012505.
2022-11-09 22:26:58,615 - INFO - Epoch 19/500
2022-11-09 22:26:59,188 - INFO - The train loss is 0.017117. The valid loss is 0.012455.
2022-11-09 22:26:59,188 - INFO - Epoch 20/500
2022-11-09 22:26:59,798 - INFO - The train loss is 0.018053. The valid loss is 0.012382.
2022-11-09 22:26:59,798 - INFO - Epoch 21/500
2022-11-09 22:27:00,372 - INFO - The train loss is 0.017068. The valid loss is 0.013134.
2022-11-09 22:27:00,373 - INFO - Epoch 22/500
2022-11-09 22:27:00,933 - INFO - The train loss is 0.016887. The valid loss is 0.012183.
2022-11-09 22:27:00,935 - INFO - Epoch 23/500
2022-11-09 22:27:01,508 - INFO - The train loss is 0.016558. The valid loss is 0.013930.
2022-11-09 22:27:01,509 - INFO - Epoch 24/500
2022-11-09 22:27:02,098 - INFO - The train loss is 0.016981. The valid loss is 0.012926.
2022-11-09 22:27:02,098 - INFO - Epoch 25/500
2022-11-09 22:27:02,711 - INFO - The train loss is 0.016842. The valid loss is 0.012539.
2022-11-09 22:27:02,711 - INFO - Epoch 26/500
2022-11-09 22:27:03,289 - INFO - The train loss is 0.016949. The valid loss is 0.012748.
2022-11-09 22:27:03,290 - INFO - Epoch 27/500
2022-11-09 22:27:03,866 - INFO - The train loss is 0.017658. The valid loss is 0.013266.
2022-11-09 22:27:03,866 - INFO - Epoch 28/500
2022-11-09 22:27:04,426 - INFO - The train loss is 0.016277. The valid loss is 0.012349.
2022-11-09 22:27:04,426 - INFO - Epoch 29/500
2022-11-09 22:27:05,001 - INFO - The train loss is 0.018617. The valid loss is 0.012501.
2022-11-09 22:27:05,001 - INFO - Epoch 30/500
2022-11-09 22:27:05,571 - INFO - The train loss is 0.017691. The valid loss is 0.012502.
2022-11-09 22:27:05,572 - INFO - Epoch 31/500
2022-11-09 22:27:06,189 - INFO - The train loss is 0.017298. The valid loss is 0.012695.
2022-11-09 22:27:06,190 - INFO - Epoch 32/500
2022-11-09 22:27:06,748 - INFO - The train loss is 0.016758. The valid loss is 0.013009.
2022-11-09 22:27:06,748 - INFO - Epoch 33/500
2022-11-09 22:27:07,323 - INFO - The train loss is 0.016011. The valid loss is 0.012149.
2022-11-09 22:27:07,326 - INFO - Epoch 34/500
2022-11-09 22:27:07,885 - INFO - The train loss is 0.016576. The valid loss is 0.012472.
2022-11-09 22:27:07,885 - INFO - Epoch 35/500
2022-11-09 22:27:08,470 - INFO - The train loss is 0.016169. The valid loss is 0.013536.
2022-11-09 22:27:08,470 - INFO - Epoch 36/500
2022-11-09 22:27:09,074 - INFO - The train loss is 0.015990. The valid loss is 0.012281.
2022-11-09 22:27:09,074 - INFO - Epoch 37/500
2022-11-09 22:27:09,648 - INFO - The train loss is 0.015745. The valid loss is 0.011955.
2022-11-09 22:27:09,651 - INFO - Epoch 38/500
2022-11-09 22:27:10,209 - INFO - The train loss is 0.017059. The valid loss is 0.012169.
2022-11-09 22:27:10,209 - INFO - Epoch 39/500
2022-11-09 22:27:10,791 - INFO - The train loss is 0.017142. The valid loss is 0.012159.
2022-11-09 22:27:10,792 - INFO - Epoch 40/500
2022-11-09 22:27:11,351 - INFO - The train loss is 0.016723. The valid loss is 0.012766.
2022-11-09 22:27:11,352 - INFO - Epoch 41/500
2022-11-09 22:27:11,982 - INFO - The train loss is 0.016448. The valid loss is 0.012834.
2022-11-09 22:27:11,983 - INFO - Epoch 42/500
2022-11-09 22:27:12,554 - INFO - The train loss is 0.015734. The valid loss is 0.012495.
2022-11-09 22:27:12,554 - INFO - Epoch 43/500
2022-11-09 22:27:13,118 - INFO - The train loss is 0.016229. The valid loss is 0.013159.
2022-11-09 22:27:13,118 - INFO - Epoch 44/500
2022-11-09 22:27:13,686 - INFO - The train loss is 0.015885. The valid loss is 0.012180.
2022-11-09 22:27:13,686 - INFO - Epoch 45/500
2022-11-09 22:27:14,253 - INFO - The train loss is 0.015978. The valid loss is 0.014402.
2022-11-09 22:27:14,253 - INFO - Epoch 46/500
2022-11-09 22:27:14,861 - INFO - The train loss is 0.016612. The valid loss is 0.012239.
2022-11-09 22:27:14,861 - INFO - Epoch 47/500
2022-11-09 22:27:15,440 - INFO - The train loss is 0.016194. The valid loss is 0.012669.
2022-11-09 22:27:15,440 - INFO - Epoch 48/500
2022-11-09 22:27:16,014 - INFO - The train loss is 0.015969. The valid loss is 0.012920.
2022-11-09 22:27:16,014 - INFO - Epoch 49/500
2022-11-09 22:27:16,575 - INFO - The train loss is 0.015722. The valid loss is 0.012721.
2022-11-09 22:27:16,575 - INFO - Epoch 50/500
2022-11-09 22:27:17,150 - INFO - The train loss is 0.015676. The valid loss is 0.012403.
2022-11-09 22:27:17,150 - INFO - Epoch 51/500
2022-11-09 22:27:17,723 - INFO - The train loss is 0.015729. The valid loss is 0.013006.
2022-11-09 22:27:17,724 - INFO - Epoch 52/500
2022-11-09 22:27:18,343 - INFO - The train loss is 0.015964. The valid loss is 0.012626.
2022-11-09 22:27:18,343 - INFO -  The training stops early in epoch 52
2022-11-09 22:27:18,657 - INFO - The prediction is finish.
2022-11-09 22:27:18,664 - INFO - The mean squared error of stock ['target'] is [0.00043518]
