2022-11-10 20:52:11,991 - INFO - 
Config:
'add_train': False
'batch_size': 64
'continue_flag': ''
'debug_mode': False
'debug_num': 500
'do_continue_train': False
'do_figure_save': True
'do_log_print_to_screen': True
'do_log_save_to_file': True
'do_predict': True
'do_train': True
'do_train_visualized': False
'dropout_rate': 0.2
'epoch': 500
'feature_columns': [3, 4, 5, 6, 7, 8, 9, 10, 11]
'figure_save_path': './DATA/DAY/result/stockBySectorId/2/11_10_20_52_LSTM=3_time_step=5/figure/'
'file_save_path': './DATA/DAY/result/stockBySectorId/2/11_10_20_52_LSTM=3_time_step=5'
'hidden_size': 128
'input_size': 8
'label_columns': [11]
'label_in_feature_index': [8]
'learning_rate': 0.001
'log_save_path': './DATA/DAY/result/stockBySectorId/2/11_10_20_52_LSTM=3_time_step=5/log/'
'logger_name': '2022_11_10_20_52_11_LSTM=3_time_step=5'
'lstm_layers': 3
'model_name': 'model_pytorch.pth'
'model_postfix': {'pytorch': '.pth'
'keras': '.h5'
'tensorflow': '.ckpt'}
'model_save_path': './DATA/DAY/result/stockBySectorId/2/11_10_20_52_LSTM=3_time_step=5/model/'
'output_size': 1
'patience': 15
'predict_day': 1
'random_seed': 42
'record_save_path': './DATA/DAY/result/stockBySectorId/2/11_10_20_52_LSTM=3_time_step=5/record/'
'shuffle_train_data': True
'time_step': 5
'train_data_path': './DATA/DAY/origin/中证会2016标准不同板块选股/2.csv'
'train_data_rate': 0.95
'use_cuda': False
'used_frame': 'pytorch'
'valid_data_rate': 0.15
2022-11-10 20:52:12,009 - INFO - Epoch 0/500
2022-11-10 20:52:12,607 - INFO - The train loss is 0.393157. The valid loss is 0.102038.
2022-11-10 20:52:12,610 - INFO - Epoch 1/500
2022-11-10 20:52:13,241 - INFO - The train loss is 0.054715. The valid loss is 0.031088.
2022-11-10 20:52:13,244 - INFO - Epoch 2/500
2022-11-10 20:52:13,810 - INFO - The train loss is 0.033724. The valid loss is 0.023621.
2022-11-10 20:52:13,812 - INFO - Epoch 3/500
2022-11-10 20:52:14,430 - INFO - The train loss is 0.030315. The valid loss is 0.020485.
2022-11-10 20:52:14,433 - INFO - Epoch 4/500
2022-11-10 20:52:14,997 - INFO - The train loss is 0.028188. The valid loss is 0.018961.
2022-11-10 20:52:15,000 - INFO - Epoch 5/500
2022-11-10 20:52:15,591 - INFO - The train loss is 0.026133. The valid loss is 0.018545.
2022-11-10 20:52:15,593 - INFO - Epoch 6/500
2022-11-10 20:52:16,197 - INFO - The train loss is 0.025179. The valid loss is 0.019270.
2022-11-10 20:52:16,197 - INFO - Epoch 7/500
2022-11-10 20:52:16,765 - INFO - The train loss is 0.024611. The valid loss is 0.018133.
2022-11-10 20:52:16,768 - INFO - Epoch 8/500
2022-11-10 20:52:17,331 - INFO - The train loss is 0.025041. The valid loss is 0.020327.
2022-11-10 20:52:17,331 - INFO - Epoch 9/500
2022-11-10 20:52:17,901 - INFO - The train loss is 0.025241. The valid loss is 0.018055.
2022-11-10 20:52:17,904 - INFO - Epoch 10/500
2022-11-10 20:52:18,467 - INFO - The train loss is 0.024263. The valid loss is 0.018915.
2022-11-10 20:52:18,467 - INFO - Epoch 11/500
2022-11-10 20:52:19,051 - INFO - The train loss is 0.023622. The valid loss is 0.017813.
2022-11-10 20:52:19,054 - INFO - Epoch 12/500
2022-11-10 20:52:19,681 - INFO - The train loss is 0.023847. The valid loss is 0.020388.
2022-11-10 20:52:19,681 - INFO - Epoch 13/500
2022-11-10 20:52:20,243 - INFO - The train loss is 0.024159. The valid loss is 0.016942.
2022-11-10 20:52:20,246 - INFO - Epoch 14/500
2022-11-10 20:52:20,836 - INFO - The train loss is 0.023158. The valid loss is 0.017459.
2022-11-10 20:52:20,836 - INFO - Epoch 15/500
2022-11-10 20:52:21,396 - INFO - The train loss is 0.023527. The valid loss is 0.019589.
2022-11-10 20:52:21,396 - INFO - Epoch 16/500
2022-11-10 20:52:22,023 - INFO - The train loss is 0.023490. The valid loss is 0.018435.
2022-11-10 20:52:22,023 - INFO - Epoch 17/500
2022-11-10 20:52:22,646 - INFO - The train loss is 0.023561. The valid loss is 0.019049.
2022-11-10 20:52:22,646 - INFO - Epoch 18/500
2022-11-10 20:52:23,263 - INFO - The train loss is 0.022900. The valid loss is 0.018142.
2022-11-10 20:52:23,264 - INFO - Epoch 19/500
2022-11-10 20:52:23,824 - INFO - The train loss is 0.023086. The valid loss is 0.018036.
2022-11-10 20:52:23,824 - INFO - Epoch 20/500
2022-11-10 20:52:24,400 - INFO - The train loss is 0.023552. The valid loss is 0.020112.
2022-11-10 20:52:24,400 - INFO - Epoch 21/500
2022-11-10 20:52:25,073 - INFO - The train loss is 0.023177. The valid loss is 0.017669.
2022-11-10 20:52:25,073 - INFO - Epoch 22/500
2022-11-10 20:52:25,650 - INFO - The train loss is 0.022863. The valid loss is 0.017779.
2022-11-10 20:52:25,650 - INFO - Epoch 23/500
2022-11-10 20:52:26,211 - INFO - The train loss is 0.022699. The valid loss is 0.017929.
2022-11-10 20:52:26,211 - INFO - Epoch 24/500
2022-11-10 20:52:26,788 - INFO - The train loss is 0.022345. The valid loss is 0.018020.
2022-11-10 20:52:26,788 - INFO - Epoch 25/500
2022-11-10 20:52:27,366 - INFO - The train loss is 0.022067. The valid loss is 0.018548.
2022-11-10 20:52:27,366 - INFO - Epoch 26/500
2022-11-10 20:52:27,992 - INFO - The train loss is 0.022203. The valid loss is 0.017380.
2022-11-10 20:52:27,992 - INFO - Epoch 27/500
2022-11-10 20:52:28,561 - INFO - The train loss is 0.021672. The valid loss is 0.016970.
2022-11-10 20:52:28,561 - INFO - Epoch 28/500
2022-11-10 20:52:29,133 - INFO - The train loss is 0.021790. The valid loss is 0.018187.
2022-11-10 20:52:29,134 - INFO -  The training stops early in epoch 28
2022-11-10 20:52:29,469 - INFO - The prediction is finish.
2022-11-10 20:52:29,478 - INFO - The mean squared error of stock ['target'] is [0.01010908]
