2022-11-10 06:43:41,585 - INFO - 
Config:
'add_train': False
'batch_size': 64
'continue_flag': ''
'debug_mode': False
'debug_num': 500
'do_continue_train': False
'do_figure_save': True
'do_log_print_to_screen': True
'do_log_save_to_file': True
'do_predict': True
'do_train': True
'do_train_visualized': False
'dropout_rate': 0.2
'epoch': 500
'feature_columns': [3, 4, 5, 6, 7, 8, 9, 10, 11]
'figure_save_path': './DATA/DAY/result/stockBySectorId/99/11_10_06_43_LSTM=3_time_step=5/figure/'
'file_save_path': './DATA/DAY/result/stockBySectorId/99/11_10_06_43_LSTM=3_time_step=5'
'hidden_size': 128
'input_size': 8
'label_columns': [11]
'label_in_feature_index': [8]
'learning_rate': 0.001
'log_save_path': './DATA/DAY/result/stockBySectorId/99/11_10_06_43_LSTM=3_time_step=5/log/'
'logger_name': '2022_11_10_06_43_41_LSTM=3_time_step=5'
'lstm_layers': 3
'model_name': 'model_pytorch.pth'
'model_postfix': {'pytorch': '.pth'
'keras': '.h5'
'tensorflow': '.ckpt'}
'model_save_path': './DATA/DAY/result/stockBySectorId/99/11_10_06_43_LSTM=3_time_step=5/model/'
'output_size': 1
'patience': 15
'predict_day': 1
'random_seed': 42
'record_save_path': './DATA/DAY/result/stockBySectorId/99/11_10_06_43_LSTM=3_time_step=5/record/'
'shuffle_train_data': True
'time_step': 5
'train_data_path': './DATA/DAY/origin/中证会2016标准不同板块选股/99.csv'
'train_data_rate': 0.95
'use_cuda': False
'used_frame': 'pytorch'
'valid_data_rate': 0.15
2022-11-10 06:43:41,602 - INFO - Epoch 0/500
2022-11-10 06:43:42,192 - INFO - The train loss is 0.434869. The valid loss is 0.132539.
2022-11-10 06:43:42,194 - INFO - Epoch 1/500
2022-11-10 06:43:42,757 - INFO - The train loss is 0.060867. The valid loss is 0.032971.
2022-11-10 06:43:42,760 - INFO - Epoch 2/500
2022-11-10 06:43:43,336 - INFO - The train loss is 0.034350. The valid loss is 0.023509.
2022-11-10 06:43:43,338 - INFO - Epoch 3/500
2022-11-10 06:43:43,921 - INFO - The train loss is 0.029614. The valid loss is 0.021380.
2022-11-10 06:43:43,923 - INFO - Epoch 4/500
2022-11-10 06:43:44,525 - INFO - The train loss is 0.028478. The valid loss is 0.020053.
2022-11-10 06:43:44,528 - INFO - Epoch 5/500
2022-11-10 06:43:45,091 - INFO - The train loss is 0.026502. The valid loss is 0.019787.
2022-11-10 06:43:45,093 - INFO - Epoch 6/500
2022-11-10 06:43:45,670 - INFO - The train loss is 0.025721. The valid loss is 0.020656.
2022-11-10 06:43:45,670 - INFO - Epoch 7/500
2022-11-10 06:43:46,232 - INFO - The train loss is 0.026268. The valid loss is 0.020844.
2022-11-10 06:43:46,232 - INFO - Epoch 8/500
2022-11-10 06:43:46,825 - INFO - The train loss is 0.026024. The valid loss is 0.020949.
2022-11-10 06:43:46,826 - INFO - Epoch 9/500
2022-11-10 06:43:47,415 - INFO - The train loss is 0.026043. The valid loss is 0.019092.
2022-11-10 06:43:47,418 - INFO - Epoch 10/500
2022-11-10 06:43:47,993 - INFO - The train loss is 0.024961. The valid loss is 0.020274.
2022-11-10 06:43:47,993 - INFO - Epoch 11/500
2022-11-10 06:43:48,556 - INFO - The train loss is 0.025236. The valid loss is 0.019552.
2022-11-10 06:43:48,556 - INFO - Epoch 12/500
2022-11-10 06:43:49,133 - INFO - The train loss is 0.025138. The valid loss is 0.022165.
2022-11-10 06:43:49,134 - INFO - Epoch 13/500
2022-11-10 06:43:49,696 - INFO - The train loss is 0.024727. The valid loss is 0.020728.
2022-11-10 06:43:49,697 - INFO - Epoch 14/500
2022-11-10 06:43:50,279 - INFO - The train loss is 0.024599. The valid loss is 0.019245.
2022-11-10 06:43:50,279 - INFO - Epoch 15/500
2022-11-10 06:43:50,885 - INFO - The train loss is 0.024694. The valid loss is 0.019305.
2022-11-10 06:43:50,886 - INFO - Epoch 16/500
2022-11-10 06:43:51,461 - INFO - The train loss is 0.024827. The valid loss is 0.020108.
2022-11-10 06:43:51,461 - INFO - Epoch 17/500
2022-11-10 06:43:52,029 - INFO - The train loss is 0.024909. The valid loss is 0.020164.
2022-11-10 06:43:52,029 - INFO - Epoch 18/500
2022-11-10 06:43:52,599 - INFO - The train loss is 0.024546. The valid loss is 0.018869.
2022-11-10 06:43:52,601 - INFO - Epoch 19/500
2022-11-10 06:43:53,190 - INFO - The train loss is 0.024021. The valid loss is 0.018876.
2022-11-10 06:43:53,190 - INFO - Epoch 20/500
2022-11-10 06:43:53,793 - INFO - The train loss is 0.023972. The valid loss is 0.018738.
2022-11-10 06:43:53,795 - INFO - Epoch 21/500
2022-11-10 06:43:54,371 - INFO - The train loss is 0.023981. The valid loss is 0.018789.
2022-11-10 06:43:54,371 - INFO - Epoch 22/500
2022-11-10 06:43:54,932 - INFO - The train loss is 0.024145. The valid loss is 0.019617.
2022-11-10 06:43:54,933 - INFO - Epoch 23/500
2022-11-10 06:43:55,510 - INFO - The train loss is 0.023633. The valid loss is 0.019205.
2022-11-10 06:43:55,510 - INFO - Epoch 24/500
2022-11-10 06:43:56,091 - INFO - The train loss is 0.023840. The valid loss is 0.018755.
2022-11-10 06:43:56,091 - INFO - Epoch 25/500
2022-11-10 06:43:56,713 - INFO - The train loss is 0.024121. The valid loss is 0.018794.
2022-11-10 06:43:56,713 - INFO - Epoch 26/500
2022-11-10 06:43:57,275 - INFO - The train loss is 0.023991. The valid loss is 0.020773.
2022-11-10 06:43:57,275 - INFO - Epoch 27/500
2022-11-10 06:43:57,849 - INFO - The train loss is 0.024134. The valid loss is 0.018915.
2022-11-10 06:43:57,850 - INFO - Epoch 28/500
2022-11-10 06:43:58,412 - INFO - The train loss is 0.023674. The valid loss is 0.018733.
2022-11-10 06:43:58,415 - INFO - Epoch 29/500
2022-11-10 06:43:59,007 - INFO - The train loss is 0.023747. The valid loss is 0.018718.
2022-11-10 06:43:59,009 - INFO - Epoch 30/500
2022-11-10 06:43:59,597 - INFO - The train loss is 0.023671. The valid loss is 0.019109.
2022-11-10 06:43:59,597 - INFO - Epoch 31/500
2022-11-10 06:44:00,173 - INFO - The train loss is 0.023977. The valid loss is 0.019238.
2022-11-10 06:44:00,173 - INFO - Epoch 32/500
2022-11-10 06:44:00,737 - INFO - The train loss is 0.023385. The valid loss is 0.019006.
2022-11-10 06:44:00,737 - INFO - Epoch 33/500
2022-11-10 06:44:01,316 - INFO - The train loss is 0.023443. The valid loss is 0.019083.
2022-11-10 06:44:01,316 - INFO - Epoch 34/500
2022-11-10 06:44:01,879 - INFO - The train loss is 0.023378. The valid loss is 0.018697.
2022-11-10 06:44:01,881 - INFO - Epoch 35/500
2022-11-10 06:44:02,516 - INFO - The train loss is 0.023492. The valid loss is 0.019012.
2022-11-10 06:44:02,517 - INFO - Epoch 36/500
2022-11-10 06:44:03,081 - INFO - The train loss is 0.023040. The valid loss is 0.018746.
2022-11-10 06:44:03,081 - INFO - Epoch 37/500
2022-11-10 06:44:03,662 - INFO - The train loss is 0.023414. The valid loss is 0.018576.
2022-11-10 06:44:03,664 - INFO - Epoch 38/500
2022-11-10 06:44:04,228 - INFO - The train loss is 0.022769. The valid loss is 0.018555.
2022-11-10 06:44:04,231 - INFO - Epoch 39/500
2022-11-10 06:44:04,807 - INFO - The train loss is 0.022960. The valid loss is 0.019173.
2022-11-10 06:44:04,808 - INFO - Epoch 40/500
2022-11-10 06:44:05,388 - INFO - The train loss is 0.023210. The valid loss is 0.018418.
2022-11-10 06:44:05,390 - INFO - Epoch 41/500
2022-11-10 06:44:05,987 - INFO - The train loss is 0.023259. The valid loss is 0.018977.
2022-11-10 06:44:05,987 - INFO - Epoch 42/500
2022-11-10 06:44:06,553 - INFO - The train loss is 0.023064. The valid loss is 0.018779.
2022-11-10 06:44:06,553 - INFO - Epoch 43/500
2022-11-10 06:44:07,131 - INFO - The train loss is 0.022807. The valid loss is 0.018818.
2022-11-10 06:44:07,131 - INFO - Epoch 44/500
2022-11-10 06:44:07,696 - INFO - The train loss is 0.022765. The valid loss is 0.018773.
2022-11-10 06:44:07,696 - INFO - Epoch 45/500
2022-11-10 06:44:08,283 - INFO - The train loss is 0.022863. The valid loss is 0.018916.
2022-11-10 06:44:08,283 - INFO - Epoch 46/500
2022-11-10 06:44:08,878 - INFO - The train loss is 0.023048. The valid loss is 0.018505.
2022-11-10 06:44:08,878 - INFO - Epoch 47/500
2022-11-10 06:44:09,450 - INFO - The train loss is 0.022313. The valid loss is 0.019047.
2022-11-10 06:44:09,451 - INFO - Epoch 48/500
2022-11-10 06:44:10,028 - INFO - The train loss is 0.023145. The valid loss is 0.018647.
2022-11-10 06:44:10,028 - INFO - Epoch 49/500
2022-11-10 06:44:10,599 - INFO - The train loss is 0.022443. The valid loss is 0.018812.
2022-11-10 06:44:10,599 - INFO - Epoch 50/500
2022-11-10 06:44:11,191 - INFO - The train loss is 0.022800. The valid loss is 0.018354.
2022-11-10 06:44:11,193 - INFO - Epoch 51/500
2022-11-10 06:44:11,798 - INFO - The train loss is 0.022490. The valid loss is 0.018358.
2022-11-10 06:44:11,799 - INFO - Epoch 52/500
2022-11-10 06:44:12,376 - INFO - The train loss is 0.022555. The valid loss is 0.018485.
2022-11-10 06:44:12,376 - INFO - Epoch 53/500
2022-11-10 06:44:12,939 - INFO - The train loss is 0.022355. The valid loss is 0.018263.
2022-11-10 06:44:12,941 - INFO - Epoch 54/500
2022-11-10 06:44:13,519 - INFO - The train loss is 0.022572. The valid loss is 0.018615.
2022-11-10 06:44:13,519 - INFO - Epoch 55/500
2022-11-10 06:44:14,101 - INFO - The train loss is 0.022761. The valid loss is 0.018376.
2022-11-10 06:44:14,101 - INFO - Epoch 56/500
2022-11-10 06:44:14,713 - INFO - The train loss is 0.022253. The valid loss is 0.018641.
2022-11-10 06:44:14,714 - INFO - Epoch 57/500
2022-11-10 06:44:15,275 - INFO - The train loss is 0.022594. The valid loss is 0.018312.
2022-11-10 06:44:15,275 - INFO - Epoch 58/500
2022-11-10 06:44:15,852 - INFO - The train loss is 0.022664. The valid loss is 0.018633.
2022-11-10 06:44:15,853 - INFO - Epoch 59/500
2022-11-10 06:44:16,415 - INFO - The train loss is 0.022303. The valid loss is 0.019001.
2022-11-10 06:44:16,415 - INFO - Epoch 60/500
2022-11-10 06:44:17,001 - INFO - The train loss is 0.022206. The valid loss is 0.018369.
2022-11-10 06:44:17,001 - INFO - Epoch 61/500
2022-11-10 06:44:17,586 - INFO - The train loss is 0.022377. The valid loss is 0.018590.
2022-11-10 06:44:17,587 - INFO - Epoch 62/500
2022-11-10 06:44:18,183 - INFO - The train loss is 0.021929. The valid loss is 0.018648.
2022-11-10 06:44:18,183 - INFO - Epoch 63/500
2022-11-10 06:44:18,747 - INFO - The train loss is 0.022295. The valid loss is 0.018756.
2022-11-10 06:44:18,748 - INFO - Epoch 64/500
2022-11-10 06:44:19,324 - INFO - The train loss is 0.021719. The valid loss is 0.018013.
2022-11-10 06:44:19,326 - INFO - Epoch 65/500
2022-11-10 06:44:19,889 - INFO - The train loss is 0.021759. The valid loss is 0.018337.
2022-11-10 06:44:19,890 - INFO - Epoch 66/500
2022-11-10 06:44:20,482 - INFO - The train loss is 0.022040. The valid loss is 0.018321.
2022-11-10 06:44:20,482 - INFO - Epoch 67/500
2022-11-10 06:44:21,094 - INFO - The train loss is 0.022089. The valid loss is 0.018861.
2022-11-10 06:44:21,094 - INFO - Epoch 68/500
2022-11-10 06:44:21,673 - INFO - The train loss is 0.022686. The valid loss is 0.018368.
2022-11-10 06:44:21,673 - INFO - Epoch 69/500
2022-11-10 06:44:22,235 - INFO - The train loss is 0.022511. The valid loss is 0.018436.
2022-11-10 06:44:22,236 - INFO - Epoch 70/500
2022-11-10 06:44:22,814 - INFO - The train loss is 0.022184. The valid loss is 0.018448.
2022-11-10 06:44:22,814 - INFO - Epoch 71/500
2022-11-10 06:44:23,392 - INFO - The train loss is 0.022087. The valid loss is 0.018325.
2022-11-10 06:44:23,392 - INFO - Epoch 72/500
2022-11-10 06:44:24,002 - INFO - The train loss is 0.022044. The valid loss is 0.018907.
2022-11-10 06:44:24,003 - INFO - Epoch 73/500
2022-11-10 06:44:24,567 - INFO - The train loss is 0.021955. The valid loss is 0.018777.
2022-11-10 06:44:24,567 - INFO - Epoch 74/500
2022-11-10 06:44:25,145 - INFO - The train loss is 0.021717. The valid loss is 0.018557.
2022-11-10 06:44:25,146 - INFO - Epoch 75/500
2022-11-10 06:44:25,710 - INFO - The train loss is 0.021643. The valid loss is 0.018353.
2022-11-10 06:44:25,711 - INFO - Epoch 76/500
2022-11-10 06:44:26,298 - INFO - The train loss is 0.021802. The valid loss is 0.018754.
2022-11-10 06:44:26,298 - INFO - Epoch 77/500
2022-11-10 06:44:26,906 - INFO - The train loss is 0.022117. The valid loss is 0.019095.
2022-11-10 06:44:26,906 - INFO - Epoch 78/500
2022-11-10 06:44:27,483 - INFO - The train loss is 0.021587. The valid loss is 0.018478.
2022-11-10 06:44:27,483 - INFO - Epoch 79/500
2022-11-10 06:44:28,045 - INFO - The train loss is 0.021452. The valid loss is 0.018484.
2022-11-10 06:44:28,045 - INFO -  The training stops early in epoch 79
2022-11-10 06:44:29,940 - INFO - The prediction is finish.
2022-11-10 06:44:29,947 - INFO - The mean squared error of stock ['target'] is [0.04162499]
