2022-11-10 04:44:09,991 - INFO - 
Config:
'add_train': False
'batch_size': 64
'continue_flag': ''
'debug_mode': False
'debug_num': 500
'do_continue_train': False
'do_figure_save': True
'do_log_print_to_screen': True
'do_log_save_to_file': True
'do_predict': True
'do_train': True
'do_train_visualized': False
'dropout_rate': 0.2
'epoch': 500
'feature_columns': [3, 4, 5, 6, 7, 8, 9, 10, 11]
'figure_save_path': './DATA/DAY/result/stockBySectorId/83/11_10_04_44_LSTM=3_time_step=5/figure/'
'file_save_path': './DATA/DAY/result/stockBySectorId/83/11_10_04_44_LSTM=3_time_step=5'
'hidden_size': 128
'input_size': 8
'label_columns': [11]
'label_in_feature_index': [8]
'learning_rate': 0.001
'log_save_path': './DATA/DAY/result/stockBySectorId/83/11_10_04_44_LSTM=3_time_step=5/log/'
'logger_name': '2022_11_10_04_44_09_LSTM=3_time_step=5'
'lstm_layers': 3
'model_name': 'model_pytorch.pth'
'model_postfix': {'pytorch': '.pth'
'keras': '.h5'
'tensorflow': '.ckpt'}
'model_save_path': './DATA/DAY/result/stockBySectorId/83/11_10_04_44_LSTM=3_time_step=5/model/'
'output_size': 1
'patience': 15
'predict_day': 1
'random_seed': 42
'record_save_path': './DATA/DAY/result/stockBySectorId/83/11_10_04_44_LSTM=3_time_step=5/record/'
'shuffle_train_data': True
'time_step': 5
'train_data_path': './DATA/DAY/origin/中证会2016标准不同板块选股/83.csv'
'train_data_rate': 0.95
'use_cuda': False
'used_frame': 'pytorch'
'valid_data_rate': 0.15
2022-11-10 04:44:10,008 - INFO - Epoch 0/500
2022-11-10 04:44:10,600 - INFO - The train loss is 0.427556. The valid loss is 0.112093.
2022-11-10 04:44:10,602 - INFO - Epoch 1/500
2022-11-10 04:44:11,164 - INFO - The train loss is 0.055057. The valid loss is 0.027334.
2022-11-10 04:44:11,166 - INFO - Epoch 2/500
2022-11-10 04:44:11,742 - INFO - The train loss is 0.027117. The valid loss is 0.018069.
2022-11-10 04:44:11,744 - INFO - Epoch 3/500
2022-11-10 04:44:12,364 - INFO - The train loss is 0.021496. The valid loss is 0.016183.
2022-11-10 04:44:12,367 - INFO - Epoch 4/500
2022-11-10 04:44:12,945 - INFO - The train loss is 0.019878. The valid loss is 0.014188.
2022-11-10 04:44:12,947 - INFO - Epoch 5/500
2022-11-10 04:44:13,509 - INFO - The train loss is 0.019010. The valid loss is 0.013948.
2022-11-10 04:44:13,511 - INFO - Epoch 6/500
2022-11-10 04:44:14,089 - INFO - The train loss is 0.017896. The valid loss is 0.013630.
2022-11-10 04:44:14,092 - INFO - Epoch 7/500
2022-11-10 04:44:14,653 - INFO - The train loss is 0.017973. The valid loss is 0.012796.
2022-11-10 04:44:14,656 - INFO - Epoch 8/500
2022-11-10 04:44:15,243 - INFO - The train loss is 0.017786. The valid loss is 0.013625.
2022-11-10 04:44:15,243 - INFO - Epoch 9/500
2022-11-10 04:44:15,860 - INFO - The train loss is 0.017228. The valid loss is 0.012418.
2022-11-10 04:44:15,863 - INFO - Epoch 10/500
2022-11-10 04:44:16,436 - INFO - The train loss is 0.017507. The valid loss is 0.012471.
2022-11-10 04:44:16,436 - INFO - Epoch 11/500
2022-11-10 04:44:16,996 - INFO - The train loss is 0.017013. The valid loss is 0.012474.
2022-11-10 04:44:16,997 - INFO - Epoch 12/500
2022-11-10 04:44:17,572 - INFO - The train loss is 0.016986. The valid loss is 0.013905.
2022-11-10 04:44:17,573 - INFO - Epoch 13/500
2022-11-10 04:44:18,150 - INFO - The train loss is 0.016883. The valid loss is 0.014381.
2022-11-10 04:44:18,150 - INFO - Epoch 14/500
2022-11-10 04:44:18,745 - INFO - The train loss is 0.016855. The valid loss is 0.012440.
2022-11-10 04:44:18,745 - INFO - Epoch 15/500
2022-11-10 04:44:19,305 - INFO - The train loss is 0.016623. The valid loss is 0.013098.
2022-11-10 04:44:19,306 - INFO - Epoch 16/500
2022-11-10 04:44:19,882 - INFO - The train loss is 0.016319. The valid loss is 0.014029.
2022-11-10 04:44:19,882 - INFO - Epoch 17/500
2022-11-10 04:44:20,443 - INFO - The train loss is 0.016551. The valid loss is 0.014449.
2022-11-10 04:44:20,443 - INFO - Epoch 18/500
2022-11-10 04:44:21,029 - INFO - The train loss is 0.016804. The valid loss is 0.013966.
2022-11-10 04:44:21,030 - INFO - Epoch 19/500
2022-11-10 04:44:21,629 - INFO - The train loss is 0.016655. The valid loss is 0.010900.
2022-11-10 04:44:21,632 - INFO - Epoch 20/500
2022-11-10 04:44:22,206 - INFO - The train loss is 0.016144. The valid loss is 0.012408.
2022-11-10 04:44:22,206 - INFO - Epoch 21/500
2022-11-10 04:44:22,767 - INFO - The train loss is 0.016416. The valid loss is 0.012517.
2022-11-10 04:44:22,767 - INFO - Epoch 22/500
2022-11-10 04:44:23,343 - INFO - The train loss is 0.016035. The valid loss is 0.014046.
2022-11-10 04:44:23,343 - INFO - Epoch 23/500
2022-11-10 04:44:23,904 - INFO - The train loss is 0.016329. The valid loss is 0.012084.
2022-11-10 04:44:23,905 - INFO - Epoch 24/500
2022-11-10 04:44:24,549 - INFO - The train loss is 0.015987. The valid loss is 0.012913.
2022-11-10 04:44:24,549 - INFO - Epoch 25/500
2022-11-10 04:44:25,108 - INFO - The train loss is 0.016170. The valid loss is 0.013124.
2022-11-10 04:44:25,108 - INFO - Epoch 26/500
2022-11-10 04:44:25,681 - INFO - The train loss is 0.016141. The valid loss is 0.012119.
2022-11-10 04:44:25,682 - INFO - Epoch 27/500
2022-11-10 04:44:26,240 - INFO - The train loss is 0.015938. The valid loss is 0.014044.
2022-11-10 04:44:26,241 - INFO - Epoch 28/500
2022-11-10 04:44:26,815 - INFO - The train loss is 0.016016. The valid loss is 0.012565.
2022-11-10 04:44:26,815 - INFO - Epoch 29/500
2022-11-10 04:44:27,386 - INFO - The train loss is 0.015956. The valid loss is 0.011801.
2022-11-10 04:44:27,387 - INFO - Epoch 30/500
2022-11-10 04:44:28,002 - INFO - The train loss is 0.015761. The valid loss is 0.012682.
2022-11-10 04:44:28,002 - INFO - Epoch 31/500
2022-11-10 04:44:28,568 - INFO - The train loss is 0.015870. The valid loss is 0.012076.
2022-11-10 04:44:28,568 - INFO - Epoch 32/500
2022-11-10 04:44:29,139 - INFO - The train loss is 0.015810. The valid loss is 0.012439.
2022-11-10 04:44:29,139 - INFO - Epoch 33/500
2022-11-10 04:44:29,702 - INFO - The train loss is 0.015819. The valid loss is 0.013009.
2022-11-10 04:44:29,702 - INFO - Epoch 34/500
2022-11-10 04:44:30,285 - INFO - The train loss is 0.015330. The valid loss is 0.012795.
2022-11-10 04:44:30,286 - INFO -  The training stops early in epoch 34
2022-11-10 04:44:32,251 - INFO - The prediction is finish.
2022-11-10 04:44:32,258 - INFO - The mean squared error of stock ['target'] is [0.00492447]
