2022-11-10 00:03:10,386 - INFO - 
Config:
'add_train': False
'batch_size': 64
'continue_flag': ''
'debug_mode': False
'debug_num': 500
'do_continue_train': False
'do_figure_save': True
'do_log_print_to_screen': True
'do_log_save_to_file': True
'do_predict': True
'do_train': True
'do_train_visualized': False
'dropout_rate': 0.2
'epoch': 500
'feature_columns': [3, 4, 5, 6, 7, 8, 9, 10, 11]
'figure_save_path': './DATA/DAY/result/stockBySectorId/44/11_10_00_03_LSTM=3_time_step=5/figure/'
'file_save_path': './DATA/DAY/result/stockBySectorId/44/11_10_00_03_LSTM=3_time_step=5'
'hidden_size': 128
'input_size': 8
'label_columns': [11]
'label_in_feature_index': [8]
'learning_rate': 0.001
'log_save_path': './DATA/DAY/result/stockBySectorId/44/11_10_00_03_LSTM=3_time_step=5/log/'
'logger_name': '2022_11_10_00_03_10_LSTM=3_time_step=5'
'lstm_layers': 3
'model_name': 'model_pytorch.pth'
'model_postfix': {'pytorch': '.pth'
'keras': '.h5'
'tensorflow': '.ckpt'}
'model_save_path': './DATA/DAY/result/stockBySectorId/44/11_10_00_03_LSTM=3_time_step=5/model/'
'output_size': 1
'patience': 15
'predict_day': 1
'random_seed': 42
'record_save_path': './DATA/DAY/result/stockBySectorId/44/11_10_00_03_LSTM=3_time_step=5/record/'
'shuffle_train_data': True
'time_step': 5
'train_data_path': './DATA/DAY/origin/中证会2016标准不同板块选股/44.csv'
'train_data_rate': 0.95
'use_cuda': False
'used_frame': 'pytorch'
'valid_data_rate': 0.15
2022-11-10 00:03:10,403 - INFO - Epoch 0/500
2022-11-10 00:03:10,991 - INFO - The train loss is 0.478496. The valid loss is 0.126466.
2022-11-10 00:03:10,993 - INFO - Epoch 1/500
2022-11-10 00:03:11,570 - INFO - The train loss is 0.057546. The valid loss is 0.022309.
2022-11-10 00:03:11,572 - INFO - Epoch 2/500
2022-11-10 00:03:12,151 - INFO - The train loss is 0.025880. The valid loss is 0.015312.
2022-11-10 00:03:12,153 - INFO - Epoch 3/500
2022-11-10 00:03:12,776 - INFO - The train loss is 0.020723. The valid loss is 0.012978.
2022-11-10 00:03:12,779 - INFO - Epoch 4/500
2022-11-10 00:03:13,341 - INFO - The train loss is 0.019840. The valid loss is 0.013135.
2022-11-10 00:03:13,342 - INFO - Epoch 5/500
2022-11-10 00:03:13,920 - INFO - The train loss is 0.018350. The valid loss is 0.012467.
2022-11-10 00:03:13,922 - INFO - Epoch 6/500
2022-11-10 00:03:14,487 - INFO - The train loss is 0.017845. The valid loss is 0.012616.
2022-11-10 00:03:14,487 - INFO - Epoch 7/500
2022-11-10 00:03:15,077 - INFO - The train loss is 0.017533. The valid loss is 0.011952.
2022-11-10 00:03:15,080 - INFO - Epoch 8/500
2022-11-10 00:03:15,686 - INFO - The train loss is 0.017738. The valid loss is 0.012290.
2022-11-10 00:03:15,687 - INFO - Epoch 9/500
2022-11-10 00:03:16,267 - INFO - The train loss is 0.017404. The valid loss is 0.012051.
2022-11-10 00:03:16,268 - INFO - Epoch 10/500
2022-11-10 00:03:16,834 - INFO - The train loss is 0.016882. The valid loss is 0.011760.
2022-11-10 00:03:16,836 - INFO - Epoch 11/500
2022-11-10 00:03:17,414 - INFO - The train loss is 0.016704. The valid loss is 0.011550.
2022-11-10 00:03:17,416 - INFO - Epoch 12/500
2022-11-10 00:03:17,992 - INFO - The train loss is 0.016066. The valid loss is 0.011690.
2022-11-10 00:03:17,993 - INFO - Epoch 13/500
2022-11-10 00:03:18,619 - INFO - The train loss is 0.016424. The valid loss is 0.011730.
2022-11-10 00:03:18,619 - INFO - Epoch 14/500
2022-11-10 00:03:19,183 - INFO - The train loss is 0.016598. The valid loss is 0.011674.
2022-11-10 00:03:19,184 - INFO - Epoch 15/500
2022-11-10 00:03:19,762 - INFO - The train loss is 0.015989. The valid loss is 0.011900.
2022-11-10 00:03:19,763 - INFO - Epoch 16/500
2022-11-10 00:03:20,326 - INFO - The train loss is 0.016168. The valid loss is 0.012018.
2022-11-10 00:03:20,327 - INFO - Epoch 17/500
2022-11-10 00:03:20,906 - INFO - The train loss is 0.016505. The valid loss is 0.013105.
2022-11-10 00:03:20,906 - INFO - Epoch 18/500
2022-11-10 00:03:21,486 - INFO - The train loss is 0.016145. The valid loss is 0.012453.
2022-11-10 00:03:21,487 - INFO - Epoch 19/500
2022-11-10 00:03:22,109 - INFO - The train loss is 0.016477. The valid loss is 0.011951.
2022-11-10 00:03:22,109 - INFO - Epoch 20/500
2022-11-10 00:03:22,674 - INFO - The train loss is 0.016134. The valid loss is 0.011644.
2022-11-10 00:03:22,675 - INFO - Epoch 21/500
2022-11-10 00:03:23,254 - INFO - The train loss is 0.016294. The valid loss is 0.012012.
2022-11-10 00:03:23,254 - INFO - Epoch 22/500
2022-11-10 00:03:23,820 - INFO - The train loss is 0.015910. The valid loss is 0.012497.
2022-11-10 00:03:23,820 - INFO - Epoch 23/500
2022-11-10 00:03:24,404 - INFO - The train loss is 0.016125. The valid loss is 0.012300.
2022-11-10 00:03:24,404 - INFO - Epoch 24/500
2022-11-10 00:03:25,013 - INFO - The train loss is 0.015849. The valid loss is 0.011843.
2022-11-10 00:03:25,013 - INFO - Epoch 25/500
2022-11-10 00:03:25,591 - INFO - The train loss is 0.015742. The valid loss is 0.012228.
2022-11-10 00:03:25,591 - INFO - Epoch 26/500
2022-11-10 00:03:26,163 - INFO - The train loss is 0.016686. The valid loss is 0.011978.
2022-11-10 00:03:26,164 - INFO -  The training stops early in epoch 26
2022-11-10 00:03:26,481 - INFO - The prediction is finish.
2022-11-10 00:03:26,488 - INFO - The mean squared error of stock ['target'] is [0.00918998]
