2022-11-10 06:52:12,051 - INFO - 
Config:
'add_train': False
'batch_size': 64
'continue_flag': ''
'debug_mode': False
'debug_num': 500
'do_continue_train': False
'do_figure_save': True
'do_log_print_to_screen': True
'do_log_save_to_file': True
'do_predict': True
'do_train': True
'do_train_visualized': False
'dropout_rate': 0.2
'epoch': 500
'feature_columns': [3, 4, 5, 6, 7, 8, 9, 10, 11]
'figure_save_path': './DATA/DAY/result/stockBySectorId/100/11_10_06_52_LSTM=3_time_step=5/figure/'
'file_save_path': './DATA/DAY/result/stockBySectorId/100/11_10_06_52_LSTM=3_time_step=5'
'hidden_size': 128
'input_size': 8
'label_columns': [11]
'label_in_feature_index': [8]
'learning_rate': 0.001
'log_save_path': './DATA/DAY/result/stockBySectorId/100/11_10_06_52_LSTM=3_time_step=5/log/'
'logger_name': '2022_11_10_06_52_12_LSTM=3_time_step=5'
'lstm_layers': 3
'model_name': 'model_pytorch.pth'
'model_postfix': {'pytorch': '.pth'
'keras': '.h5'
'tensorflow': '.ckpt'}
'model_save_path': './DATA/DAY/result/stockBySectorId/100/11_10_06_52_LSTM=3_time_step=5/model/'
'output_size': 1
'patience': 15
'predict_day': 1
'random_seed': 42
'record_save_path': './DATA/DAY/result/stockBySectorId/100/11_10_06_52_LSTM=3_time_step=5/record/'
'shuffle_train_data': True
'time_step': 5
'train_data_path': './DATA/DAY/origin/中证会2016标准不同板块选股/100.csv'
'train_data_rate': 0.95
'use_cuda': False
'used_frame': 'pytorch'
'valid_data_rate': 0.15
2022-11-10 06:52:12,069 - INFO - Epoch 0/500
2022-11-10 06:52:12,665 - INFO - The train loss is 0.343684. The valid loss is 0.097636.
2022-11-10 06:52:12,667 - INFO - Epoch 1/500
2022-11-10 06:52:13,235 - INFO - The train loss is 0.052814. The valid loss is 0.032128.
2022-11-10 06:52:13,237 - INFO - Epoch 2/500
2022-11-10 06:52:13,880 - INFO - The train loss is 0.032393. The valid loss is 0.026456.
2022-11-10 06:52:13,882 - INFO - Epoch 3/500
2022-11-10 06:52:14,450 - INFO - The train loss is 0.027090. The valid loss is 0.023804.
2022-11-10 06:52:14,452 - INFO - Epoch 4/500
2022-11-10 06:52:15,033 - INFO - The train loss is 0.025102. The valid loss is 0.022725.
2022-11-10 06:52:15,036 - INFO - Epoch 5/500
2022-11-10 06:52:15,602 - INFO - The train loss is 0.024190. The valid loss is 0.022498.
2022-11-10 06:52:15,605 - INFO - Epoch 6/500
2022-11-10 06:52:16,184 - INFO - The train loss is 0.023824. The valid loss is 0.022625.
2022-11-10 06:52:16,184 - INFO - Epoch 7/500
2022-11-10 06:52:16,795 - INFO - The train loss is 0.022770. The valid loss is 0.021502.
2022-11-10 06:52:16,797 - INFO - Epoch 8/500
2022-11-10 06:52:17,378 - INFO - The train loss is 0.022050. The valid loss is 0.021716.
2022-11-10 06:52:17,378 - INFO - Epoch 9/500
2022-11-10 06:52:17,944 - INFO - The train loss is 0.022954. The valid loss is 0.021835.
2022-11-10 06:52:17,945 - INFO - Epoch 10/500
2022-11-10 06:52:18,523 - INFO - The train loss is 0.022073. The valid loss is 0.021564.
2022-11-10 06:52:18,524 - INFO - Epoch 11/500
2022-11-10 06:52:19,090 - INFO - The train loss is 0.021809. The valid loss is 0.021432.
2022-11-10 06:52:19,092 - INFO - Epoch 12/500
2022-11-10 06:52:19,722 - INFO - The train loss is 0.021694. The valid loss is 0.021247.
2022-11-10 06:52:19,724 - INFO - Epoch 13/500
2022-11-10 06:52:20,290 - INFO - The train loss is 0.021877. The valid loss is 0.020582.
2022-11-10 06:52:20,293 - INFO - Epoch 14/500
2022-11-10 06:52:20,875 - INFO - The train loss is 0.021539. The valid loss is 0.021818.
2022-11-10 06:52:20,876 - INFO - Epoch 15/500
2022-11-10 06:52:21,443 - INFO - The train loss is 0.021470. The valid loss is 0.021699.
2022-11-10 06:52:21,443 - INFO - Epoch 16/500
2022-11-10 06:52:22,024 - INFO - The train loss is 0.021905. The valid loss is 0.022007.
2022-11-10 06:52:22,024 - INFO - Epoch 17/500
2022-11-10 06:52:22,608 - INFO - The train loss is 0.021420. The valid loss is 0.020743.
2022-11-10 06:52:22,609 - INFO - Epoch 18/500
2022-11-10 06:52:23,229 - INFO - The train loss is 0.021258. The valid loss is 0.021756.
2022-11-10 06:52:23,229 - INFO - Epoch 19/500
2022-11-10 06:52:23,809 - INFO - The train loss is 0.021506. The valid loss is 0.020570.
2022-11-10 06:52:23,811 - INFO - Epoch 20/500
2022-11-10 06:52:24,377 - INFO - The train loss is 0.020846. The valid loss is 0.020967.
2022-11-10 06:52:24,378 - INFO - Epoch 21/500
2022-11-10 06:52:24,959 - INFO - The train loss is 0.021301. The valid loss is 0.022135.
2022-11-10 06:52:24,959 - INFO - Epoch 22/500
2022-11-10 06:52:25,535 - INFO - The train loss is 0.021698. The valid loss is 0.020813.
2022-11-10 06:52:25,535 - INFO - Epoch 23/500
2022-11-10 06:52:26,161 - INFO - The train loss is 0.020908. The valid loss is 0.021646.
2022-11-10 06:52:26,161 - INFO - Epoch 24/500
2022-11-10 06:52:26,726 - INFO - The train loss is 0.021211. The valid loss is 0.021152.
2022-11-10 06:52:26,726 - INFO - Epoch 25/500
2022-11-10 06:52:27,308 - INFO - The train loss is 0.021110. The valid loss is 0.021484.
2022-11-10 06:52:27,308 - INFO - Epoch 26/500
2022-11-10 06:52:27,876 - INFO - The train loss is 0.020766. The valid loss is 0.021156.
2022-11-10 06:52:27,876 - INFO - Epoch 27/500
2022-11-10 06:52:28,470 - INFO - The train loss is 0.020451. The valid loss is 0.020862.
2022-11-10 06:52:28,471 - INFO - Epoch 28/500
2022-11-10 06:52:29,086 - INFO - The train loss is 0.020895. The valid loss is 0.020920.
2022-11-10 06:52:29,086 - INFO - Epoch 29/500
2022-11-10 06:52:29,668 - INFO - The train loss is 0.021052. The valid loss is 0.021278.
2022-11-10 06:52:29,668 - INFO - Epoch 30/500
2022-11-10 06:52:30,238 - INFO - The train loss is 0.020978. The valid loss is 0.020879.
2022-11-10 06:52:30,238 - INFO - Epoch 31/500
2022-11-10 06:52:30,817 - INFO - The train loss is 0.020961. The valid loss is 0.020618.
2022-11-10 06:52:30,817 - INFO - Epoch 32/500
2022-11-10 06:52:31,403 - INFO - The train loss is 0.020976. The valid loss is 0.020952.
2022-11-10 06:52:31,403 - INFO - Epoch 33/500
2022-11-10 06:52:31,973 - INFO - The train loss is 0.020972. The valid loss is 0.021329.
2022-11-10 06:52:31,974 - INFO - Epoch 34/500
2022-11-10 06:52:32,554 - INFO - The train loss is 0.020524. The valid loss is 0.020083.
2022-11-10 06:52:32,556 - INFO - Epoch 35/500
2022-11-10 06:52:33,124 - INFO - The train loss is 0.020614. The valid loss is 0.020990.
2022-11-10 06:52:33,124 - INFO - Epoch 36/500
2022-11-10 06:52:33,704 - INFO - The train loss is 0.021213. The valid loss is 0.021483.
2022-11-10 06:52:33,704 - INFO - Epoch 37/500
2022-11-10 06:52:34,271 - INFO - The train loss is 0.020798. The valid loss is 0.020817.
2022-11-10 06:52:34,271 - INFO - Epoch 38/500
2022-11-10 06:52:34,897 - INFO - The train loss is 0.020488. The valid loss is 0.020477.
2022-11-10 06:52:34,897 - INFO - Epoch 39/500
2022-11-10 06:52:35,488 - INFO - The train loss is 0.020563. The valid loss is 0.020371.
2022-11-10 06:52:35,488 - INFO - Epoch 40/500
2022-11-10 06:52:36,068 - INFO - The train loss is 0.020430. The valid loss is 0.021508.
2022-11-10 06:52:36,068 - INFO - Epoch 41/500
2022-11-10 06:52:36,635 - INFO - The train loss is 0.020497. The valid loss is 0.021231.
2022-11-10 06:52:36,635 - INFO - Epoch 42/500
2022-11-10 06:52:37,215 - INFO - The train loss is 0.020409. The valid loss is 0.022251.
2022-11-10 06:52:37,215 - INFO - Epoch 43/500
2022-11-10 06:52:37,794 - INFO - The train loss is 0.020968. The valid loss is 0.021041.
2022-11-10 06:52:37,794 - INFO - Epoch 44/500
2022-11-10 06:52:38,419 - INFO - The train loss is 0.020602. The valid loss is 0.020493.
2022-11-10 06:52:38,419 - INFO - Epoch 45/500
2022-11-10 06:52:38,987 - INFO - The train loss is 0.020408. The valid loss is 0.020242.
2022-11-10 06:52:38,987 - INFO - Epoch 46/500
2022-11-10 06:52:39,569 - INFO - The train loss is 0.020185. The valid loss is 0.021339.
2022-11-10 06:52:39,570 - INFO - Epoch 47/500
2022-11-10 06:52:40,135 - INFO - The train loss is 0.020382. The valid loss is 0.020259.
2022-11-10 06:52:40,135 - INFO - Epoch 48/500
2022-11-10 06:52:40,727 - INFO - The train loss is 0.020693. The valid loss is 0.020494.
2022-11-10 06:52:40,728 - INFO - Epoch 49/500
2022-11-10 06:52:41,299 - INFO - The train loss is 0.020318. The valid loss is 0.020536.
2022-11-10 06:52:41,299 - INFO -  The training stops early in epoch 49
2022-11-10 06:52:43,183 - INFO - The prediction is finish.
2022-11-10 06:52:43,191 - INFO - The mean squared error of stock ['target'] is [0.12277787]
