2022-11-10 05:14:00,020 - INFO - 
Config:
'add_train': False
'batch_size': 64
'continue_flag': ''
'debug_mode': False
'debug_num': 500
'do_continue_train': False
'do_figure_save': True
'do_log_print_to_screen': True
'do_log_save_to_file': True
'do_predict': True
'do_train': True
'do_train_visualized': False
'dropout_rate': 0.2
'epoch': 500
'feature_columns': [3, 4, 5, 6, 7, 8, 9, 10, 11]
'figure_save_path': './DATA/DAY/result/stockBySectorId/87/11_10_05_14_LSTM=3_time_step=5/figure/'
'file_save_path': './DATA/DAY/result/stockBySectorId/87/11_10_05_14_LSTM=3_time_step=5'
'hidden_size': 128
'input_size': 8
'label_columns': [11]
'label_in_feature_index': [8]
'learning_rate': 0.001
'log_save_path': './DATA/DAY/result/stockBySectorId/87/11_10_05_14_LSTM=3_time_step=5/log/'
'logger_name': '2022_11_10_05_14_00_LSTM=3_time_step=5'
'lstm_layers': 3
'model_name': 'model_pytorch.pth'
'model_postfix': {'pytorch': '.pth'
'keras': '.h5'
'tensorflow': '.ckpt'}
'model_save_path': './DATA/DAY/result/stockBySectorId/87/11_10_05_14_LSTM=3_time_step=5/model/'
'output_size': 1
'patience': 15
'predict_day': 1
'random_seed': 42
'record_save_path': './DATA/DAY/result/stockBySectorId/87/11_10_05_14_LSTM=3_time_step=5/record/'
'shuffle_train_data': True
'time_step': 5
'train_data_path': './DATA/DAY/origin/中证会2016标准不同板块选股/87.csv'
'train_data_rate': 0.95
'use_cuda': False
'used_frame': 'pytorch'
'valid_data_rate': 0.15
2022-11-10 05:14:00,037 - INFO - Epoch 0/500
2022-11-10 05:14:00,634 - INFO - The train loss is 0.421606. The valid loss is 0.088861.
2022-11-10 05:14:00,636 - INFO - Epoch 1/500
2022-11-10 05:14:01,202 - INFO - The train loss is 0.050221. The valid loss is 0.021619.
2022-11-10 05:14:01,204 - INFO - Epoch 2/500
2022-11-10 05:14:01,782 - INFO - The train loss is 0.029474. The valid loss is 0.017289.
2022-11-10 05:14:01,785 - INFO - Epoch 3/500
2022-11-10 05:14:02,350 - INFO - The train loss is 0.026259. The valid loss is 0.014977.
2022-11-10 05:14:02,353 - INFO - Epoch 4/500
2022-11-10 05:14:02,943 - INFO - The train loss is 0.024651. The valid loss is 0.014383.
2022-11-10 05:14:02,945 - INFO - Epoch 5/500
2022-11-10 05:14:03,510 - INFO - The train loss is 0.022875. The valid loss is 0.012958.
2022-11-10 05:14:03,513 - INFO - Epoch 6/500
2022-11-10 05:14:04,091 - INFO - The train loss is 0.022016. The valid loss is 0.012803.
2022-11-10 05:14:04,094 - INFO - Epoch 7/500
2022-11-10 05:14:04,660 - INFO - The train loss is 0.020916. The valid loss is 0.013044.
2022-11-10 05:14:04,661 - INFO - Epoch 8/500
2022-11-10 05:14:05,239 - INFO - The train loss is 0.020862. The valid loss is 0.012440.
2022-11-10 05:14:05,241 - INFO - Epoch 9/500
2022-11-10 05:14:05,827 - INFO - The train loss is 0.020735. The valid loss is 0.012496.
2022-11-10 05:14:05,827 - INFO - Epoch 10/500
2022-11-10 05:14:06,446 - INFO - The train loss is 0.020614. The valid loss is 0.011990.
2022-11-10 05:14:06,449 - INFO - Epoch 11/500
2022-11-10 05:14:07,013 - INFO - The train loss is 0.020305. The valid loss is 0.011709.
2022-11-10 05:14:07,016 - INFO - Epoch 12/500
2022-11-10 05:14:07,596 - INFO - The train loss is 0.019329. The valid loss is 0.012784.
2022-11-10 05:14:07,596 - INFO - Epoch 13/500
2022-11-10 05:14:08,162 - INFO - The train loss is 0.019684. The valid loss is 0.012226.
2022-11-10 05:14:08,162 - INFO - Epoch 14/500
2022-11-10 05:14:08,763 - INFO - The train loss is 0.019833. The valid loss is 0.012107.
2022-11-10 05:14:08,764 - INFO - Epoch 15/500
2022-11-10 05:14:09,373 - INFO - The train loss is 0.019377. The valid loss is 0.011983.
2022-11-10 05:14:09,374 - INFO - Epoch 16/500
2022-11-10 05:14:09,953 - INFO - The train loss is 0.019077. The valid loss is 0.011342.
2022-11-10 05:14:09,956 - INFO - Epoch 17/500
2022-11-10 05:14:10,522 - INFO - The train loss is 0.018861. The valid loss is 0.012270.
2022-11-10 05:14:10,522 - INFO - Epoch 18/500
2022-11-10 05:14:11,106 - INFO - The train loss is 0.018373. The valid loss is 0.011466.
2022-11-10 05:14:11,106 - INFO - Epoch 19/500
2022-11-10 05:14:11,680 - INFO - The train loss is 0.018776. The valid loss is 0.012820.
2022-11-10 05:14:11,681 - INFO - Epoch 20/500
2022-11-10 05:14:12,287 - INFO - The train loss is 0.019315. The valid loss is 0.012070.
2022-11-10 05:14:12,287 - INFO - Epoch 21/500
2022-11-10 05:14:12,864 - INFO - The train loss is 0.018689. The valid loss is 0.013040.
2022-11-10 05:14:12,864 - INFO - Epoch 22/500
2022-11-10 05:14:13,429 - INFO - The train loss is 0.018901. The valid loss is 0.012350.
2022-11-10 05:14:13,429 - INFO - Epoch 23/500
2022-11-10 05:14:14,008 - INFO - The train loss is 0.018252. The valid loss is 0.012284.
2022-11-10 05:14:14,009 - INFO - Epoch 24/500
2022-11-10 05:14:14,574 - INFO - The train loss is 0.018592. The valid loss is 0.012001.
2022-11-10 05:14:14,574 - INFO - Epoch 25/500
2022-11-10 05:14:15,206 - INFO - The train loss is 0.018559. The valid loss is 0.012162.
2022-11-10 05:14:15,206 - INFO - Epoch 26/500
2022-11-10 05:14:15,771 - INFO - The train loss is 0.018234. The valid loss is 0.012353.
2022-11-10 05:14:15,772 - INFO - Epoch 27/500
2022-11-10 05:14:16,353 - INFO - The train loss is 0.018450. The valid loss is 0.011799.
2022-11-10 05:14:16,354 - INFO - Epoch 28/500
2022-11-10 05:14:16,921 - INFO - The train loss is 0.018357. The valid loss is 0.011564.
2022-11-10 05:14:16,921 - INFO - Epoch 29/500
2022-11-10 05:14:17,501 - INFO - The train loss is 0.018264. The valid loss is 0.011815.
2022-11-10 05:14:17,501 - INFO - Epoch 30/500
2022-11-10 05:14:18,125 - INFO - The train loss is 0.018024. The valid loss is 0.012617.
2022-11-10 05:14:18,125 - INFO - Epoch 31/500
2022-11-10 05:14:18,704 - INFO - The train loss is 0.017760. The valid loss is 0.011521.
2022-11-10 05:14:18,705 - INFO -  The training stops early in epoch 31
2022-11-10 05:14:20,613 - INFO - The prediction is finish.
2022-11-10 05:14:20,621 - INFO - The mean squared error of stock ['target'] is [0.0117361]
