2022-11-19 21:25:25,652 - INFO - 
Config:
'add_train': False
'batch_size': 64
'continue_flag': ''
'debug_mode': False
'debug_num': 500
'do_continue_train': False
'do_figure_save': True
'do_log_print_to_screen': True
'do_log_save_to_file': True
'do_predict': True
'do_train': True
'do_train_visualized': False
'dropout_rate': 0.2
'epoch': 500
'feature_columns': [3, 4, 5, 6, 7, 8, 9, 10, 11]
'figure_save_path': './DATA/DAY/result/stockBySectorId/60/11_19_21_25_LSTM=3_time_step=5/figure/'
'file_save_path': './DATA/DAY/result/stockBySectorId/60/11_19_21_25_LSTM=3_time_step=5'
'hidden_size': 128
'input_size': 8
'label_columns': [11]
'label_in_feature_index': [8]
'learning_rate': 0.001
'log_save_path': './DATA/DAY/result/stockBySectorId/60/11_19_21_25_LSTM=3_time_step=5/log/'
'logger_name': '2022_11_19_21_25_25_LSTM=3_time_step=5'
'lstm_layers': 3
'model_name': 'model_pytorch.pth'
'model_postfix': {'pytorch': '.pth'
'keras': '.h5'
'tensorflow': '.ckpt'}
'model_save_path': './DATA/DAY/result/stockBySectorId/60/11_19_21_25_LSTM=3_time_step=5/model/'
'output_size': 1
'patience': 15
'predict_day': 1
'random_seed': 42
'record_save_path': './DATA/DAY/result/stockBySectorId/60/11_19_21_25_LSTM=3_time_step=5/record/'
'shuffle_train_data': True
'time_step': 5
'train_data_path': './DATA/DAY/origin/中证会2016标准不同板块选股/60.csv'
'train_data_rate': 0.95
'use_cuda': False
'used_frame': 'pytorch'
'valid_data_rate': 0.15
2022-11-19 21:25:25,669 - INFO - Epoch 0/500
2022-11-19 21:25:26,243 - INFO - The train loss is 0.404841. The valid loss is 0.115171.
2022-11-19 21:25:26,245 - INFO - Epoch 1/500
2022-11-19 21:25:26,817 - INFO - The train loss is 0.049183. The valid loss is 0.024488.
2022-11-19 21:25:26,820 - INFO - Epoch 2/500
2022-11-19 21:25:27,379 - INFO - The train loss is 0.025540. The valid loss is 0.020360.
2022-11-19 21:25:27,381 - INFO - Epoch 3/500
2022-11-19 21:25:27,955 - INFO - The train loss is 0.023129. The valid loss is 0.018928.
2022-11-19 21:25:27,957 - INFO - Epoch 4/500
2022-11-19 21:25:28,530 - INFO - The train loss is 0.021631. The valid loss is 0.018160.
2022-11-19 21:25:28,532 - INFO - Epoch 5/500
2022-11-19 21:25:29,129 - INFO - The train loss is 0.020095. The valid loss is 0.017829.
2022-11-19 21:25:29,132 - INFO - Epoch 6/500
2022-11-19 21:25:29,683 - INFO - The train loss is 0.019564. The valid loss is 0.017594.
2022-11-19 21:25:29,686 - INFO - Epoch 7/500
2022-11-19 21:25:30,251 - INFO - The train loss is 0.019606. The valid loss is 0.017434.
2022-11-19 21:25:30,253 - INFO - Epoch 8/500
2022-11-19 21:25:30,808 - INFO - The train loss is 0.019652. The valid loss is 0.017240.
2022-11-19 21:25:30,811 - INFO - Epoch 9/500
2022-11-19 21:25:31,376 - INFO - The train loss is 0.019435. The valid loss is 0.017299.
2022-11-19 21:25:31,377 - INFO - Epoch 10/500
2022-11-19 21:25:31,980 - INFO - The train loss is 0.018752. The valid loss is 0.017287.
2022-11-19 21:25:31,980 - INFO - Epoch 11/500
2022-11-19 21:25:32,548 - INFO - The train loss is 0.019030. The valid loss is 0.017480.
2022-11-19 21:25:32,549 - INFO - Epoch 12/500
2022-11-19 21:25:33,104 - INFO - The train loss is 0.018645. The valid loss is 0.017332.
2022-11-19 21:25:33,105 - INFO - Epoch 13/500
2022-11-19 21:25:33,674 - INFO - The train loss is 0.018842. The valid loss is 0.017304.
2022-11-19 21:25:33,674 - INFO - Epoch 14/500
2022-11-19 21:25:34,253 - INFO - The train loss is 0.018520. The valid loss is 0.017139.
2022-11-19 21:25:34,255 - INFO - Epoch 15/500
2022-11-19 21:25:34,877 - INFO - The train loss is 0.018570. The valid loss is 0.017254.
2022-11-19 21:25:34,877 - INFO - Epoch 16/500
2022-11-19 21:25:35,441 - INFO - The train loss is 0.018458. The valid loss is 0.017160.
2022-11-19 21:25:35,441 - INFO - Epoch 17/500
2022-11-19 21:25:36,011 - INFO - The train loss is 0.018332. The valid loss is 0.017242.
2022-11-19 21:25:36,011 - INFO - Epoch 18/500
2022-11-19 21:25:36,570 - INFO - The train loss is 0.018336. The valid loss is 0.017093.
2022-11-19 21:25:36,573 - INFO - Epoch 19/500
2022-11-19 21:25:37,140 - INFO - The train loss is 0.018323. The valid loss is 0.017392.
2022-11-19 21:25:37,140 - INFO - Epoch 20/500
2022-11-19 21:25:37,757 - INFO - The train loss is 0.018239. The valid loss is 0.017407.
2022-11-19 21:25:37,758 - INFO - Epoch 21/500
2022-11-19 21:25:38,311 - INFO - The train loss is 0.018302. The valid loss is 0.017656.
2022-11-19 21:25:38,311 - INFO - Epoch 22/500
2022-11-19 21:25:38,868 - INFO - The train loss is 0.018006. The valid loss is 0.017338.
2022-11-19 21:25:38,869 - INFO - Epoch 23/500
2022-11-19 21:25:39,436 - INFO - The train loss is 0.017970. The valid loss is 0.017385.
2022-11-19 21:25:39,436 - INFO - Epoch 24/500
2022-11-19 21:25:40,011 - INFO - The train loss is 0.017940. The valid loss is 0.017218.
2022-11-19 21:25:40,011 - INFO - Epoch 25/500
2022-11-19 21:25:40,580 - INFO - The train loss is 0.018008. The valid loss is 0.017138.
2022-11-19 21:25:40,581 - INFO - Epoch 26/500
2022-11-19 21:25:41,191 - INFO - The train loss is 0.017914. The valid loss is 0.017431.
2022-11-19 21:25:41,192 - INFO - Epoch 27/500
2022-11-19 21:25:41,748 - INFO - The train loss is 0.017845. The valid loss is 0.017116.
2022-11-19 21:25:41,748 - INFO - Epoch 28/500
2022-11-19 21:25:42,318 - INFO - The train loss is 0.017541. The valid loss is 0.017283.
2022-11-19 21:25:42,318 - INFO - Epoch 29/500
2022-11-19 21:25:42,873 - INFO - The train loss is 0.017753. The valid loss is 0.017338.
2022-11-19 21:25:42,874 - INFO - Epoch 30/500
2022-11-19 21:25:43,444 - INFO - The train loss is 0.017865. The valid loss is 0.017261.
2022-11-19 21:25:43,444 - INFO - Epoch 31/500
2022-11-19 21:25:44,044 - INFO - The train loss is 0.017760. The valid loss is 0.017016.
2022-11-19 21:25:44,046 - INFO - Epoch 32/500
2022-11-19 21:25:44,617 - INFO - The train loss is 0.017701. The valid loss is 0.017181.
2022-11-19 21:25:44,617 - INFO - Epoch 33/500
2022-11-19 21:25:45,177 - INFO - The train loss is 0.017765. The valid loss is 0.017371.
2022-11-19 21:25:45,178 - INFO - Epoch 34/500
2022-11-19 21:25:45,750 - INFO - The train loss is 0.017584. The valid loss is 0.017354.
2022-11-19 21:25:45,750 - INFO - Epoch 35/500
2022-11-19 21:25:46,308 - INFO - The train loss is 0.017538. The valid loss is 0.017202.
2022-11-19 21:25:46,308 - INFO - Epoch 36/500
2022-11-19 21:25:46,914 - INFO - The train loss is 0.017521. The valid loss is 0.017125.
2022-11-19 21:25:46,914 - INFO - Epoch 37/500
2022-11-19 21:25:47,469 - INFO - The train loss is 0.017522. The valid loss is 0.017159.
2022-11-19 21:25:47,469 - INFO - Epoch 38/500
2022-11-19 21:25:48,038 - INFO - The train loss is 0.017610. The valid loss is 0.017340.
2022-11-19 21:25:48,039 - INFO - Epoch 39/500
2022-11-19 21:25:48,593 - INFO - The train loss is 0.017531. The valid loss is 0.017401.
2022-11-19 21:25:48,594 - INFO - Epoch 40/500
2022-11-19 21:25:49,162 - INFO - The train loss is 0.017277. The valid loss is 0.017434.
2022-11-19 21:25:49,162 - INFO - Epoch 41/500
2022-11-19 21:25:49,726 - INFO - The train loss is 0.017470. The valid loss is 0.017007.
2022-11-19 21:25:49,729 - INFO - Epoch 42/500
2022-11-19 21:25:50,327 - INFO - The train loss is 0.017319. The valid loss is 0.017156.
2022-11-19 21:25:50,327 - INFO - Epoch 43/500
2022-11-19 21:25:50,881 - INFO - The train loss is 0.017514. The valid loss is 0.017506.
2022-11-19 21:25:50,881 - INFO - Epoch 44/500
2022-11-19 21:25:51,448 - INFO - The train loss is 0.017480. The valid loss is 0.017591.
2022-11-19 21:25:51,448 - INFO - Epoch 45/500
2022-11-19 21:25:52,007 - INFO - The train loss is 0.017267. The valid loss is 0.017081.
2022-11-19 21:25:52,008 - INFO - Epoch 46/500
2022-11-19 21:25:52,584 - INFO - The train loss is 0.017405. The valid loss is 0.017095.
2022-11-19 21:25:52,585 - INFO - Epoch 47/500
2022-11-19 21:25:53,183 - INFO - The train loss is 0.017222. The valid loss is 0.016996.
2022-11-19 21:25:53,185 - INFO - Epoch 48/500
2022-11-19 21:25:53,756 - INFO - The train loss is 0.017240. The valid loss is 0.017149.
2022-11-19 21:25:53,756 - INFO - Epoch 49/500
2022-11-19 21:25:54,311 - INFO - The train loss is 0.017065. The valid loss is 0.017320.
2022-11-19 21:25:54,311 - INFO - Epoch 50/500
2022-11-19 21:25:54,884 - INFO - The train loss is 0.016986. The valid loss is 0.017004.
2022-11-19 21:25:54,884 - INFO - Epoch 51/500
2022-11-19 21:25:55,440 - INFO - The train loss is 0.016858. The valid loss is 0.017068.
2022-11-19 21:25:55,440 - INFO - Epoch 52/500
2022-11-19 21:25:56,060 - INFO - The train loss is 0.017131. The valid loss is 0.017091.
2022-11-19 21:25:56,060 - INFO - Epoch 53/500
2022-11-19 21:25:56,618 - INFO - The train loss is 0.016986. The valid loss is 0.017046.
2022-11-19 21:25:56,619 - INFO - Epoch 54/500
2022-11-19 21:25:57,190 - INFO - The train loss is 0.016883. The valid loss is 0.017103.
2022-11-19 21:25:57,190 - INFO - Epoch 55/500
2022-11-19 21:25:57,745 - INFO - The train loss is 0.016917. The valid loss is 0.017053.
2022-11-19 21:25:57,745 - INFO - Epoch 56/500
2022-11-19 21:25:58,315 - INFO - The train loss is 0.016914. The valid loss is 0.016979.
2022-11-19 21:25:58,317 - INFO - Epoch 57/500
2022-11-19 21:25:59,489 - INFO - The train loss is 0.016964. The valid loss is 0.017225.
2022-11-19 21:25:59,489 - INFO - Epoch 58/500
2022-11-19 21:26:02,101 - INFO - The train loss is 0.016956. The valid loss is 0.016978.
2022-11-19 21:26:02,103 - INFO - Epoch 59/500
2022-11-19 21:26:04,019 - INFO - The train loss is 0.016829. The valid loss is 0.017197.
2022-11-19 21:26:04,019 - INFO - Epoch 60/500
2022-11-19 21:26:04,615 - INFO - The train loss is 0.016883. The valid loss is 0.016912.
2022-11-19 21:26:04,618 - INFO - Epoch 61/500
2022-11-19 21:26:06,669 - INFO - The train loss is 0.016665. The valid loss is 0.017098.
2022-11-19 21:26:06,669 - INFO - Epoch 62/500
2022-11-19 21:26:08,586 - INFO - The train loss is 0.016563. The valid loss is 0.017105.
2022-11-19 21:26:08,586 - INFO - Epoch 63/500
2022-11-19 21:26:09,173 - INFO - The train loss is 0.016648. The valid loss is 0.017184.
2022-11-19 21:26:09,173 - INFO - Epoch 64/500
2022-11-19 21:26:11,292 - INFO - The train loss is 0.016694. The valid loss is 0.016997.
2022-11-19 21:26:11,292 - INFO - Epoch 65/500
2022-11-19 21:26:13,253 - INFO - The train loss is 0.016574. The valid loss is 0.016996.
2022-11-19 21:26:13,254 - INFO - Epoch 66/500
2022-11-19 21:26:13,842 - INFO - The train loss is 0.016460. The valid loss is 0.016957.
2022-11-19 21:26:13,843 - INFO - Epoch 67/500
2022-11-19 21:26:15,868 - INFO - The train loss is 0.016680. The valid loss is 0.017005.
2022-11-19 21:26:15,868 - INFO - Epoch 68/500
2022-11-19 21:26:17,786 - INFO - The train loss is 0.016742. The valid loss is 0.017040.
2022-11-19 21:26:17,786 - INFO - Epoch 69/500
2022-11-19 21:26:18,357 - INFO - The train loss is 0.016403. The valid loss is 0.016864.
2022-11-19 21:26:18,360 - INFO - Epoch 70/500
2022-11-19 21:26:20,436 - INFO - The train loss is 0.016446. The valid loss is 0.017034.
2022-11-19 21:26:20,436 - INFO - Epoch 71/500
2022-11-19 21:26:22,335 - INFO - The train loss is 0.016453. The valid loss is 0.016943.
2022-11-19 21:26:22,335 - INFO - Epoch 72/500
2022-11-19 21:26:22,929 - INFO - The train loss is 0.016725. The valid loss is 0.016925.
2022-11-19 21:26:22,929 - INFO - Epoch 73/500
2022-11-19 21:26:24,961 - INFO - The train loss is 0.016358. The valid loss is 0.016940.
2022-11-19 21:26:24,961 - INFO - Epoch 74/500
2022-11-19 21:26:26,846 - INFO - The train loss is 0.016398. The valid loss is 0.016936.
2022-11-19 21:26:26,846 - INFO - Epoch 75/500
2022-11-19 21:26:27,445 - INFO - The train loss is 0.016274. The valid loss is 0.016859.
2022-11-19 21:26:27,448 - INFO - Epoch 76/500
2022-11-19 21:26:29,517 - INFO - The train loss is 0.016234. The valid loss is 0.016988.
2022-11-19 21:26:29,518 - INFO - Epoch 77/500
2022-11-19 21:26:31,451 - INFO - The train loss is 0.016211. The valid loss is 0.016997.
2022-11-19 21:26:31,451 - INFO - Epoch 78/500
2022-11-19 21:26:32,044 - INFO - The train loss is 0.016260. The valid loss is 0.016768.
2022-11-19 21:26:32,047 - INFO - Epoch 79/500
2022-11-19 21:26:34,108 - INFO - The train loss is 0.016283. The valid loss is 0.017040.
2022-11-19 21:26:34,108 - INFO - Epoch 80/500
2022-11-19 21:26:36,035 - INFO - The train loss is 0.016397. The valid loss is 0.016923.
2022-11-19 21:26:36,036 - INFO - Epoch 81/500
2022-11-19 21:26:36,607 - INFO - The train loss is 0.016026. The valid loss is 0.017042.
2022-11-19 21:26:36,607 - INFO - Epoch 82/500
2022-11-19 21:26:38,595 - INFO - The train loss is 0.016191. The valid loss is 0.016865.
2022-11-19 21:26:38,595 - INFO - Epoch 83/500
2022-11-19 21:26:40,568 - INFO - The train loss is 0.016049. The valid loss is 0.016786.
2022-11-19 21:26:40,568 - INFO - Epoch 84/500
2022-11-19 21:26:41,207 - INFO - The train loss is 0.016255. The valid loss is 0.017049.
2022-11-19 21:26:41,208 - INFO - Epoch 85/500
2022-11-19 21:26:43,140 - INFO - The train loss is 0.016001. The valid loss is 0.016793.
2022-11-19 21:26:43,141 - INFO - Epoch 86/500
2022-11-19 21:26:45,135 - INFO - The train loss is 0.016099. The valid loss is 0.016779.
2022-11-19 21:26:45,136 - INFO - Epoch 87/500
2022-11-19 21:26:45,732 - INFO - The train loss is 0.015838. The valid loss is 0.016631.
2022-11-19 21:26:45,735 - INFO - Epoch 88/500
2022-11-19 21:26:47,667 - INFO - The train loss is 0.015979. The valid loss is 0.017058.
2022-11-19 21:26:47,667 - INFO - Epoch 89/500
2022-11-19 21:26:48,246 - INFO - The train loss is 0.016046. The valid loss is 0.016931.
2022-11-19 21:26:48,247 - INFO - Epoch 90/500
2022-11-19 21:26:50,299 - INFO - The train loss is 0.015785. The valid loss is 0.016800.
2022-11-19 21:26:50,299 - INFO - Epoch 91/500
2022-11-19 21:26:52,196 - INFO - The train loss is 0.016013. The valid loss is 0.016738.
2022-11-19 21:26:52,197 - INFO - Epoch 92/500
2022-11-19 21:26:52,770 - INFO - The train loss is 0.015955. The valid loss is 0.016935.
2022-11-19 21:26:52,770 - INFO - Epoch 93/500
2022-11-19 21:26:54,769 - INFO - The train loss is 0.015956. The valid loss is 0.016692.
2022-11-19 21:26:54,769 - INFO - Epoch 94/500
2022-11-19 21:26:56,732 - INFO - The train loss is 0.015727. The valid loss is 0.016769.
2022-11-19 21:26:56,776 - INFO - Epoch 95/500
2022-11-19 21:26:57,366 - INFO - The train loss is 0.015823. The valid loss is 0.017029.
2022-11-19 21:26:57,366 - INFO - Epoch 96/500
2022-11-19 21:26:59,453 - INFO - The train loss is 0.015792. The valid loss is 0.016910.
2022-11-19 21:26:59,453 - INFO - Epoch 97/500
2022-11-19 21:27:01,382 - INFO - The train loss is 0.015753. The valid loss is 0.016769.
2022-11-19 21:27:01,382 - INFO - Epoch 98/500
2022-11-19 21:27:01,973 - INFO - The train loss is 0.015655. The valid loss is 0.016702.
2022-11-19 21:27:01,973 - INFO - Epoch 99/500
2022-11-19 21:27:04,005 - INFO - The train loss is 0.015657. The valid loss is 0.016759.
2022-11-19 21:27:04,006 - INFO - Epoch 100/500
2022-11-19 21:27:05,904 - INFO - The train loss is 0.015665. The valid loss is 0.016713.
2022-11-19 21:27:05,904 - INFO - Epoch 101/500
2022-11-19 21:27:06,478 - INFO - The train loss is 0.015713. The valid loss is 0.016492.
2022-11-19 21:27:06,481 - INFO - Epoch 102/500
2022-11-19 21:27:08,499 - INFO - The train loss is 0.015732. The valid loss is 0.016751.
2022-11-19 21:27:08,499 - INFO - Epoch 103/500
2022-11-19 21:27:10,435 - INFO - The train loss is 0.015590. The valid loss is 0.016418.
2022-11-19 21:27:10,437 - INFO - Epoch 104/500
2022-11-19 21:27:11,037 - INFO - The train loss is 0.015540. The valid loss is 0.017071.
2022-11-19 21:27:11,037 - INFO - Epoch 105/500
2022-11-19 21:27:13,102 - INFO - The train loss is 0.015592. The valid loss is 0.016529.
2022-11-19 21:27:13,102 - INFO - Epoch 106/500
2022-11-19 21:27:15,060 - INFO - The train loss is 0.015415. The valid loss is 0.016560.
2022-11-19 21:27:15,060 - INFO - Epoch 107/500
2022-11-19 21:27:15,651 - INFO - The train loss is 0.015409. The valid loss is 0.016562.
2022-11-19 21:27:15,651 - INFO - Epoch 108/500
2022-11-19 21:27:17,611 - INFO - The train loss is 0.015511. The valid loss is 0.016501.
2022-11-19 21:27:17,612 - INFO - Epoch 109/500
2022-11-19 21:27:19,609 - INFO - The train loss is 0.015522. The valid loss is 0.016763.
2022-11-19 21:27:19,609 - INFO - Epoch 110/500
2022-11-19 21:27:20,247 - INFO - The train loss is 0.015260. The valid loss is 0.016483.
2022-11-19 21:27:20,247 - INFO - Epoch 111/500
2022-11-19 21:27:22,249 - INFO - The train loss is 0.015325. The valid loss is 0.016528.
2022-11-19 21:27:22,249 - INFO - Epoch 112/500
2022-11-19 21:27:24,245 - INFO - The train loss is 0.015198. The valid loss is 0.016670.
2022-11-19 21:27:24,245 - INFO - Epoch 113/500
2022-11-19 21:27:24,820 - INFO - The train loss is 0.015066. The valid loss is 0.016396.
2022-11-19 21:27:24,823 - INFO - Epoch 114/500
2022-11-19 21:27:26,722 - INFO - The train loss is 0.015258. The valid loss is 0.016737.
2022-11-19 21:27:26,723 - INFO - Epoch 115/500
2022-11-19 21:27:27,848 - INFO - The train loss is 0.015269. The valid loss is 0.016491.
2022-11-19 21:27:27,848 - INFO - Epoch 116/500
2022-11-19 21:27:29,290 - INFO - The train loss is 0.015352. The valid loss is 0.016510.
2022-11-19 21:27:29,291 - INFO - Epoch 117/500
2022-11-19 21:27:31,236 - INFO - The train loss is 0.015287. The valid loss is 0.016489.
2022-11-19 21:27:31,236 - INFO - Epoch 118/500
2022-11-19 21:27:32,509 - INFO - The train loss is 0.015044. The valid loss is 0.016386.
2022-11-19 21:27:32,511 - INFO - Epoch 119/500
2022-11-19 21:27:33,805 - INFO - The train loss is 0.015099. The valid loss is 0.016610.
2022-11-19 21:27:33,806 - INFO - Epoch 120/500
2022-11-19 21:27:35,713 - INFO - The train loss is 0.015036. The valid loss is 0.016234.
2022-11-19 21:27:35,715 - INFO - Epoch 121/500
2022-11-19 21:27:36,300 - INFO - The train loss is 0.015090. The valid loss is 0.016470.
2022-11-19 21:27:36,300 - INFO - Epoch 122/500
2022-11-19 21:27:38,314 - INFO - The train loss is 0.015181. The valid loss is 0.016261.
2022-11-19 21:27:38,314 - INFO - Epoch 123/500
2022-11-19 21:27:40,295 - INFO - The train loss is 0.014992. The valid loss is 0.016398.
2022-11-19 21:27:40,295 - INFO - Epoch 124/500
2022-11-19 21:27:41,038 - INFO - The train loss is 0.015001. The valid loss is 0.016405.
2022-11-19 21:27:41,038 - INFO - Epoch 125/500
2022-11-19 21:27:42,854 - INFO - The train loss is 0.015064. The valid loss is 0.016294.
2022-11-19 21:27:42,854 - INFO - Epoch 126/500
2022-11-19 21:27:44,749 - INFO - The train loss is 0.014989. The valid loss is 0.016365.
2022-11-19 21:27:44,749 - INFO - Epoch 127/500
2022-11-19 21:27:45,313 - INFO - The train loss is 0.015215. The valid loss is 0.016272.
2022-11-19 21:27:45,314 - INFO - Epoch 128/500
2022-11-19 21:27:47,359 - INFO - The train loss is 0.014892. The valid loss is 0.016336.
2022-11-19 21:27:47,359 - INFO - Epoch 129/500
2022-11-19 21:27:49,313 - INFO - The train loss is 0.014809. The valid loss is 0.016183.
2022-11-19 21:27:49,315 - INFO - Epoch 130/500
2022-11-19 21:27:49,894 - INFO - The train loss is 0.014803. The valid loss is 0.016201.
2022-11-19 21:27:49,894 - INFO - Epoch 131/500
2022-11-19 21:27:51,882 - INFO - The train loss is 0.014880. The valid loss is 0.016105.
2022-11-19 21:27:51,884 - INFO - Epoch 132/500
2022-11-19 21:27:53,786 - INFO - The train loss is 0.014806. The valid loss is 0.016386.
2022-11-19 21:27:53,787 - INFO - Epoch 133/500
2022-11-19 21:27:54,380 - INFO - The train loss is 0.014821. The valid loss is 0.016577.
2022-11-19 21:27:54,381 - INFO - Epoch 134/500
2022-11-19 21:27:56,319 - INFO - The train loss is 0.014800. The valid loss is 0.016428.
2022-11-19 21:27:56,319 - INFO - Epoch 135/500
2022-11-19 21:27:58,360 - INFO - The train loss is 0.014735. The valid loss is 0.016228.
2022-11-19 21:27:58,360 - INFO - Epoch 136/500
2022-11-19 21:27:58,934 - INFO - The train loss is 0.014557. The valid loss is 0.016213.
2022-11-19 21:27:58,935 - INFO - Epoch 137/500
2022-11-19 21:28:00,878 - INFO - The train loss is 0.014706. The valid loss is 0.016199.
2022-11-19 21:28:00,879 - INFO - Epoch 138/500
2022-11-19 21:28:02,887 - INFO - The train loss is 0.014679. The valid loss is 0.016228.
2022-11-19 21:28:02,887 - INFO - Epoch 139/500
2022-11-19 21:28:03,461 - INFO - The train loss is 0.014567. The valid loss is 0.015957.
2022-11-19 21:28:03,464 - INFO - Epoch 140/500
2022-11-19 21:28:05,394 - INFO - The train loss is 0.014666. The valid loss is 0.016118.
2022-11-19 21:28:05,394 - INFO - Epoch 141/500
2022-11-19 21:28:07,390 - INFO - The train loss is 0.014642. The valid loss is 0.016096.
2022-11-19 21:28:07,390 - INFO - Epoch 142/500
2022-11-19 21:28:07,976 - INFO - The train loss is 0.014419. The valid loss is 0.016071.
2022-11-19 21:28:07,977 - INFO - Epoch 143/500
2022-11-19 21:28:09,902 - INFO - The train loss is 0.014680. The valid loss is 0.016307.
2022-11-19 21:28:09,902 - INFO - Epoch 144/500
2022-11-19 21:28:11,977 - INFO - The train loss is 0.014321. The valid loss is 0.016089.
2022-11-19 21:28:11,977 - INFO - Epoch 145/500
2022-11-19 21:28:12,559 - INFO - The train loss is 0.014398. The valid loss is 0.016011.
2022-11-19 21:28:12,560 - INFO - Epoch 146/500
2022-11-19 21:28:14,499 - INFO - The train loss is 0.014493. The valid loss is 0.016088.
2022-11-19 21:28:14,500 - INFO - Epoch 147/500
2022-11-19 21:28:16,528 - INFO - The train loss is 0.014293. The valid loss is 0.016062.
2022-11-19 21:28:16,528 - INFO - Epoch 148/500
2022-11-19 21:28:17,108 - INFO - The train loss is 0.014341. The valid loss is 0.015989.
2022-11-19 21:28:17,108 - INFO - Epoch 149/500
2022-11-19 21:28:19,050 - INFO - The train loss is 0.014545. The valid loss is 0.016244.
2022-11-19 21:28:19,050 - INFO - Epoch 150/500
2022-11-19 21:28:21,042 - INFO - The train loss is 0.014282. The valid loss is 0.016070.
2022-11-19 21:28:21,042 - INFO - Epoch 151/500
2022-11-19 21:28:21,621 - INFO - The train loss is 0.014473. The valid loss is 0.015967.
2022-11-19 21:28:21,621 - INFO - Epoch 152/500
2022-11-19 21:28:23,579 - INFO - The train loss is 0.014312. The valid loss is 0.016069.
2022-11-19 21:28:23,579 - INFO - Epoch 153/500
2022-11-19 21:28:25,556 - INFO - The train loss is 0.014288. The valid loss is 0.015935.
2022-11-19 21:28:25,559 - INFO - Epoch 154/500
2022-11-19 21:28:26,130 - INFO - The train loss is 0.014202. The valid loss is 0.015836.
2022-11-19 21:28:26,132 - INFO - Epoch 155/500
2022-11-19 21:28:28,091 - INFO - The train loss is 0.014315. The valid loss is 0.016089.
2022-11-19 21:28:28,092 - INFO - Epoch 156/500
2022-11-19 21:28:28,674 - INFO - The train loss is 0.014358. The valid loss is 0.016015.
2022-11-19 21:28:28,675 - INFO - Epoch 157/500
2022-11-19 21:28:30,671 - INFO - The train loss is 0.014254. The valid loss is 0.016147.
2022-11-19 21:28:30,671 - INFO - Epoch 158/500
2022-11-19 21:28:32,589 - INFO - The train loss is 0.014161. The valid loss is 0.015919.
2022-11-19 21:28:32,589 - INFO - Epoch 159/500
2022-11-19 21:28:33,184 - INFO - The train loss is 0.014099. The valid loss is 0.015973.
2022-11-19 21:28:33,184 - INFO - Epoch 160/500
2022-11-19 21:28:35,092 - INFO - The train loss is 0.014173. The valid loss is 0.016096.
2022-11-19 21:28:35,092 - INFO - Epoch 161/500
2022-11-19 21:28:36,300 - INFO - The train loss is 0.014303. The valid loss is 0.016258.
2022-11-19 21:28:36,300 - INFO - Epoch 162/500
2022-11-19 21:28:37,773 - INFO - The train loss is 0.014122. The valid loss is 0.015969.
2022-11-19 21:28:37,773 - INFO - Epoch 163/500
2022-11-19 21:28:39,684 - INFO - The train loss is 0.013985. The valid loss is 0.016040.
2022-11-19 21:28:39,684 - INFO - Epoch 164/500
2022-11-19 21:28:40,260 - INFO - The train loss is 0.013943. The valid loss is 0.016087.
2022-11-19 21:28:40,260 - INFO - Epoch 165/500
2022-11-19 21:28:42,275 - INFO - The train loss is 0.014167. The valid loss is 0.015857.
2022-11-19 21:28:42,275 - INFO - Epoch 166/500
2022-11-19 21:28:44,194 - INFO - The train loss is 0.014088. The valid loss is 0.015898.
2022-11-19 21:28:44,195 - INFO - Epoch 167/500
2022-11-19 21:28:44,832 - INFO - The train loss is 0.013979. The valid loss is 0.016039.
2022-11-19 21:28:44,832 - INFO - Epoch 168/500
2022-11-19 21:28:46,842 - INFO - The train loss is 0.014107. The valid loss is 0.015974.
2022-11-19 21:28:46,842 - INFO - Epoch 169/500
2022-11-19 21:28:47,413 - INFO - The train loss is 0.014230. The valid loss is 0.015755.
2022-11-19 21:28:47,415 - INFO - Epoch 170/500
2022-11-19 21:28:49,340 - INFO - The train loss is 0.013813. The valid loss is 0.016001.
2022-11-19 21:28:49,340 - INFO - Epoch 171/500
2022-11-19 21:28:51,341 - INFO - The train loss is 0.014076. The valid loss is 0.015948.
2022-11-19 21:28:51,341 - INFO - Epoch 172/500
2022-11-19 21:28:51,907 - INFO - The train loss is 0.013973. The valid loss is 0.015929.
2022-11-19 21:28:51,907 - INFO - Epoch 173/500
2022-11-19 21:28:53,854 - INFO - The train loss is 0.013930. The valid loss is 0.016067.
2022-11-19 21:28:53,854 - INFO - Epoch 174/500
2022-11-19 21:28:54,580 - INFO - The train loss is 0.014004. The valid loss is 0.015708.
2022-11-19 21:28:54,582 - INFO - Epoch 175/500
2022-11-19 21:28:56,468 - INFO - The train loss is 0.013794. The valid loss is 0.015783.
2022-11-19 21:28:56,469 - INFO - Epoch 176/500
2022-11-19 21:28:58,408 - INFO - The train loss is 0.013927. The valid loss is 0.015978.
2022-11-19 21:28:58,409 - INFO - Epoch 177/500
2022-11-19 21:28:58,998 - INFO - The train loss is 0.013864. The valid loss is 0.016148.
2022-11-19 21:28:58,998 - INFO - Epoch 178/500
2022-11-19 21:29:01,073 - INFO - The train loss is 0.013954. The valid loss is 0.015844.
2022-11-19 21:29:01,073 - INFO - Epoch 179/500
2022-11-19 21:29:02,298 - INFO - The train loss is 0.013711. The valid loss is 0.015926.
2022-11-19 21:29:02,299 - INFO - Epoch 180/500
2022-11-19 21:29:03,543 - INFO - The train loss is 0.013819. The valid loss is 0.015722.
2022-11-19 21:29:03,543 - INFO - Epoch 181/500
2022-11-19 21:29:05,579 - INFO - The train loss is 0.013885. The valid loss is 0.015777.
2022-11-19 21:29:05,580 - INFO - Epoch 182/500
2022-11-19 21:29:06,199 - INFO - The train loss is 0.013665. The valid loss is 0.015890.
2022-11-19 21:29:06,200 - INFO - Epoch 183/500
2022-11-19 21:29:08,116 - INFO - The train loss is 0.013626. The valid loss is 0.015938.
2022-11-19 21:29:08,117 - INFO - Epoch 184/500
2022-11-19 21:29:10,138 - INFO - The train loss is 0.013687. The valid loss is 0.015795.
2022-11-19 21:29:10,138 - INFO - Epoch 185/500
2022-11-19 21:29:10,719 - INFO - The train loss is 0.013690. The valid loss is 0.015653.
2022-11-19 21:29:10,721 - INFO - Epoch 186/500
2022-11-19 21:29:12,649 - INFO - The train loss is 0.013624. The valid loss is 0.015849.
2022-11-19 21:29:12,649 - INFO - Epoch 187/500
2022-11-19 21:29:13,217 - INFO - The train loss is 0.013703. The valid loss is 0.015736.
2022-11-19 21:29:13,218 - INFO - Epoch 188/500
2022-11-19 21:29:15,190 - INFO - The train loss is 0.013671. The valid loss is 0.015781.
2022-11-19 21:29:15,191 - INFO - Epoch 189/500
2022-11-19 21:29:17,199 - INFO - The train loss is 0.013678. The valid loss is 0.015928.
2022-11-19 21:29:17,199 - INFO - Epoch 190/500
2022-11-19 21:29:17,772 - INFO - The train loss is 0.013543. The valid loss is 0.015999.
2022-11-19 21:29:17,772 - INFO - Epoch 191/500
2022-11-19 21:29:19,683 - INFO - The train loss is 0.013668. The valid loss is 0.016196.
2022-11-19 21:29:19,683 - INFO - Epoch 192/500
2022-11-19 21:29:21,707 - INFO - The train loss is 0.013657. The valid loss is 0.015981.
2022-11-19 21:29:21,708 - INFO - Epoch 193/500
2022-11-19 21:29:22,289 - INFO - The train loss is 0.013562. The valid loss is 0.015842.
2022-11-19 21:29:22,289 - INFO - Epoch 194/500
2022-11-19 21:29:24,283 - INFO - The train loss is 0.013503. The valid loss is 0.016404.
2022-11-19 21:29:24,283 - INFO - Epoch 195/500
2022-11-19 21:29:25,842 - INFO - The train loss is 0.013581. The valid loss is 0.016122.
2022-11-19 21:29:25,843 - INFO - Epoch 196/500
2022-11-19 21:29:26,881 - INFO - The train loss is 0.013570. The valid loss is 0.016112.
2022-11-19 21:29:26,893 - INFO - Epoch 197/500
2022-11-19 21:29:28,827 - INFO - The train loss is 0.013591. The valid loss is 0.016208.
2022-11-19 21:29:28,827 - INFO - Epoch 198/500
2022-11-19 21:29:29,395 - INFO - The train loss is 0.013507. The valid loss is 0.015899.
2022-11-19 21:29:29,395 - INFO - Epoch 199/500
2022-11-19 21:29:31,394 - INFO - The train loss is 0.013422. The valid loss is 0.015839.
2022-11-19 21:29:31,394 - INFO - Epoch 200/500
2022-11-19 21:29:33,294 - INFO - The train loss is 0.013399. The valid loss is 0.016040.
2022-11-19 21:29:33,294 - INFO -  The training stops early in epoch 200
2022-11-19 21:29:33,954 - INFO - The prediction is finish.
2022-11-19 21:29:33,963 - INFO - The mean squared error of stock ['target'] is [0.27417141]
