2022-11-10 03:41:32,544 - INFO - 
Config:
'add_train': False
'batch_size': 64
'continue_flag': ''
'debug_mode': False
'debug_num': 500
'do_continue_train': False
'do_figure_save': True
'do_log_print_to_screen': True
'do_log_save_to_file': True
'do_predict': True
'do_train': True
'do_train_visualized': False
'dropout_rate': 0.2
'epoch': 500
'feature_columns': [3, 4, 5, 6, 7, 8, 9, 10, 11]
'figure_save_path': './DATA/DAY/result/stockBySectorId/75/11_10_03_41_LSTM=3_time_step=5/figure/'
'file_save_path': './DATA/DAY/result/stockBySectorId/75/11_10_03_41_LSTM=3_time_step=5'
'hidden_size': 128
'input_size': 8
'label_columns': [11]
'label_in_feature_index': [8]
'learning_rate': 0.001
'log_save_path': './DATA/DAY/result/stockBySectorId/75/11_10_03_41_LSTM=3_time_step=5/log/'
'logger_name': '2022_11_10_03_41_32_LSTM=3_time_step=5'
'lstm_layers': 3
'model_name': 'model_pytorch.pth'
'model_postfix': {'pytorch': '.pth'
'keras': '.h5'
'tensorflow': '.ckpt'}
'model_save_path': './DATA/DAY/result/stockBySectorId/75/11_10_03_41_LSTM=3_time_step=5/model/'
'output_size': 1
'patience': 15
'predict_day': 1
'random_seed': 42
'record_save_path': './DATA/DAY/result/stockBySectorId/75/11_10_03_41_LSTM=3_time_step=5/record/'
'shuffle_train_data': True
'time_step': 5
'train_data_path': './DATA/DAY/origin/中证会2016标准不同板块选股/75.csv'
'train_data_rate': 0.95
'use_cuda': False
'used_frame': 'pytorch'
'valid_data_rate': 0.15
2022-11-10 03:41:32,561 - INFO - Epoch 0/500
2022-11-10 03:41:33,158 - INFO - The train loss is 0.397852. The valid loss is 0.088391.
2022-11-10 03:41:33,160 - INFO - Epoch 1/500
2022-11-10 03:41:33,780 - INFO - The train loss is 0.050451. The valid loss is 0.029289.
2022-11-10 03:41:33,783 - INFO - Epoch 2/500
2022-11-10 03:41:34,349 - INFO - The train loss is 0.029133. The valid loss is 0.018179.
2022-11-10 03:41:34,351 - INFO - Epoch 3/500
2022-11-10 03:41:34,930 - INFO - The train loss is 0.023491. The valid loss is 0.016075.
2022-11-10 03:41:34,933 - INFO - Epoch 4/500
2022-11-10 03:41:35,499 - INFO - The train loss is 0.020862. The valid loss is 0.013517.
2022-11-10 03:41:35,501 - INFO - Epoch 5/500
2022-11-10 03:41:36,094 - INFO - The train loss is 0.019747. The valid loss is 0.015459.
2022-11-10 03:41:36,094 - INFO - Epoch 6/500
2022-11-10 03:41:36,660 - INFO - The train loss is 0.018851. The valid loss is 0.012274.
2022-11-10 03:41:36,663 - INFO - Epoch 7/500
2022-11-10 03:41:37,244 - INFO - The train loss is 0.018404. The valid loss is 0.012696.
2022-11-10 03:41:37,244 - INFO - Epoch 8/500
2022-11-10 03:41:37,810 - INFO - The train loss is 0.018080. The valid loss is 0.011245.
2022-11-10 03:41:37,812 - INFO - Epoch 9/500
2022-11-10 03:41:38,395 - INFO - The train loss is 0.017740. The valid loss is 0.011548.
2022-11-10 03:41:38,395 - INFO - Epoch 10/500
2022-11-10 03:41:38,974 - INFO - The train loss is 0.018117. The valid loss is 0.011955.
2022-11-10 03:41:38,974 - INFO - Epoch 11/500
2022-11-10 03:41:39,597 - INFO - The train loss is 0.017915. The valid loss is 0.011042.
2022-11-10 03:41:39,600 - INFO - Epoch 12/500
2022-11-10 03:41:40,168 - INFO - The train loss is 0.017518. The valid loss is 0.011758.
2022-11-10 03:41:40,168 - INFO - Epoch 13/500
2022-11-10 03:41:40,749 - INFO - The train loss is 0.017343. The valid loss is 0.010978.
2022-11-10 03:41:40,751 - INFO - Epoch 14/500
2022-11-10 03:41:41,321 - INFO - The train loss is 0.017455. The valid loss is 0.011196.
2022-11-10 03:41:41,321 - INFO - Epoch 15/500
2022-11-10 03:41:41,951 - INFO - The train loss is 0.016923. The valid loss is 0.010916.
2022-11-10 03:41:41,954 - INFO - Epoch 16/500
2022-11-10 03:41:42,533 - INFO - The train loss is 0.016982. The valid loss is 0.010842.
2022-11-10 03:41:42,535 - INFO - Epoch 17/500
2022-11-10 03:41:43,102 - INFO - The train loss is 0.017174. The valid loss is 0.010917.
2022-11-10 03:41:43,103 - INFO - Epoch 18/500
2022-11-10 03:41:43,684 - INFO - The train loss is 0.017066. The valid loss is 0.012535.
2022-11-10 03:41:43,684 - INFO - Epoch 19/500
2022-11-10 03:41:44,251 - INFO - The train loss is 0.017498. The valid loss is 0.010502.
2022-11-10 03:41:44,253 - INFO - Epoch 20/500
2022-11-10 03:41:44,888 - INFO - The train loss is 0.016725. The valid loss is 0.010636.
2022-11-10 03:41:44,888 - INFO - Epoch 21/500
2022-11-10 03:41:45,456 - INFO - The train loss is 0.016149. The valid loss is 0.011358.
2022-11-10 03:41:45,456 - INFO - Epoch 22/500
2022-11-10 03:41:46,038 - INFO - The train loss is 0.016810. The valid loss is 0.012119.
2022-11-10 03:41:46,038 - INFO - Epoch 23/500
2022-11-10 03:41:46,603 - INFO - The train loss is 0.016886. The valid loss is 0.011142.
2022-11-10 03:41:46,604 - INFO - Epoch 24/500
2022-11-10 03:41:47,184 - INFO - The train loss is 0.016178. The valid loss is 0.010892.
2022-11-10 03:41:47,185 - INFO - Epoch 25/500
2022-11-10 03:41:47,768 - INFO - The train loss is 0.016343. The valid loss is 0.011083.
2022-11-10 03:41:47,769 - INFO - Epoch 26/500
2022-11-10 03:41:48,388 - INFO - The train loss is 0.016097. The valid loss is 0.010764.
2022-11-10 03:41:48,388 - INFO - Epoch 27/500
2022-11-10 03:41:48,955 - INFO - The train loss is 0.015992. The valid loss is 0.010991.
2022-11-10 03:41:48,955 - INFO - Epoch 28/500
2022-11-10 03:41:49,534 - INFO - The train loss is 0.016183. The valid loss is 0.011683.
2022-11-10 03:41:49,535 - INFO - Epoch 29/500
2022-11-10 03:41:50,101 - INFO - The train loss is 0.016157. The valid loss is 0.011521.
2022-11-10 03:41:50,101 - INFO - Epoch 30/500
2022-11-10 03:41:50,681 - INFO - The train loss is 0.016412. The valid loss is 0.013443.
2022-11-10 03:41:50,681 - INFO - Epoch 31/500
2022-11-10 03:41:51,288 - INFO - The train loss is 0.016205. The valid loss is 0.012694.
2022-11-10 03:41:51,288 - INFO - Epoch 32/500
2022-11-10 03:41:51,868 - INFO - The train loss is 0.016240. The valid loss is 0.010545.
2022-11-10 03:41:51,868 - INFO - Epoch 33/500
2022-11-10 03:41:52,433 - INFO - The train loss is 0.016075. The valid loss is 0.011451.
2022-11-10 03:41:52,433 - INFO - Epoch 34/500
2022-11-10 03:41:53,010 - INFO - The train loss is 0.016457. The valid loss is 0.010805.
2022-11-10 03:41:53,010 - INFO -  The training stops early in epoch 34
2022-11-10 03:41:54,847 - INFO - The prediction is finish.
2022-11-10 03:41:54,854 - INFO - The mean squared error of stock ['target'] is [0.01454955]
