2022-11-10 02:43:01,878 - INFO - 
Config:
'add_train': False
'batch_size': 64
'continue_flag': ''
'debug_mode': False
'debug_num': 500
'do_continue_train': False
'do_figure_save': True
'do_log_print_to_screen': True
'do_log_save_to_file': True
'do_predict': True
'do_train': True
'do_train_visualized': False
'dropout_rate': 0.2
'epoch': 500
'feature_columns': [3, 4, 5, 6, 7, 8, 9, 10, 11]
'figure_save_path': './DATA/DAY/result/stockBySectorId/66/11_10_02_43_LSTM=3_time_step=5/figure/'
'file_save_path': './DATA/DAY/result/stockBySectorId/66/11_10_02_43_LSTM=3_time_step=5'
'hidden_size': 128
'input_size': 8
'label_columns': [11]
'label_in_feature_index': [8]
'learning_rate': 0.001
'log_save_path': './DATA/DAY/result/stockBySectorId/66/11_10_02_43_LSTM=3_time_step=5/log/'
'logger_name': '2022_11_10_02_43_01_LSTM=3_time_step=5'
'lstm_layers': 3
'model_name': 'model_pytorch.pth'
'model_postfix': {'pytorch': '.pth'
'keras': '.h5'
'tensorflow': '.ckpt'}
'model_save_path': './DATA/DAY/result/stockBySectorId/66/11_10_02_43_LSTM=3_time_step=5/model/'
'output_size': 1
'patience': 15
'predict_day': 1
'random_seed': 42
'record_save_path': './DATA/DAY/result/stockBySectorId/66/11_10_02_43_LSTM=3_time_step=5/record/'
'shuffle_train_data': True
'time_step': 5
'train_data_path': './DATA/DAY/origin/中证会2016标准不同板块选股/66.csv'
'train_data_rate': 0.95
'use_cuda': False
'used_frame': 'pytorch'
'valid_data_rate': 0.15
2022-11-10 02:43:01,896 - INFO - Epoch 0/500
2022-11-10 02:43:02,472 - INFO - The train loss is 0.440604. The valid loss is 0.123448.
2022-11-10 02:43:02,474 - INFO - Epoch 1/500
2022-11-10 02:43:03,048 - INFO - The train loss is 0.048021. The valid loss is 0.019775.
2022-11-10 02:43:03,050 - INFO - Epoch 2/500
2022-11-10 02:43:03,623 - INFO - The train loss is 0.018777. The valid loss is 0.012978.
2022-11-10 02:43:03,625 - INFO - Epoch 3/500
2022-11-10 02:43:04,244 - INFO - The train loss is 0.015452. The valid loss is 0.011347.
2022-11-10 02:43:04,246 - INFO - Epoch 4/500
2022-11-10 02:43:04,808 - INFO - The train loss is 0.014125. The valid loss is 0.010637.
2022-11-10 02:43:04,811 - INFO - Epoch 5/500
2022-11-10 02:43:05,387 - INFO - The train loss is 0.013399. The valid loss is 0.010146.
2022-11-10 02:43:05,389 - INFO - Epoch 6/500
2022-11-10 02:43:05,947 - INFO - The train loss is 0.012455. The valid loss is 0.010030.
2022-11-10 02:43:05,950 - INFO - Epoch 7/500
2022-11-10 02:43:06,522 - INFO - The train loss is 0.012366. The valid loss is 0.009860.
2022-11-10 02:43:06,524 - INFO - Epoch 8/500
2022-11-10 02:43:07,095 - INFO - The train loss is 0.012105. The valid loss is 0.009320.
2022-11-10 02:43:07,098 - INFO - Epoch 9/500
2022-11-10 02:43:07,688 - INFO - The train loss is 0.012012. The valid loss is 0.009075.
2022-11-10 02:43:07,690 - INFO - Epoch 10/500
2022-11-10 02:43:08,251 - INFO - The train loss is 0.011545. The valid loss is 0.008924.
2022-11-10 02:43:08,254 - INFO - Epoch 11/500
2022-11-10 02:43:08,831 - INFO - The train loss is 0.011169. The valid loss is 0.009165.
2022-11-10 02:43:08,832 - INFO - Epoch 12/500
2022-11-10 02:43:09,392 - INFO - The train loss is 0.011068. The valid loss is 0.008822.
2022-11-10 02:43:09,395 - INFO - Epoch 13/500
2022-11-10 02:43:09,985 - INFO - The train loss is 0.011257. The valid loss is 0.008794.
2022-11-10 02:43:09,988 - INFO - Epoch 14/500
2022-11-10 02:43:10,604 - INFO - The train loss is 0.010557. The valid loss is 0.008711.
2022-11-10 02:43:10,607 - INFO - Epoch 15/500
2022-11-10 02:43:11,172 - INFO - The train loss is 0.010776. The valid loss is 0.008609.
2022-11-10 02:43:11,174 - INFO - Epoch 16/500
2022-11-10 02:43:11,742 - INFO - The train loss is 0.010738. The valid loss is 0.008629.
2022-11-10 02:43:11,742 - INFO - Epoch 17/500
2022-11-10 02:43:12,313 - INFO - The train loss is 0.010774. The valid loss is 0.008462.
2022-11-10 02:43:12,316 - INFO - Epoch 18/500
2022-11-10 02:43:12,922 - INFO - The train loss is 0.010937. The valid loss is 0.008501.
2022-11-10 02:43:12,922 - INFO - Epoch 19/500
2022-11-10 02:43:13,525 - INFO - The train loss is 0.011196. The valid loss is 0.008622.
2022-11-10 02:43:13,525 - INFO - Epoch 20/500
2022-11-10 02:43:14,102 - INFO - The train loss is 0.010430. The valid loss is 0.008503.
2022-11-10 02:43:14,102 - INFO - Epoch 21/500
2022-11-10 02:43:14,663 - INFO - The train loss is 0.010387. The valid loss is 0.008387.
2022-11-10 02:43:14,665 - INFO - Epoch 22/500
2022-11-10 02:43:15,240 - INFO - The train loss is 0.010473. The valid loss is 0.008360.
2022-11-10 02:43:15,243 - INFO - Epoch 23/500
2022-11-10 02:43:15,818 - INFO - The train loss is 0.010615. The valid loss is 0.008686.
2022-11-10 02:43:15,818 - INFO - Epoch 24/500
2022-11-10 02:43:16,434 - INFO - The train loss is 0.010534. The valid loss is 0.008761.
2022-11-10 02:43:16,434 - INFO - Epoch 25/500
2022-11-10 02:43:16,994 - INFO - The train loss is 0.010258. The valid loss is 0.008603.
2022-11-10 02:43:16,994 - INFO - Epoch 26/500
2022-11-10 02:43:17,567 - INFO - The train loss is 0.010361. The valid loss is 0.008933.
2022-11-10 02:43:17,567 - INFO - Epoch 27/500
2022-11-10 02:43:18,126 - INFO - The train loss is 0.010371. The valid loss is 0.008439.
2022-11-10 02:43:18,126 - INFO - Epoch 28/500
2022-11-10 02:43:18,710 - INFO - The train loss is 0.010330. The valid loss is 0.008510.
2022-11-10 02:43:18,710 - INFO - Epoch 29/500
2022-11-10 02:43:19,267 - INFO - The train loss is 0.010496. The valid loss is 0.008543.
2022-11-10 02:43:19,268 - INFO - Epoch 30/500
2022-11-10 02:43:19,892 - INFO - The train loss is 0.010084. The valid loss is 0.008352.
2022-11-10 02:43:19,895 - INFO - Epoch 31/500
2022-11-10 02:43:20,457 - INFO - The train loss is 0.010133. The valid loss is 0.008578.
2022-11-10 02:43:20,458 - INFO - Epoch 32/500
2022-11-10 02:43:21,029 - INFO - The train loss is 0.010172. The valid loss is 0.008316.
2022-11-10 02:43:21,031 - INFO - Epoch 33/500
2022-11-10 02:43:21,590 - INFO - The train loss is 0.010331. The valid loss is 0.008310.
2022-11-10 02:43:21,593 - INFO - Epoch 34/500
2022-11-10 02:43:22,228 - INFO - The train loss is 0.010091. The valid loss is 0.008545.
2022-11-10 02:43:22,228 - INFO - Epoch 35/500
2022-11-10 02:43:22,790 - INFO - The train loss is 0.009967. The valid loss is 0.008514.
2022-11-10 02:43:22,790 - INFO - Epoch 36/500
2022-11-10 02:43:23,364 - INFO - The train loss is 0.009975. The valid loss is 0.008375.
2022-11-10 02:43:23,365 - INFO - Epoch 37/500
2022-11-10 02:43:23,924 - INFO - The train loss is 0.009997. The valid loss is 0.008778.
2022-11-10 02:43:23,924 - INFO - Epoch 38/500
2022-11-10 02:43:24,495 - INFO - The train loss is 0.009956. The valid loss is 0.008246.
2022-11-10 02:43:24,498 - INFO - Epoch 39/500
2022-11-10 02:43:25,119 - INFO - The train loss is 0.009801. The valid loss is 0.008479.
2022-11-10 02:43:25,119 - INFO - Epoch 40/500
2022-11-10 02:43:25,697 - INFO - The train loss is 0.010051. The valid loss is 0.008567.
2022-11-10 02:43:25,697 - INFO - Epoch 41/500
2022-11-10 02:43:26,257 - INFO - The train loss is 0.009818. The valid loss is 0.008480.
2022-11-10 02:43:26,257 - INFO - Epoch 42/500
2022-11-10 02:43:26,830 - INFO - The train loss is 0.009984. The valid loss is 0.008390.
2022-11-10 02:43:26,830 - INFO - Epoch 43/500
2022-11-10 02:43:27,391 - INFO - The train loss is 0.009925. The valid loss is 0.008383.
2022-11-10 02:43:27,391 - INFO - Epoch 44/500
2022-11-10 02:43:28,021 - INFO - The train loss is 0.009798. The valid loss is 0.008445.
2022-11-10 02:43:28,021 - INFO - Epoch 45/500
2022-11-10 02:43:28,590 - INFO - The train loss is 0.009940. The valid loss is 0.008567.
2022-11-10 02:43:28,591 - INFO - Epoch 46/500
2022-11-10 02:43:29,155 - INFO - The train loss is 0.009764. The valid loss is 0.008588.
2022-11-10 02:43:29,155 - INFO - Epoch 47/500
2022-11-10 02:43:29,721 - INFO - The train loss is 0.009630. The valid loss is 0.008497.
2022-11-10 02:43:29,721 - INFO - Epoch 48/500
2022-11-10 02:43:30,290 - INFO - The train loss is 0.010018. The valid loss is 0.008320.
2022-11-10 02:43:30,291 - INFO - Epoch 49/500
2022-11-10 02:43:30,890 - INFO - The train loss is 0.009920. The valid loss is 0.008603.
2022-11-10 02:43:30,891 - INFO - Epoch 50/500
2022-11-10 02:43:31,451 - INFO - The train loss is 0.009645. The valid loss is 0.008377.
2022-11-10 02:43:31,451 - INFO - Epoch 51/500
2022-11-10 02:43:32,029 - INFO - The train loss is 0.009557. The valid loss is 0.008643.
2022-11-10 02:43:32,029 - INFO - Epoch 52/500
2022-11-10 02:43:32,588 - INFO - The train loss is 0.009860. The valid loss is 0.008743.
2022-11-10 02:43:32,588 - INFO - Epoch 53/500
2022-11-10 02:43:33,161 - INFO - The train loss is 0.009787. The valid loss is 0.008542.
2022-11-10 02:43:33,161 - INFO -  The training stops early in epoch 53
2022-11-10 02:43:33,488 - INFO - The prediction is finish.
2022-11-10 02:43:33,495 - INFO - The mean squared error of stock ['target'] is [0.02131307]
