2022-11-09 11:43:27,256 - INFO - 
Config:
'add_train': False
'batch_size': 64
'continue_flag': ''
'debug_mode': False
'debug_num': 500
'do_continue_train': False
'do_figure_save': True
'do_log_print_to_screen': True
'do_log_save_to_file': True
'do_predict': True
'do_train': True
'do_train_visualized': False
'dropout_rate': 0.2
'epoch': 500
'feature_columns': [3, 4, 5, 6, 7, 8, 9, 10, 11]
'figure_save_path': './DATA/DAY/result/stockBySectorId/14/11_09_11_43_LSTM=3_time_step=5/figure/'
'file_save_path': './DATA/DAY/result/stockBySectorId/14/11_09_11_43_LSTM=3_time_step=5'
'hidden_size': 128
'input_size': 8
'label_columns': [11]
'label_in_feature_index': [8]
'learning_rate': 0.001
'log_save_path': './DATA/DAY/result/stockBySectorId/14/11_09_11_43_LSTM=3_time_step=5/log/'
'logger_name': '2022_11_09_11_43_27_LSTM=3_time_step=5'
'lstm_layers': 3
'model_name': 'model_pytorch.pth'
'model_postfix': {'pytorch': '.pth'
'keras': '.h5'
'tensorflow': '.ckpt'}
'model_save_path': './DATA/DAY/result/stockBySectorId/14/11_09_11_43_LSTM=3_time_step=5/model/'
'output_size': 1
'patience': 15
'predict_day': 1
'random_seed': 42
'record_save_path': './DATA/DAY/result/stockBySectorId/14/11_09_11_43_LSTM=3_time_step=5/record/'
'shuffle_train_data': True
'time_step': 5
'train_data_path': './DATA/DAY/origin/中证会2016标准不同板块选股/14.csv'
'train_data_rate': 0.95
'use_cuda': False
'used_frame': 'pytorch'
'valid_data_rate': 0.15
2022-11-09 11:43:27,273 - INFO - Epoch 0/500
2022-11-09 11:43:27,856 - INFO - The train loss is 0.418193. The valid loss is 0.100444.
2022-11-09 11:43:27,858 - INFO - Epoch 1/500
2022-11-09 11:43:28,409 - INFO - The train loss is 0.056896. The valid loss is 0.022036.
2022-11-09 11:43:28,411 - INFO - Epoch 2/500
2022-11-09 11:43:28,980 - INFO - The train loss is 0.027653. The valid loss is 0.014553.
2022-11-09 11:43:28,982 - INFO - Epoch 3/500
2022-11-09 11:43:29,543 - INFO - The train loss is 0.023213. The valid loss is 0.012537.
2022-11-09 11:43:29,546 - INFO - Epoch 4/500
2022-11-09 11:43:30,150 - INFO - The train loss is 0.021290. The valid loss is 0.011880.
2022-11-09 11:43:30,153 - INFO - Epoch 5/500
2022-11-09 11:43:30,706 - INFO - The train loss is 0.020631. The valid loss is 0.011404.
2022-11-09 11:43:30,709 - INFO - Epoch 6/500
2022-11-09 11:43:31,277 - INFO - The train loss is 0.020120. The valid loss is 0.010918.
2022-11-09 11:43:31,280 - INFO - Epoch 7/500
2022-11-09 11:43:31,833 - INFO - The train loss is 0.019344. The valid loss is 0.011029.
2022-11-09 11:43:31,834 - INFO - Epoch 8/500
2022-11-09 11:43:32,407 - INFO - The train loss is 0.019115. The valid loss is 0.010972.
2022-11-09 11:43:32,407 - INFO - Epoch 9/500
2022-11-09 11:43:32,999 - INFO - The train loss is 0.018899. The valid loss is 0.010727.
2022-11-09 11:43:33,002 - INFO - Epoch 10/500
2022-11-09 11:43:33,563 - INFO - The train loss is 0.018692. The valid loss is 0.010605.
2022-11-09 11:43:33,565 - INFO - Epoch 11/500
2022-11-09 11:43:34,119 - INFO - The train loss is 0.018392. The valid loss is 0.010895.
2022-11-09 11:43:34,120 - INFO - Epoch 12/500
2022-11-09 11:43:34,681 - INFO - The train loss is 0.018424. The valid loss is 0.011096.
2022-11-09 11:43:34,682 - INFO - Epoch 13/500
2022-11-09 11:43:35,249 - INFO - The train loss is 0.018228. The valid loss is 0.011087.
2022-11-09 11:43:35,249 - INFO - Epoch 14/500
2022-11-09 11:43:35,854 - INFO - The train loss is 0.018189. The valid loss is 0.010925.
2022-11-09 11:43:35,854 - INFO - Epoch 15/500
2022-11-09 11:43:36,422 - INFO - The train loss is 0.017966. The valid loss is 0.011923.
2022-11-09 11:43:36,423 - INFO - Epoch 16/500
2022-11-09 11:43:36,976 - INFO - The train loss is 0.018348. The valid loss is 0.011327.
2022-11-09 11:43:36,976 - INFO - Epoch 17/500
2022-11-09 11:43:37,540 - INFO - The train loss is 0.017797. The valid loss is 0.011302.
2022-11-09 11:43:37,540 - INFO - Epoch 18/500
2022-11-09 11:43:38,104 - INFO - The train loss is 0.017710. The valid loss is 0.010889.
2022-11-09 11:43:38,105 - INFO - Epoch 19/500
2022-11-09 11:43:38,715 - INFO - The train loss is 0.017664. The valid loss is 0.011020.
2022-11-09 11:43:38,716 - INFO - Epoch 20/500
2022-11-09 11:43:39,271 - INFO - The train loss is 0.017685. The valid loss is 0.011022.
2022-11-09 11:43:39,272 - INFO - Epoch 21/500
2022-11-09 11:43:39,840 - INFO - The train loss is 0.017518. The valid loss is 0.011471.
2022-11-09 11:43:39,840 - INFO - Epoch 22/500
2022-11-09 11:43:40,399 - INFO - The train loss is 0.017306. The valid loss is 0.011857.
2022-11-09 11:43:40,399 - INFO - Epoch 23/500
2022-11-09 11:43:40,965 - INFO - The train loss is 0.017797. The valid loss is 0.011061.
2022-11-09 11:43:40,965 - INFO - Epoch 24/500
2022-11-09 11:43:41,577 - INFO - The train loss is 0.017183. The valid loss is 0.011153.
2022-11-09 11:43:41,577 - INFO - Epoch 25/500
2022-11-09 11:43:42,146 - INFO - The train loss is 0.017476. The valid loss is 0.011575.
2022-11-09 11:43:42,146 - INFO -  The training stops early in epoch 25
2022-11-09 11:43:42,484 - INFO - The prediction is finish.
2022-11-09 11:43:42,493 - INFO - The mean squared error of stock ['target'] is [0.00163277]
