2022-11-10 05:06:54,324 - INFO - 
Config:
'add_train': False
'batch_size': 64
'continue_flag': ''
'debug_mode': False
'debug_num': 500
'do_continue_train': False
'do_figure_save': True
'do_log_print_to_screen': True
'do_log_save_to_file': True
'do_predict': True
'do_train': True
'do_train_visualized': False
'dropout_rate': 0.2
'epoch': 500
'feature_columns': [3, 4, 5, 6, 7, 8, 9, 10, 11]
'figure_save_path': './DATA/DAY/result/stockBySectorId/86/11_10_05_06_LSTM=3_time_step=5/figure/'
'file_save_path': './DATA/DAY/result/stockBySectorId/86/11_10_05_06_LSTM=3_time_step=5'
'hidden_size': 128
'input_size': 8
'label_columns': [11]
'label_in_feature_index': [8]
'learning_rate': 0.001
'log_save_path': './DATA/DAY/result/stockBySectorId/86/11_10_05_06_LSTM=3_time_step=5/log/'
'logger_name': '2022_11_10_05_06_54_LSTM=3_time_step=5'
'lstm_layers': 3
'model_name': 'model_pytorch.pth'
'model_postfix': {'pytorch': '.pth'
'keras': '.h5'
'tensorflow': '.ckpt'}
'model_save_path': './DATA/DAY/result/stockBySectorId/86/11_10_05_06_LSTM=3_time_step=5/model/'
'output_size': 1
'patience': 15
'predict_day': 1
'random_seed': 42
'record_save_path': './DATA/DAY/result/stockBySectorId/86/11_10_05_06_LSTM=3_time_step=5/record/'
'shuffle_train_data': True
'time_step': 5
'train_data_path': './DATA/DAY/origin/中证会2016标准不同板块选股/86.csv'
'train_data_rate': 0.95
'use_cuda': False
'used_frame': 'pytorch'
'valid_data_rate': 0.15
2022-11-10 05:06:54,341 - INFO - Epoch 0/500
2022-11-10 05:06:54,964 - INFO - The train loss is 0.427669. The valid loss is 0.097122.
2022-11-10 05:06:54,966 - INFO - Epoch 1/500
2022-11-10 05:06:55,528 - INFO - The train loss is 0.046320. The valid loss is 0.021285.
2022-11-10 05:06:55,531 - INFO - Epoch 2/500
2022-11-10 05:06:56,109 - INFO - The train loss is 0.025647. The valid loss is 0.016586.
2022-11-10 05:06:56,111 - INFO - Epoch 3/500
2022-11-10 05:06:56,672 - INFO - The train loss is 0.022995. The valid loss is 0.014810.
2022-11-10 05:06:56,674 - INFO - Epoch 4/500
2022-11-10 05:06:57,249 - INFO - The train loss is 0.021759. The valid loss is 0.013272.
2022-11-10 05:06:57,251 - INFO - Epoch 5/500
2022-11-10 05:06:57,826 - INFO - The train loss is 0.019953. The valid loss is 0.012329.
2022-11-10 05:06:57,829 - INFO - Epoch 6/500
2022-11-10 05:06:58,431 - INFO - The train loss is 0.019395. The valid loss is 0.012794.
2022-11-10 05:06:58,431 - INFO - Epoch 7/500
2022-11-10 05:06:58,993 - INFO - The train loss is 0.018995. The valid loss is 0.014234.
2022-11-10 05:06:58,994 - INFO - Epoch 8/500
2022-11-10 05:06:59,571 - INFO - The train loss is 0.018578. The valid loss is 0.012451.
2022-11-10 05:06:59,571 - INFO - Epoch 9/500
2022-11-10 05:07:00,134 - INFO - The train loss is 0.018883. The valid loss is 0.012228.
2022-11-10 05:07:00,136 - INFO - Epoch 10/500
2022-11-10 05:07:00,721 - INFO - The train loss is 0.017379. The valid loss is 0.012830.
2022-11-10 05:07:00,722 - INFO - Epoch 11/500
2022-11-10 05:07:01,307 - INFO - The train loss is 0.018730. The valid loss is 0.014375.
2022-11-10 05:07:01,307 - INFO - Epoch 12/500
2022-11-10 05:07:01,883 - INFO - The train loss is 0.018389. The valid loss is 0.012652.
2022-11-10 05:07:01,884 - INFO - Epoch 13/500
2022-11-10 05:07:02,445 - INFO - The train loss is 0.018266. The valid loss is 0.012653.
2022-11-10 05:07:02,446 - INFO - Epoch 14/500
2022-11-10 05:07:03,022 - INFO - The train loss is 0.017614. The valid loss is 0.012309.
2022-11-10 05:07:03,022 - INFO - Epoch 15/500
2022-11-10 05:07:03,599 - INFO - The train loss is 0.017432. The valid loss is 0.012012.
2022-11-10 05:07:03,601 - INFO - Epoch 16/500
2022-11-10 05:07:04,200 - INFO - The train loss is 0.017535. The valid loss is 0.013917.
2022-11-10 05:07:04,201 - INFO - Epoch 17/500
2022-11-10 05:07:04,781 - INFO - The train loss is 0.018170. The valid loss is 0.012104.
2022-11-10 05:07:04,781 - INFO - Epoch 18/500
2022-11-10 05:07:05,360 - INFO - The train loss is 0.017674. The valid loss is 0.012342.
2022-11-10 05:07:05,360 - INFO - Epoch 19/500
2022-11-10 05:07:05,925 - INFO - The train loss is 0.017838. The valid loss is 0.012867.
2022-11-10 05:07:05,925 - INFO - Epoch 20/500
2022-11-10 05:07:06,502 - INFO - The train loss is 0.017521. The valid loss is 0.013375.
2022-11-10 05:07:06,503 - INFO - Epoch 21/500
2022-11-10 05:07:07,130 - INFO - The train loss is 0.017565. The valid loss is 0.012536.
2022-11-10 05:07:07,130 - INFO - Epoch 22/500
2022-11-10 05:07:07,707 - INFO - The train loss is 0.017473. The valid loss is 0.012929.
2022-11-10 05:07:07,708 - INFO - Epoch 23/500
2022-11-10 05:07:08,269 - INFO - The train loss is 0.017624. The valid loss is 0.011917.
2022-11-10 05:07:08,271 - INFO - Epoch 24/500
2022-11-10 05:07:08,846 - INFO - The train loss is 0.017216. The valid loss is 0.012753.
2022-11-10 05:07:08,847 - INFO - Epoch 25/500
2022-11-10 05:07:09,409 - INFO - The train loss is 0.017302. The valid loss is 0.011811.
2022-11-10 05:07:09,412 - INFO - Epoch 26/500
2022-11-10 05:07:09,995 - INFO - The train loss is 0.017649. The valid loss is 0.012260.
2022-11-10 05:07:09,996 - INFO - Epoch 27/500
2022-11-10 05:07:10,606 - INFO - The train loss is 0.017231. The valid loss is 0.012621.
2022-11-10 05:07:10,607 - INFO - Epoch 28/500
2022-11-10 05:07:11,172 - INFO - The train loss is 0.017403. The valid loss is 0.013682.
2022-11-10 05:07:11,172 - INFO - Epoch 29/500
2022-11-10 05:07:11,737 - INFO - The train loss is 0.017072. The valid loss is 0.011646.
2022-11-10 05:07:11,740 - INFO - Epoch 30/500
2022-11-10 05:07:12,308 - INFO - The train loss is 0.017138. The valid loss is 0.013087.
2022-11-10 05:07:12,308 - INFO - Epoch 31/500
2022-11-10 05:07:12,886 - INFO - The train loss is 0.017215. The valid loss is 0.012181.
2022-11-10 05:07:12,886 - INFO - Epoch 32/500
2022-11-10 05:07:13,477 - INFO - The train loss is 0.017010. The valid loss is 0.011967.
2022-11-10 05:07:13,477 - INFO - Epoch 33/500
2022-11-10 05:07:14,053 - INFO - The train loss is 0.017493. The valid loss is 0.012239.
2022-11-10 05:07:14,053 - INFO - Epoch 34/500
2022-11-10 05:07:14,615 - INFO - The train loss is 0.016988. The valid loss is 0.013004.
2022-11-10 05:07:14,615 - INFO - Epoch 35/500
2022-11-10 05:07:15,187 - INFO - The train loss is 0.017189. The valid loss is 0.012747.
2022-11-10 05:07:15,187 - INFO - Epoch 36/500
2022-11-10 05:07:15,762 - INFO - The train loss is 0.017146. The valid loss is 0.013281.
2022-11-10 05:07:15,763 - INFO - Epoch 37/500
2022-11-10 05:07:16,381 - INFO - The train loss is 0.016771. The valid loss is 0.011959.
2022-11-10 05:07:16,381 - INFO - Epoch 38/500
2022-11-10 05:07:16,943 - INFO - The train loss is 0.016788. The valid loss is 0.012245.
2022-11-10 05:07:16,944 - INFO - Epoch 39/500
2022-11-10 05:07:17,523 - INFO - The train loss is 0.016625. The valid loss is 0.012305.
2022-11-10 05:07:17,524 - INFO - Epoch 40/500
2022-11-10 05:07:18,086 - INFO - The train loss is 0.017190. The valid loss is 0.013143.
2022-11-10 05:07:18,086 - INFO - Epoch 41/500
2022-11-10 05:07:18,681 - INFO - The train loss is 0.016760. The valid loss is 0.012751.
2022-11-10 05:07:18,682 - INFO - Epoch 42/500
2022-11-10 05:07:19,287 - INFO - The train loss is 0.016815. The valid loss is 0.012412.
2022-11-10 05:07:19,287 - INFO - Epoch 43/500
2022-11-10 05:07:19,863 - INFO - The train loss is 0.017090. The valid loss is 0.012242.
2022-11-10 05:07:19,864 - INFO - Epoch 44/500
2022-11-10 05:07:20,426 - INFO - The train loss is 0.017259. The valid loss is 0.012794.
2022-11-10 05:07:20,426 - INFO -  The training stops early in epoch 44
2022-11-10 05:07:22,285 - INFO - The prediction is finish.
2022-11-10 05:07:22,292 - INFO - The mean squared error of stock ['target'] is [0.00101659]
