2022-11-10 06:17:55,010 - INFO - 
Config:
'add_train': False
'batch_size': 64
'continue_flag': ''
'debug_mode': False
'debug_num': 500
'do_continue_train': False
'do_figure_save': True
'do_log_print_to_screen': True
'do_log_save_to_file': True
'do_predict': True
'do_train': True
'do_train_visualized': False
'dropout_rate': 0.2
'epoch': 500
'feature_columns': [3, 4, 5, 6, 7, 8, 9, 10, 11]
'figure_save_path': './DATA/DAY/result/stockBySectorId/95/11_10_06_17_LSTM=3_time_step=5/figure/'
'file_save_path': './DATA/DAY/result/stockBySectorId/95/11_10_06_17_LSTM=3_time_step=5'
'hidden_size': 128
'input_size': 8
'label_columns': [11]
'label_in_feature_index': [8]
'learning_rate': 0.001
'log_save_path': './DATA/DAY/result/stockBySectorId/95/11_10_06_17_LSTM=3_time_step=5/log/'
'logger_name': '2022_11_10_06_17_55_LSTM=3_time_step=5'
'lstm_layers': 3
'model_name': 'model_pytorch.pth'
'model_postfix': {'pytorch': '.pth'
'keras': '.h5'
'tensorflow': '.ckpt'}
'model_save_path': './DATA/DAY/result/stockBySectorId/95/11_10_06_17_LSTM=3_time_step=5/model/'
'output_size': 1
'patience': 15
'predict_day': 1
'random_seed': 42
'record_save_path': './DATA/DAY/result/stockBySectorId/95/11_10_06_17_LSTM=3_time_step=5/record/'
'shuffle_train_data': True
'time_step': 5
'train_data_path': './DATA/DAY/origin/中证会2016标准不同板块选股/95.csv'
'train_data_rate': 0.95
'use_cuda': False
'used_frame': 'pytorch'
'valid_data_rate': 0.15
2022-11-10 06:17:55,028 - INFO - Epoch 0/500
2022-11-10 06:17:55,609 - INFO - The train loss is 0.422270. The valid loss is 0.113968.
2022-11-10 06:17:55,611 - INFO - Epoch 1/500
2022-11-10 06:17:56,191 - INFO - The train loss is 0.056006. The valid loss is 0.031345.
2022-11-10 06:17:56,193 - INFO - Epoch 2/500
2022-11-10 06:17:56,758 - INFO - The train loss is 0.030327. The valid loss is 0.021283.
2022-11-10 06:17:56,760 - INFO - Epoch 3/500
2022-11-10 06:17:57,350 - INFO - The train loss is 0.026584. The valid loss is 0.020422.
2022-11-10 06:17:57,352 - INFO - Epoch 4/500
2022-11-10 06:17:57,940 - INFO - The train loss is 0.025468. The valid loss is 0.020751.
2022-11-10 06:17:57,940 - INFO - Epoch 5/500
2022-11-10 06:17:58,519 - INFO - The train loss is 0.024459. The valid loss is 0.019880.
2022-11-10 06:17:58,521 - INFO - Epoch 6/500
2022-11-10 06:17:59,087 - INFO - The train loss is 0.024237. The valid loss is 0.019979.
2022-11-10 06:17:59,087 - INFO - Epoch 7/500
2022-11-10 06:17:59,666 - INFO - The train loss is 0.023467. The valid loss is 0.018280.
2022-11-10 06:17:59,669 - INFO - Epoch 8/500
2022-11-10 06:18:00,235 - INFO - The train loss is 0.022726. The valid loss is 0.018108.
2022-11-10 06:18:00,237 - INFO - Epoch 9/500
2022-11-10 06:18:00,877 - INFO - The train loss is 0.022758. The valid loss is 0.018898.
2022-11-10 06:18:00,877 - INFO - Epoch 10/500
2022-11-10 06:18:01,443 - INFO - The train loss is 0.023011. The valid loss is 0.018455.
2022-11-10 06:18:01,443 - INFO - Epoch 11/500
2022-11-10 06:18:02,023 - INFO - The train loss is 0.022466. The valid loss is 0.017170.
2022-11-10 06:18:02,025 - INFO - Epoch 12/500
2022-11-10 06:18:02,590 - INFO - The train loss is 0.022531. The valid loss is 0.017333.
2022-11-10 06:18:02,590 - INFO - Epoch 13/500
2022-11-10 06:18:03,170 - INFO - The train loss is 0.022371. The valid loss is 0.019021.
2022-11-10 06:18:03,170 - INFO - Epoch 14/500
2022-11-10 06:18:03,795 - INFO - The train loss is 0.021940. The valid loss is 0.016848.
2022-11-10 06:18:03,797 - INFO - Epoch 15/500
2022-11-10 06:18:04,377 - INFO - The train loss is 0.022354. The valid loss is 0.019193.
2022-11-10 06:18:04,378 - INFO - Epoch 16/500
2022-11-10 06:18:04,943 - INFO - The train loss is 0.021591. The valid loss is 0.018233.
2022-11-10 06:18:04,944 - INFO - Epoch 17/500
2022-11-10 06:18:05,522 - INFO - The train loss is 0.022120. The valid loss is 0.019391.
2022-11-10 06:18:05,522 - INFO - Epoch 18/500
2022-11-10 06:18:06,087 - INFO - The train loss is 0.021875. The valid loss is 0.016926.
2022-11-10 06:18:06,087 - INFO - Epoch 19/500
2022-11-10 06:18:06,677 - INFO - The train loss is 0.022105. The valid loss is 0.018641.
2022-11-10 06:18:06,677 - INFO - Epoch 20/500
2022-11-10 06:18:07,243 - INFO - The train loss is 0.021903. The valid loss is 0.017884.
2022-11-10 06:18:07,243 - INFO - Epoch 21/500
2022-11-10 06:18:07,821 - INFO - The train loss is 0.021618. The valid loss is 0.017719.
2022-11-10 06:18:07,822 - INFO - Epoch 22/500
2022-11-10 06:18:08,387 - INFO - The train loss is 0.021485. The valid loss is 0.018231.
2022-11-10 06:18:08,387 - INFO - Epoch 23/500
2022-11-10 06:18:08,966 - INFO - The train loss is 0.020963. The valid loss is 0.017057.
2022-11-10 06:18:08,967 - INFO - Epoch 24/500
2022-11-10 06:18:09,592 - INFO - The train loss is 0.021165. The valid loss is 0.018093.
2022-11-10 06:18:09,592 - INFO - Epoch 25/500
2022-11-10 06:18:10,173 - INFO - The train loss is 0.021609. The valid loss is 0.017288.
2022-11-10 06:18:10,173 - INFO - Epoch 26/500
2022-11-10 06:18:10,748 - INFO - The train loss is 0.020791. The valid loss is 0.017387.
2022-11-10 06:18:10,748 - INFO - Epoch 27/500
2022-11-10 06:18:11,326 - INFO - The train loss is 0.021344. The valid loss is 0.017421.
2022-11-10 06:18:11,326 - INFO - Epoch 28/500
2022-11-10 06:18:11,898 - INFO - The train loss is 0.020895. The valid loss is 0.016527.
2022-11-10 06:18:11,900 - INFO - Epoch 29/500
2022-11-10 06:18:12,531 - INFO - The train loss is 0.021089. The valid loss is 0.018068.
2022-11-10 06:18:12,531 - INFO - Epoch 30/500
2022-11-10 06:18:13,110 - INFO - The train loss is 0.020815. The valid loss is 0.017808.
2022-11-10 06:18:13,110 - INFO - Epoch 31/500
2022-11-10 06:18:13,676 - INFO - The train loss is 0.020682. The valid loss is 0.016567.
2022-11-10 06:18:13,676 - INFO - Epoch 32/500
2022-11-10 06:18:14,254 - INFO - The train loss is 0.020417. The valid loss is 0.016286.
2022-11-10 06:18:14,256 - INFO - Epoch 33/500
2022-11-10 06:18:14,822 - INFO - The train loss is 0.020442. The valid loss is 0.017154.
2022-11-10 06:18:14,823 - INFO - Epoch 34/500
2022-11-10 06:18:15,415 - INFO - The train loss is 0.020401. The valid loss is 0.017214.
2022-11-10 06:18:15,415 - INFO - Epoch 35/500
2022-11-10 06:18:16,006 - INFO - The train loss is 0.020326. The valid loss is 0.017588.
2022-11-10 06:18:16,007 - INFO - Epoch 36/500
2022-11-10 06:18:16,586 - INFO - The train loss is 0.020382. The valid loss is 0.017182.
2022-11-10 06:18:16,586 - INFO - Epoch 37/500
2022-11-10 06:18:17,153 - INFO - The train loss is 0.020106. The valid loss is 0.015934.
2022-11-10 06:18:17,156 - INFO - Epoch 38/500
2022-11-10 06:18:17,735 - INFO - The train loss is 0.020107. The valid loss is 0.016650.
2022-11-10 06:18:17,735 - INFO - Epoch 39/500
2022-11-10 06:18:18,302 - INFO - The train loss is 0.020467. The valid loss is 0.017119.
2022-11-10 06:18:18,302 - INFO - Epoch 40/500
2022-11-10 06:18:18,934 - INFO - The train loss is 0.019987. The valid loss is 0.016748.
2022-11-10 06:18:18,935 - INFO - Epoch 41/500
2022-11-10 06:18:19,499 - INFO - The train loss is 0.019798. The valid loss is 0.016915.
2022-11-10 06:18:19,499 - INFO - Epoch 42/500
2022-11-10 06:18:20,079 - INFO - The train loss is 0.020091. The valid loss is 0.017232.
2022-11-10 06:18:20,079 - INFO - Epoch 43/500
2022-11-10 06:18:20,644 - INFO - The train loss is 0.020030. The valid loss is 0.016732.
2022-11-10 06:18:20,644 - INFO - Epoch 44/500
2022-11-10 06:18:21,224 - INFO - The train loss is 0.019842. The valid loss is 0.017441.
2022-11-10 06:18:21,225 - INFO - Epoch 45/500
2022-11-10 06:18:21,826 - INFO - The train loss is 0.019378. The valid loss is 0.016666.
2022-11-10 06:18:21,827 - INFO - Epoch 46/500
2022-11-10 06:18:22,405 - INFO - The train loss is 0.019928. The valid loss is 0.017065.
2022-11-10 06:18:22,405 - INFO - Epoch 47/500
2022-11-10 06:18:22,973 - INFO - The train loss is 0.019760. The valid loss is 0.016629.
2022-11-10 06:18:22,973 - INFO - Epoch 48/500
2022-11-10 06:18:23,550 - INFO - The train loss is 0.019513. The valid loss is 0.016597.
2022-11-10 06:18:23,551 - INFO - Epoch 49/500
2022-11-10 06:18:24,121 - INFO - The train loss is 0.019510. The valid loss is 0.016962.
2022-11-10 06:18:24,122 - INFO - Epoch 50/500
2022-11-10 06:18:24,746 - INFO - The train loss is 0.019483. The valid loss is 0.016577.
2022-11-10 06:18:24,746 - INFO - Epoch 51/500
2022-11-10 06:18:25,326 - INFO - The train loss is 0.019575. The valid loss is 0.016881.
2022-11-10 06:18:25,326 - INFO - Epoch 52/500
2022-11-10 06:18:25,892 - INFO - The train loss is 0.019099. The valid loss is 0.016269.
2022-11-10 06:18:25,892 - INFO -  The training stops early in epoch 52
2022-11-10 06:18:27,761 - INFO - The prediction is finish.
2022-11-10 06:18:27,768 - INFO - The mean squared error of stock ['target'] is [0.00356591]
