2022-11-09 15:33:21,983 - INFO - 
Config:
'add_train': False
'batch_size': 64
'continue_flag': ''
'debug_mode': False
'debug_num': 500
'do_continue_train': False
'do_figure_save': True
'do_log_print_to_screen': True
'do_log_save_to_file': True
'do_predict': True
'do_train': True
'do_train_visualized': False
'dropout_rate': 0.2
'epoch': 500
'feature_columns': [3, 4, 5, 6, 7, 8, 9, 10, 11]
'figure_save_path': './DATA/DAY/result/stockBySectorId/24/11_09_15_33_LSTM=3_time_step=5/figure/'
'file_save_path': './DATA/DAY/result/stockBySectorId/24/11_09_15_33_LSTM=3_time_step=5'
'hidden_size': 128
'input_size': 8
'label_columns': [11]
'label_in_feature_index': [8]
'learning_rate': 0.001
'log_save_path': './DATA/DAY/result/stockBySectorId/24/11_09_15_33_LSTM=3_time_step=5/log/'
'logger_name': '2022_11_09_15_33_21_LSTM=3_time_step=5'
'lstm_layers': 3
'model_name': 'model_pytorch.pth'
'model_postfix': {'pytorch': '.pth'
'keras': '.h5'
'tensorflow': '.ckpt'}
'model_save_path': './DATA/DAY/result/stockBySectorId/24/11_09_15_33_LSTM=3_time_step=5/model/'
'output_size': 1
'patience': 15
'predict_day': 1
'random_seed': 42
'record_save_path': './DATA/DAY/result/stockBySectorId/24/11_09_15_33_LSTM=3_time_step=5/record/'
'shuffle_train_data': True
'time_step': 5
'train_data_path': './DATA/DAY/origin/中证会2016标准不同板块选股/24.csv'
'train_data_rate': 0.95
'use_cuda': False
'used_frame': 'pytorch'
'valid_data_rate': 0.15
2022-11-09 15:33:22,003 - INFO - Epoch 0/500
2022-11-09 15:33:36,480 - INFO - The train loss is 0.408428. The valid loss is 0.101013.
2022-11-09 15:33:36,482 - INFO - Epoch 1/500
2022-11-09 15:33:50,191 - INFO - The train loss is 0.065299. The valid loss is 0.042511.
2022-11-09 15:33:50,193 - INFO - Epoch 2/500
2022-11-09 15:34:01,053 - INFO - The train loss is 0.037804. The valid loss is 0.031420.
2022-11-09 15:34:01,055 - INFO - Epoch 3/500
2022-11-09 15:34:13,744 - INFO - The train loss is 0.030438. The valid loss is 0.027787.
2022-11-09 15:34:13,746 - INFO - Epoch 4/500
2022-11-09 15:34:25,462 - INFO - The train loss is 0.027448. The valid loss is 0.026459.
2022-11-09 15:34:25,464 - INFO - Epoch 5/500
2022-11-09 15:34:38,810 - INFO - The train loss is 0.026086. The valid loss is 0.025662.
2022-11-09 15:34:38,813 - INFO - Epoch 6/500
2022-11-09 15:34:50,672 - INFO - The train loss is 0.024995. The valid loss is 0.025232.
2022-11-09 15:34:50,674 - INFO - Epoch 7/500
2022-11-09 15:35:03,578 - INFO - The train loss is 0.024406. The valid loss is 0.025292.
2022-11-09 15:35:03,579 - INFO - Epoch 8/500
2022-11-09 15:35:18,064 - INFO - The train loss is 0.024040. The valid loss is 0.025100.
2022-11-09 15:35:18,066 - INFO - Epoch 9/500
2022-11-09 15:35:30,372 - INFO - The train loss is 0.023898. The valid loss is 0.024762.
2022-11-09 15:35:30,376 - INFO - Epoch 10/500
2022-11-09 15:35:42,889 - INFO - The train loss is 0.023704. The valid loss is 0.025224.
2022-11-09 15:35:42,889 - INFO - Epoch 11/500
2022-11-09 15:35:57,773 - INFO - The train loss is 0.022858. The valid loss is 0.025066.
2022-11-09 15:35:57,773 - INFO - Epoch 12/500
2022-11-09 15:36:07,375 - INFO - The train loss is 0.022824. The valid loss is 0.024803.
2022-11-09 15:36:07,375 - INFO - Epoch 13/500
2022-11-09 15:36:19,721 - INFO - The train loss is 0.023438. The valid loss is 0.024875.
2022-11-09 15:36:19,721 - INFO - Epoch 14/500
2022-11-09 15:36:33,900 - INFO - The train loss is 0.022927. The valid loss is 0.024781.
2022-11-09 15:36:33,900 - INFO - Epoch 15/500
2022-11-09 15:36:45,483 - INFO - The train loss is 0.022545. The valid loss is 0.024701.
2022-11-09 15:36:45,485 - INFO - Epoch 16/500
2022-11-09 15:36:58,812 - INFO - The train loss is 0.022973. The valid loss is 0.024766.
2022-11-09 15:36:58,812 - INFO - Epoch 17/500
2022-11-09 15:37:12,290 - INFO - The train loss is 0.023044. The valid loss is 0.024852.
2022-11-09 15:37:12,290 - INFO - Epoch 18/500
2022-11-09 15:37:24,998 - INFO - The train loss is 0.022736. The valid loss is 0.025167.
2022-11-09 15:37:24,999 - INFO - Epoch 19/500
2022-11-09 15:37:38,632 - INFO - The train loss is 0.022681. The valid loss is 0.024543.
2022-11-09 15:37:38,634 - INFO - Epoch 20/500
2022-11-09 15:37:51,179 - INFO - The train loss is 0.022266. The valid loss is 0.024618.
2022-11-09 15:37:51,179 - INFO - Epoch 21/500
2022-11-09 15:38:03,890 - INFO - The train loss is 0.022234. The valid loss is 0.024503.
2022-11-09 15:38:03,892 - INFO - Epoch 22/500
2022-11-09 15:38:18,282 - INFO - The train loss is 0.021959. The valid loss is 0.024398.
2022-11-09 15:38:18,284 - INFO - Epoch 23/500
2022-11-09 15:38:31,895 - INFO - The train loss is 0.022335. The valid loss is 0.024471.
2022-11-09 15:38:31,895 - INFO - Epoch 24/500
2022-11-09 15:38:44,454 - INFO - The train loss is 0.021935. The valid loss is 0.024221.
2022-11-09 15:38:44,456 - INFO - Epoch 25/500
2022-11-09 15:38:57,503 - INFO - The train loss is 0.021779. The valid loss is 0.024318.
2022-11-09 15:38:57,504 - INFO - Epoch 26/500
2022-11-09 15:39:10,160 - INFO - The train loss is 0.022086. The valid loss is 0.024845.
2022-11-09 15:39:10,160 - INFO - Epoch 27/500
2022-11-09 15:39:24,957 - INFO - The train loss is 0.022135. The valid loss is 0.024224.
2022-11-09 15:39:24,957 - INFO - Epoch 28/500
2022-11-09 15:39:38,401 - INFO - The train loss is 0.022094. The valid loss is 0.024881.
2022-11-09 15:39:38,401 - INFO - Epoch 29/500
2022-11-09 15:39:51,161 - INFO - The train loss is 0.021714. The valid loss is 0.024823.
2022-11-09 15:39:51,162 - INFO - Epoch 30/500
2022-11-09 15:40:04,310 - INFO - The train loss is 0.021600. The valid loss is 0.024434.
2022-11-09 15:40:04,311 - INFO - Epoch 31/500
2022-11-09 15:40:16,946 - INFO - The train loss is 0.021888. The valid loss is 0.024581.
2022-11-09 15:40:16,947 - INFO - Epoch 32/500
2022-11-09 15:40:30,456 - INFO - The train loss is 0.021283. The valid loss is 0.024865.
2022-11-09 15:40:30,456 - INFO - Epoch 33/500
2022-11-09 15:40:43,172 - INFO - The train loss is 0.021936. The valid loss is 0.024291.
2022-11-09 15:40:43,172 - INFO - Epoch 34/500
2022-11-09 15:40:55,937 - INFO - The train loss is 0.021181. The valid loss is 0.024194.
2022-11-09 15:40:55,940 - INFO - Epoch 35/500
2022-11-09 15:41:07,784 - INFO - The train loss is 0.021454. The valid loss is 0.024448.
2022-11-09 15:41:07,784 - INFO - Epoch 36/500
2022-11-09 15:41:21,264 - INFO - The train loss is 0.021565. The valid loss is 0.024065.
2022-11-09 15:41:21,266 - INFO - Epoch 37/500
2022-11-09 15:41:32,993 - INFO - The train loss is 0.021360. The valid loss is 0.024427.
2022-11-09 15:41:32,993 - INFO - Epoch 38/500
2022-11-09 15:41:46,833 - INFO - The train loss is 0.020755. The valid loss is 0.024306.
2022-11-09 15:41:46,833 - INFO - Epoch 39/500
2022-11-09 15:41:58,956 - INFO - The train loss is 0.021275. The valid loss is 0.024901.
2022-11-09 15:41:58,956 - INFO - Epoch 40/500
2022-11-09 15:42:11,930 - INFO - The train loss is 0.021521. The valid loss is 0.025237.
2022-11-09 15:42:11,930 - INFO - Epoch 41/500
2022-11-09 15:42:24,885 - INFO - The train loss is 0.021245. The valid loss is 0.024959.
2022-11-09 15:42:24,885 - INFO - Epoch 42/500
2022-11-09 15:42:37,155 - INFO - The train loss is 0.021136. The valid loss is 0.024181.
2022-11-09 15:42:37,156 - INFO - Epoch 43/500
2022-11-09 15:42:49,846 - INFO - The train loss is 0.021248. The valid loss is 0.024401.
2022-11-09 15:42:49,846 - INFO - Epoch 44/500
2022-11-09 15:43:03,685 - INFO - The train loss is 0.020709. The valid loss is 0.024429.
2022-11-09 15:43:03,686 - INFO - Epoch 45/500
2022-11-09 15:43:17,176 - INFO - The train loss is 0.021354. The valid loss is 0.024895.
2022-11-09 15:43:17,176 - INFO - Epoch 46/500
2022-11-09 15:43:30,358 - INFO - The train loss is 0.020707. The valid loss is 0.024387.
2022-11-09 15:43:30,358 - INFO - Epoch 47/500
2022-11-09 15:43:42,624 - INFO - The train loss is 0.020949. The valid loss is 0.024433.
2022-11-09 15:43:42,624 - INFO - Epoch 48/500
2022-11-09 15:43:58,033 - INFO - The train loss is 0.020992. The valid loss is 0.024978.
2022-11-09 15:43:58,033 - INFO - Epoch 49/500
2022-11-09 15:44:09,788 - INFO - The train loss is 0.020907. The valid loss is 0.024576.
2022-11-09 15:44:09,788 - INFO - Epoch 50/500
2022-11-09 15:44:22,257 - INFO - The train loss is 0.020436. The valid loss is 0.024297.
2022-11-09 15:44:22,257 - INFO - Epoch 51/500
2022-11-09 15:44:34,567 - INFO - The train loss is 0.020653. The valid loss is 0.024721.
2022-11-09 15:44:34,568 - INFO -  The training stops early in epoch 51
2022-11-09 15:44:36,212 - INFO - The prediction is finish.
2022-11-09 15:44:36,221 - INFO - The mean squared error of stock ['target'] is [0.01276422]
