2022-11-19 15:33:41,926 - INFO - 
Config:
'add_train': False
'batch_size': 64
'continue_flag': ''
'debug_mode': False
'debug_num': 500
'do_continue_train': False
'do_figure_save': True
'do_log_print_to_screen': True
'do_log_save_to_file': True
'do_predict': True
'do_train': True
'do_train_visualized': False
'dropout_rate': 0.2
'epoch': 500
'feature_columns': [3, 4, 5, 6, 7, 8, 9, 10, 11]
'figure_save_path': './DATA/DAY/result/stockBySectorId/49/11_19_15_33_LSTM=3_time_step=5/figure/'
'file_save_path': './DATA/DAY/result/stockBySectorId/49/11_19_15_33_LSTM=3_time_step=5'
'hidden_size': 128
'input_size': 8
'label_columns': [11]
'label_in_feature_index': [8]
'learning_rate': 0.001
'log_save_path': './DATA/DAY/result/stockBySectorId/49/11_19_15_33_LSTM=3_time_step=5/log/'
'logger_name': '2022_11_19_15_33_41_LSTM=3_time_step=5'
'lstm_layers': 3
'model_name': 'model_pytorch.pth'
'model_postfix': {'pytorch': '.pth'
'keras': '.h5'
'tensorflow': '.ckpt'}
'model_save_path': './DATA/DAY/result/stockBySectorId/49/11_19_15_33_LSTM=3_time_step=5/model/'
'output_size': 1
'patience': 15
'predict_day': 1
'random_seed': 42
'record_save_path': './DATA/DAY/result/stockBySectorId/49/11_19_15_33_LSTM=3_time_step=5/record/'
'shuffle_train_data': True
'time_step': 5
'train_data_path': './DATA/DAY/origin/中证会2016标准不同板块选股/49.csv'
'train_data_rate': 0.95
'use_cuda': False
'used_frame': 'pytorch'
'valid_data_rate': 0.15
2022-11-19 15:33:41,945 - INFO - Epoch 0/500
2022-11-19 15:33:42,540 - INFO - The train loss is 0.294873. The valid loss is 0.054431.
2022-11-19 15:33:42,542 - INFO - Epoch 1/500
2022-11-19 15:33:43,106 - INFO - The train loss is 0.019151. The valid loss is 0.005150.
2022-11-19 15:33:43,108 - INFO - Epoch 2/500
2022-11-19 15:33:43,661 - INFO - The train loss is 0.006596. The valid loss is 0.003431.
2022-11-19 15:33:43,663 - INFO - Epoch 3/500
2022-11-19 15:33:44,229 - INFO - The train loss is 0.005727. The valid loss is 0.002876.
2022-11-19 15:33:44,232 - INFO - Epoch 4/500
2022-11-19 15:33:44,791 - INFO - The train loss is 0.004981. The valid loss is 0.002552.
2022-11-19 15:33:44,794 - INFO - Epoch 5/500
2022-11-19 15:33:45,391 - INFO - The train loss is 0.004964. The valid loss is 0.002309.
2022-11-19 15:33:45,393 - INFO - Epoch 6/500
2022-11-19 15:33:45,944 - INFO - The train loss is 0.004440. The valid loss is 0.002014.
2022-11-19 15:33:45,946 - INFO - Epoch 7/500
2022-11-19 15:33:46,513 - INFO - The train loss is 0.004103. The valid loss is 0.002596.
2022-11-19 15:33:46,514 - INFO - Epoch 8/500
2022-11-19 15:33:47,066 - INFO - The train loss is 0.004090. The valid loss is 0.001636.
2022-11-19 15:33:47,069 - INFO - Epoch 9/500
2022-11-19 15:33:47,644 - INFO - The train loss is 0.003482. The valid loss is 0.002425.
2022-11-19 15:33:47,644 - INFO - Epoch 10/500
2022-11-19 15:33:48,231 - INFO - The train loss is 0.003379. The valid loss is 0.001526.
2022-11-19 15:33:48,233 - INFO - Epoch 11/500
2022-11-19 15:33:48,820 - INFO - The train loss is 0.003198. The valid loss is 0.001466.
2022-11-19 15:33:48,822 - INFO - Epoch 12/500
2022-11-19 15:33:49,374 - INFO - The train loss is 0.003171. The valid loss is 0.001438.
2022-11-19 15:33:49,376 - INFO - Epoch 13/500
2022-11-19 15:33:49,944 - INFO - The train loss is 0.003085. The valid loss is 0.001825.
2022-11-19 15:33:49,944 - INFO - Epoch 14/500
2022-11-19 15:33:50,495 - INFO - The train loss is 0.003105. The valid loss is 0.002673.
2022-11-19 15:33:50,495 - INFO - Epoch 15/500
2022-11-19 15:33:51,071 - INFO - The train loss is 0.003300. The valid loss is 0.001680.
2022-11-19 15:33:51,072 - INFO - Epoch 16/500
2022-11-19 15:33:51,664 - INFO - The train loss is 0.002943. The valid loss is 0.002108.
2022-11-19 15:33:51,665 - INFO - Epoch 17/500
2022-11-19 15:33:52,229 - INFO - The train loss is 0.002919. The valid loss is 0.002691.
2022-11-19 15:33:52,229 - INFO - Epoch 18/500
2022-11-19 15:33:52,780 - INFO - The train loss is 0.003145. The valid loss is 0.002136.
2022-11-19 15:33:52,780 - INFO - Epoch 19/500
2022-11-19 15:33:53,341 - INFO - The train loss is 0.002949. The valid loss is 0.002220.
2022-11-19 15:33:53,341 - INFO - Epoch 20/500
2022-11-19 15:33:53,899 - INFO - The train loss is 0.002926. The valid loss is 0.001474.
2022-11-19 15:33:53,900 - INFO - Epoch 21/500
2022-11-19 15:33:54,496 - INFO - The train loss is 0.002593. The valid loss is 0.001627.
2022-11-19 15:33:54,496 - INFO - Epoch 22/500
2022-11-19 15:33:55,043 - INFO - The train loss is 0.002648. The valid loss is 0.001907.
2022-11-19 15:33:55,044 - INFO - Epoch 23/500
2022-11-19 15:33:55,610 - INFO - The train loss is 0.002810. The valid loss is 0.001866.
2022-11-19 15:33:55,610 - INFO - Epoch 24/500
2022-11-19 15:33:56,157 - INFO - The train loss is 0.002714. The valid loss is 0.001317.
2022-11-19 15:33:56,159 - INFO - Epoch 25/500
2022-11-19 15:33:56,792 - INFO - The train loss is 0.002874. The valid loss is 0.001443.
2022-11-19 15:33:56,792 - INFO - Epoch 26/500
2022-11-19 15:33:57,341 - INFO - The train loss is 0.002692. The valid loss is 0.001554.
2022-11-19 15:33:57,341 - INFO - Epoch 27/500
2022-11-19 15:33:57,906 - INFO - The train loss is 0.002523. The valid loss is 0.001355.
2022-11-19 15:33:57,906 - INFO - Epoch 28/500
2022-11-19 15:33:58,455 - INFO - The train loss is 0.002720. The valid loss is 0.001367.
2022-11-19 15:33:58,455 - INFO - Epoch 29/500
2022-11-19 15:33:59,018 - INFO - The train loss is 0.002644. The valid loss is 0.001169.
2022-11-19 15:33:59,021 - INFO - Epoch 30/500
2022-11-19 15:33:59,579 - INFO - The train loss is 0.002526. The valid loss is 0.001536.
2022-11-19 15:33:59,580 - INFO - Epoch 31/500
2022-11-19 15:34:00,183 - INFO - The train loss is 0.002451. The valid loss is 0.001330.
2022-11-19 15:34:00,183 - INFO - Epoch 32/500
2022-11-19 15:34:00,734 - INFO - The train loss is 0.002384. The valid loss is 0.002333.
2022-11-19 15:34:00,734 - INFO - Epoch 33/500
2022-11-19 15:34:01,295 - INFO - The train loss is 0.002668. The valid loss is 0.002458.
2022-11-19 15:34:01,296 - INFO - Epoch 34/500
2022-11-19 15:34:01,844 - INFO - The train loss is 0.002525. The valid loss is 0.001546.
2022-11-19 15:34:01,844 - INFO - Epoch 35/500
2022-11-19 15:34:02,407 - INFO - The train loss is 0.002461. The valid loss is 0.002112.
2022-11-19 15:34:02,408 - INFO - Epoch 36/500
2022-11-19 15:34:03,002 - INFO - The train loss is 0.002457. The valid loss is 0.001355.
2022-11-19 15:34:03,002 - INFO - Epoch 37/500
2022-11-19 15:34:03,563 - INFO - The train loss is 0.002461. The valid loss is 0.001190.
2022-11-19 15:34:03,563 - INFO - Epoch 38/500
2022-11-19 15:34:04,111 - INFO - The train loss is 0.002491. The valid loss is 0.001593.
2022-11-19 15:34:04,111 - INFO - Epoch 39/500
2022-11-19 15:34:04,671 - INFO - The train loss is 0.002346. The valid loss is 0.001962.
2022-11-19 15:34:04,671 - INFO - Epoch 40/500
2022-11-19 15:34:05,220 - INFO - The train loss is 0.002366. The valid loss is 0.001288.
2022-11-19 15:34:05,220 - INFO - Epoch 41/500
2022-11-19 15:34:05,830 - INFO - The train loss is 0.002308. The valid loss is 0.001809.
2022-11-19 15:34:05,830 - INFO - Epoch 42/500
2022-11-19 15:34:06,381 - INFO - The train loss is 0.002427. The valid loss is 0.003423.
2022-11-19 15:34:06,381 - INFO - Epoch 43/500
2022-11-19 15:34:06,943 - INFO - The train loss is 0.002549. The valid loss is 0.001255.
2022-11-19 15:34:06,944 - INFO - Epoch 44/500
2022-11-19 15:34:07,493 - INFO - The train loss is 0.002330. The valid loss is 0.001301.
2022-11-19 15:34:07,493 - INFO -  The training stops early in epoch 44
2022-11-19 15:34:07,824 - INFO - The prediction is finish.
2022-11-19 15:34:07,833 - INFO - The mean squared error of stock ['target'] is [0.00600211]
