2022-11-10 05:46:42,516 - INFO - 
Config:
'add_train': False
'batch_size': 64
'continue_flag': ''
'debug_mode': False
'debug_num': 500
'do_continue_train': False
'do_figure_save': True
'do_log_print_to_screen': True
'do_log_save_to_file': True
'do_predict': True
'do_train': True
'do_train_visualized': False
'dropout_rate': 0.2
'epoch': 500
'feature_columns': [3, 4, 5, 6, 7, 8, 9, 10, 11]
'figure_save_path': './DATA/DAY/result/stockBySectorId/91/11_10_05_46_LSTM=3_time_step=5/figure/'
'file_save_path': './DATA/DAY/result/stockBySectorId/91/11_10_05_46_LSTM=3_time_step=5'
'hidden_size': 128
'input_size': 8
'label_columns': [11]
'label_in_feature_index': [8]
'learning_rate': 0.001
'log_save_path': './DATA/DAY/result/stockBySectorId/91/11_10_05_46_LSTM=3_time_step=5/log/'
'logger_name': '2022_11_10_05_46_42_LSTM=3_time_step=5'
'lstm_layers': 3
'model_name': 'model_pytorch.pth'
'model_postfix': {'pytorch': '.pth'
'keras': '.h5'
'tensorflow': '.ckpt'}
'model_save_path': './DATA/DAY/result/stockBySectorId/91/11_10_05_46_LSTM=3_time_step=5/model/'
'output_size': 1
'patience': 15
'predict_day': 1
'random_seed': 42
'record_save_path': './DATA/DAY/result/stockBySectorId/91/11_10_05_46_LSTM=3_time_step=5/record/'
'shuffle_train_data': True
'time_step': 5
'train_data_path': './DATA/DAY/origin/中证会2016标准不同板块选股/91.csv'
'train_data_rate': 0.95
'use_cuda': False
'used_frame': 'pytorch'
'valid_data_rate': 0.15
2022-11-10 05:46:42,539 - INFO - Epoch 0/500
2022-11-10 05:46:43,147 - INFO - The train loss is 0.437669. The valid loss is 0.114785.
2022-11-10 05:46:43,149 - INFO - Epoch 1/500
2022-11-10 05:46:43,731 - INFO - The train loss is 0.056959. The valid loss is 0.029579.
2022-11-10 05:46:43,734 - INFO - Epoch 2/500
2022-11-10 05:46:44,300 - INFO - The train loss is 0.026710. The valid loss is 0.021873.
2022-11-10 05:46:44,302 - INFO - Epoch 3/500
2022-11-10 05:46:44,880 - INFO - The train loss is 0.023184. The valid loss is 0.019846.
2022-11-10 05:46:44,882 - INFO - Epoch 4/500
2022-11-10 05:46:45,460 - INFO - The train loss is 0.021853. The valid loss is 0.018900.
2022-11-10 05:46:45,462 - INFO - Epoch 5/500
2022-11-10 05:46:46,086 - INFO - The train loss is 0.021418. The valid loss is 0.018596.
2022-11-10 05:46:46,088 - INFO - Epoch 6/500
2022-11-10 05:46:46,655 - INFO - The train loss is 0.021222. The valid loss is 0.018249.
2022-11-10 05:46:46,658 - INFO - Epoch 7/500
2022-11-10 05:46:47,239 - INFO - The train loss is 0.020700. The valid loss is 0.018308.
2022-11-10 05:46:47,239 - INFO - Epoch 8/500
2022-11-10 05:46:47,803 - INFO - The train loss is 0.019866. The valid loss is 0.017669.
2022-11-10 05:46:47,805 - INFO - Epoch 9/500
2022-11-10 05:46:48,394 - INFO - The train loss is 0.019373. The valid loss is 0.017883.
2022-11-10 05:46:48,395 - INFO - Epoch 10/500
2022-11-10 05:46:48,987 - INFO - The train loss is 0.019140. The valid loss is 0.017318.
2022-11-10 05:46:48,989 - INFO - Epoch 11/500
2022-11-10 05:46:49,568 - INFO - The train loss is 0.019439. The valid loss is 0.017711.
2022-11-10 05:46:49,569 - INFO - Epoch 12/500
2022-11-10 05:46:50,134 - INFO - The train loss is 0.019145. The valid loss is 0.017528.
2022-11-10 05:46:50,134 - INFO - Epoch 13/500
2022-11-10 05:46:50,714 - INFO - The train loss is 0.019356. The valid loss is 0.017745.
2022-11-10 05:46:50,715 - INFO - Epoch 14/500
2022-11-10 05:46:51,292 - INFO - The train loss is 0.018689. The valid loss is 0.017133.
2022-11-10 05:46:51,294 - INFO - Epoch 15/500
2022-11-10 05:46:51,919 - INFO - The train loss is 0.019222. The valid loss is 0.017019.
2022-11-10 05:46:51,921 - INFO - Epoch 16/500
2022-11-10 05:46:52,486 - INFO - The train loss is 0.018805. The valid loss is 0.017008.
2022-11-10 05:46:52,489 - INFO - Epoch 17/500
2022-11-10 05:46:53,068 - INFO - The train loss is 0.018761. The valid loss is 0.017126.
2022-11-10 05:46:53,068 - INFO - Epoch 18/500
2022-11-10 05:46:53,635 - INFO - The train loss is 0.018595. The valid loss is 0.016928.
2022-11-10 05:46:53,637 - INFO - Epoch 19/500
2022-11-10 05:46:54,234 - INFO - The train loss is 0.019085. The valid loss is 0.016977.
2022-11-10 05:46:54,235 - INFO - Epoch 20/500
2022-11-10 05:46:54,823 - INFO - The train loss is 0.018155. The valid loss is 0.016955.
2022-11-10 05:46:54,824 - INFO - Epoch 21/500
2022-11-10 05:46:55,400 - INFO - The train loss is 0.018527. The valid loss is 0.017009.
2022-11-10 05:46:55,400 - INFO - Epoch 22/500
2022-11-10 05:46:55,979 - INFO - The train loss is 0.018549. The valid loss is 0.016818.
2022-11-10 05:46:55,981 - INFO - Epoch 23/500
2022-11-10 05:46:56,548 - INFO - The train loss is 0.018391. The valid loss is 0.017079.
2022-11-10 05:46:56,548 - INFO - Epoch 24/500
2022-11-10 05:46:57,128 - INFO - The train loss is 0.018071. The valid loss is 0.016822.
2022-11-10 05:46:57,128 - INFO - Epoch 25/500
2022-11-10 05:46:57,733 - INFO - The train loss is 0.017960. The valid loss is 0.016789.
2022-11-10 05:46:57,736 - INFO - Epoch 26/500
2022-11-10 05:46:58,338 - INFO - The train loss is 0.018361. The valid loss is 0.016870.
2022-11-10 05:46:58,338 - INFO - Epoch 27/500
2022-11-10 05:46:58,925 - INFO - The train loss is 0.018138. The valid loss is 0.016861.
2022-11-10 05:46:58,925 - INFO - Epoch 28/500
2022-11-10 05:46:59,503 - INFO - The train loss is 0.018134. The valid loss is 0.016813.
2022-11-10 05:46:59,503 - INFO - Epoch 29/500
2022-11-10 05:47:00,069 - INFO - The train loss is 0.017833. The valid loss is 0.016791.
2022-11-10 05:47:00,069 - INFO - Epoch 30/500
2022-11-10 05:47:00,665 - INFO - The train loss is 0.017446. The valid loss is 0.016704.
2022-11-10 05:47:00,668 - INFO - Epoch 31/500
2022-11-10 05:47:01,263 - INFO - The train loss is 0.017833. The valid loss is 0.016703.
2022-11-10 05:47:01,265 - INFO - Epoch 32/500
2022-11-10 05:47:01,843 - INFO - The train loss is 0.017571. The valid loss is 0.016698.
2022-11-10 05:47:01,846 - INFO - Epoch 33/500
2022-11-10 05:47:02,410 - INFO - The train loss is 0.017540. The valid loss is 0.016708.
2022-11-10 05:47:02,410 - INFO - Epoch 34/500
2022-11-10 05:47:02,991 - INFO - The train loss is 0.018158. The valid loss is 0.016792.
2022-11-10 05:47:02,992 - INFO - Epoch 35/500
2022-11-10 05:47:03,572 - INFO - The train loss is 0.017644. The valid loss is 0.016781.
2022-11-10 05:47:03,572 - INFO - Epoch 36/500
2022-11-10 05:47:04,196 - INFO - The train loss is 0.017374. The valid loss is 0.016846.
2022-11-10 05:47:04,196 - INFO - Epoch 37/500
2022-11-10 05:47:04,763 - INFO - The train loss is 0.017407. The valid loss is 0.016623.
2022-11-10 05:47:04,765 - INFO - Epoch 38/500
2022-11-10 05:47:05,347 - INFO - The train loss is 0.017765. The valid loss is 0.017069.
2022-11-10 05:47:05,347 - INFO - Epoch 39/500
2022-11-10 05:47:05,915 - INFO - The train loss is 0.017218. The valid loss is 0.016569.
2022-11-10 05:47:05,917 - INFO - Epoch 40/500
2022-11-10 05:47:06,506 - INFO - The train loss is 0.017497. The valid loss is 0.016622.
2022-11-10 05:47:06,506 - INFO - Epoch 41/500
2022-11-10 05:47:07,115 - INFO - The train loss is 0.017486. The valid loss is 0.016809.
2022-11-10 05:47:07,116 - INFO - Epoch 42/500
2022-11-10 05:47:07,695 - INFO - The train loss is 0.017519. The valid loss is 0.016565.
2022-11-10 05:47:07,697 - INFO - Epoch 43/500
2022-11-10 05:47:08,261 - INFO - The train loss is 0.016926. The valid loss is 0.016782.
2022-11-10 05:47:08,262 - INFO - Epoch 44/500
2022-11-10 05:47:08,843 - INFO - The train loss is 0.017352. The valid loss is 0.016627.
2022-11-10 05:47:08,843 - INFO - Epoch 45/500
2022-11-10 05:47:09,421 - INFO - The train loss is 0.017328. The valid loss is 0.016614.
2022-11-10 05:47:09,421 - INFO - Epoch 46/500
2022-11-10 05:47:10,050 - INFO - The train loss is 0.016978. The valid loss is 0.016642.
2022-11-10 05:47:10,051 - INFO - Epoch 47/500
2022-11-10 05:47:10,636 - INFO - The train loss is 0.017343. The valid loss is 0.016659.
2022-11-10 05:47:10,637 - INFO - Epoch 48/500
2022-11-10 05:47:11,203 - INFO - The train loss is 0.016967. The valid loss is 0.016821.
2022-11-10 05:47:11,203 - INFO - Epoch 49/500
2022-11-10 05:47:11,785 - INFO - The train loss is 0.016936. The valid loss is 0.016473.
2022-11-10 05:47:11,788 - INFO - Epoch 50/500
2022-11-10 05:47:12,411 - INFO - The train loss is 0.016960. The valid loss is 0.016522.
2022-11-10 05:47:12,412 - INFO - Epoch 51/500
2022-11-10 05:47:12,991 - INFO - The train loss is 0.017229. The valid loss is 0.016560.
2022-11-10 05:47:12,991 - INFO - Epoch 52/500
2022-11-10 05:47:13,558 - INFO - The train loss is 0.016860. The valid loss is 0.016365.
2022-11-10 05:47:13,560 - INFO - Epoch 53/500
2022-11-10 05:47:14,141 - INFO - The train loss is 0.017112. The valid loss is 0.016509.
2022-11-10 05:47:14,142 - INFO - Epoch 54/500
2022-11-10 05:47:14,705 - INFO - The train loss is 0.016967. The valid loss is 0.016430.
2022-11-10 05:47:14,705 - INFO - Epoch 55/500
2022-11-10 05:47:15,295 - INFO - The train loss is 0.016991. The valid loss is 0.016400.
2022-11-10 05:47:15,295 - INFO - Epoch 56/500
2022-11-10 05:47:15,907 - INFO - The train loss is 0.016798. The valid loss is 0.016560.
2022-11-10 05:47:15,907 - INFO - Epoch 57/500
2022-11-10 05:47:16,490 - INFO - The train loss is 0.016702. The valid loss is 0.016452.
2022-11-10 05:47:16,490 - INFO - Epoch 58/500
2022-11-10 05:47:17,055 - INFO - The train loss is 0.017075. The valid loss is 0.016532.
2022-11-10 05:47:17,055 - INFO - Epoch 59/500
2022-11-10 05:47:17,634 - INFO - The train loss is 0.016666. The valid loss is 0.016307.
2022-11-10 05:47:17,637 - INFO - Epoch 60/500
2022-11-10 05:47:18,199 - INFO - The train loss is 0.016694. The valid loss is 0.016380.
2022-11-10 05:47:18,199 - INFO - Epoch 61/500
2022-11-10 05:47:18,840 - INFO - The train loss is 0.016635. The valid loss is 0.016259.
2022-11-10 05:47:18,842 - INFO - Epoch 62/500
2022-11-10 05:47:19,407 - INFO - The train loss is 0.016351. The valid loss is 0.016331.
2022-11-10 05:47:19,407 - INFO - Epoch 63/500
2022-11-10 05:47:19,986 - INFO - The train loss is 0.016388. The valid loss is 0.016143.
2022-11-10 05:47:19,988 - INFO - Epoch 64/500
2022-11-10 05:47:20,554 - INFO - The train loss is 0.016457. The valid loss is 0.016297.
2022-11-10 05:47:20,555 - INFO - Epoch 65/500
2022-11-10 05:47:21,137 - INFO - The train loss is 0.016789. The valid loss is 0.016066.
2022-11-10 05:47:21,139 - INFO - Epoch 66/500
2022-11-10 05:47:21,769 - INFO - The train loss is 0.016490. The valid loss is 0.016228.
2022-11-10 05:47:21,769 - INFO - Epoch 67/500
2022-11-10 05:47:22,346 - INFO - The train loss is 0.016446. The valid loss is 0.016110.
2022-11-10 05:47:22,346 - INFO - Epoch 68/500
2022-11-10 05:47:22,911 - INFO - The train loss is 0.016777. The valid loss is 0.016104.
2022-11-10 05:47:22,912 - INFO - Epoch 69/500
2022-11-10 05:47:23,489 - INFO - The train loss is 0.016545. The valid loss is 0.016169.
2022-11-10 05:47:23,489 - INFO - Epoch 70/500
2022-11-10 05:47:24,067 - INFO - The train loss is 0.016155. The valid loss is 0.016134.
2022-11-10 05:47:24,067 - INFO - Epoch 71/500
2022-11-10 05:47:24,689 - INFO - The train loss is 0.016150. The valid loss is 0.016148.
2022-11-10 05:47:24,690 - INFO - Epoch 72/500
2022-11-10 05:47:25,278 - INFO - The train loss is 0.016436. The valid loss is 0.016273.
2022-11-10 05:47:25,279 - INFO - Epoch 73/500
2022-11-10 05:47:25,845 - INFO - The train loss is 0.016122. The valid loss is 0.016010.
2022-11-10 05:47:25,847 - INFO - Epoch 74/500
2022-11-10 05:47:26,428 - INFO - The train loss is 0.016049. The valid loss is 0.015915.
2022-11-10 05:47:26,430 - INFO - Epoch 75/500
2022-11-10 05:47:26,996 - INFO - The train loss is 0.016359. The valid loss is 0.016018.
2022-11-10 05:47:26,997 - INFO - Epoch 76/500
2022-11-10 05:47:27,633 - INFO - The train loss is 0.016209. The valid loss is 0.016003.
2022-11-10 05:47:27,633 - INFO - Epoch 77/500
2022-11-10 05:47:28,198 - INFO - The train loss is 0.016013. The valid loss is 0.015909.
2022-11-10 05:47:28,200 - INFO - Epoch 78/500
2022-11-10 05:47:28,781 - INFO - The train loss is 0.016193. The valid loss is 0.015939.
2022-11-10 05:47:28,782 - INFO - Epoch 79/500
2022-11-10 05:47:29,349 - INFO - The train loss is 0.016123. The valid loss is 0.016033.
2022-11-10 05:47:29,349 - INFO - Epoch 80/500
2022-11-10 05:47:29,929 - INFO - The train loss is 0.015787. The valid loss is 0.015930.
2022-11-10 05:47:29,929 - INFO - Epoch 81/500
2022-11-10 05:47:30,545 - INFO - The train loss is 0.016319. The valid loss is 0.015882.
2022-11-10 05:47:30,547 - INFO - Epoch 82/500
2022-11-10 05:47:31,129 - INFO - The train loss is 0.015977. The valid loss is 0.015726.
2022-11-10 05:47:31,131 - INFO - Epoch 83/500
2022-11-10 05:47:31,697 - INFO - The train loss is 0.016023. The valid loss is 0.015726.
2022-11-10 05:47:31,698 - INFO - Epoch 84/500
2022-11-10 05:47:32,278 - INFO - The train loss is 0.015983. The valid loss is 0.015845.
2022-11-10 05:47:32,279 - INFO - Epoch 85/500
2022-11-10 05:47:32,845 - INFO - The train loss is 0.016066. The valid loss is 0.015771.
2022-11-10 05:47:32,846 - INFO - Epoch 86/500
2022-11-10 05:47:33,442 - INFO - The train loss is 0.015895. The valid loss is 0.015721.
2022-11-10 05:47:33,445 - INFO - Epoch 87/500
2022-11-10 05:47:34,033 - INFO - The train loss is 0.015888. The valid loss is 0.015676.
2022-11-10 05:47:34,036 - INFO - Epoch 88/500
2022-11-10 05:47:34,612 - INFO - The train loss is 0.015805. The valid loss is 0.015733.
2022-11-10 05:47:34,613 - INFO - Epoch 89/500
2022-11-10 05:47:35,176 - INFO - The train loss is 0.016005. The valid loss is 0.015652.
2022-11-10 05:47:35,178 - INFO - Epoch 90/500
2022-11-10 05:47:35,756 - INFO - The train loss is 0.015866. The valid loss is 0.015568.
2022-11-10 05:47:35,759 - INFO - Epoch 91/500
2022-11-10 05:47:36,326 - INFO - The train loss is 0.015782. The valid loss is 0.015577.
2022-11-10 05:47:36,326 - INFO - Epoch 92/500
2022-11-10 05:47:36,964 - INFO - The train loss is 0.015518. The valid loss is 0.015635.
2022-11-10 05:47:36,964 - INFO - Epoch 93/500
2022-11-10 05:47:37,529 - INFO - The train loss is 0.015604. The valid loss is 0.015569.
2022-11-10 05:47:37,529 - INFO - Epoch 94/500
2022-11-10 05:47:38,108 - INFO - The train loss is 0.015457. The valid loss is 0.015651.
2022-11-10 05:47:38,108 - INFO - Epoch 95/500
2022-11-10 05:47:38,674 - INFO - The train loss is 0.015525. The valid loss is 0.015425.
2022-11-10 05:47:38,676 - INFO - Epoch 96/500
2022-11-10 05:47:39,260 - INFO - The train loss is 0.015667. The valid loss is 0.015458.
2022-11-10 05:47:39,260 - INFO - Epoch 97/500
2022-11-10 05:47:39,875 - INFO - The train loss is 0.015293. The valid loss is 0.015399.
2022-11-10 05:47:39,878 - INFO - Epoch 98/500
2022-11-10 05:47:40,453 - INFO - The train loss is 0.015310. The valid loss is 0.015388.
2022-11-10 05:47:40,456 - INFO - Epoch 99/500
2022-11-10 05:47:41,025 - INFO - The train loss is 0.015299. The valid loss is 0.015580.
2022-11-10 05:47:41,025 - INFO - Epoch 100/500
2022-11-10 05:47:41,603 - INFO - The train loss is 0.015422. The valid loss is 0.015405.
2022-11-10 05:47:41,603 - INFO - Epoch 101/500
2022-11-10 05:47:42,176 - INFO - The train loss is 0.015714. The valid loss is 0.015645.
2022-11-10 05:47:42,176 - INFO - Epoch 102/500
2022-11-10 05:47:42,795 - INFO - The train loss is 0.015254. The valid loss is 0.015651.
2022-11-10 05:47:42,795 - INFO - Epoch 103/500
2022-11-10 05:47:43,375 - INFO - The train loss is 0.015372. The valid loss is 0.015530.
2022-11-10 05:47:43,376 - INFO - Epoch 104/500
2022-11-10 05:47:43,942 - INFO - The train loss is 0.015443. The valid loss is 0.015913.
2022-11-10 05:47:43,942 - INFO - Epoch 105/500
2022-11-10 05:47:44,528 - INFO - The train loss is 0.015344. The valid loss is 0.015666.
2022-11-10 05:47:44,529 - INFO - Epoch 106/500
2022-11-10 05:47:45,093 - INFO - The train loss is 0.015149. The valid loss is 0.015609.
2022-11-10 05:47:45,093 - INFO - Epoch 107/500
2022-11-10 05:47:45,692 - INFO - The train loss is 0.015164. The valid loss is 0.015991.
2022-11-10 05:47:45,692 - INFO - Epoch 108/500
2022-11-10 05:47:46,303 - INFO - The train loss is 0.015379. The valid loss is 0.016205.
2022-11-10 05:47:46,304 - INFO - Epoch 109/500
2022-11-10 05:47:46,884 - INFO - The train loss is 0.015075. The valid loss is 0.015680.
2022-11-10 05:47:46,884 - INFO - Epoch 110/500
2022-11-10 05:47:47,449 - INFO - The train loss is 0.014989. The valid loss is 0.015494.
2022-11-10 05:47:47,449 - INFO - Epoch 111/500
2022-11-10 05:47:48,027 - INFO - The train loss is 0.015080. The valid loss is 0.015592.
2022-11-10 05:47:48,027 - INFO - Epoch 112/500
2022-11-10 05:47:48,608 - INFO - The train loss is 0.015271. The valid loss is 0.016347.
2022-11-10 05:47:48,608 - INFO - Epoch 113/500
2022-11-10 05:47:49,224 - INFO - The train loss is 0.014837. The valid loss is 0.016181.
2022-11-10 05:47:49,224 - INFO -  The training stops early in epoch 113
2022-11-10 05:47:51,072 - INFO - The prediction is finish.
2022-11-10 05:47:51,079 - INFO - The mean squared error of stock ['target'] is [0.00377739]
