2022-11-19 15:03:03,892 - INFO - 
Config:
'add_train': False
'batch_size': 64
'continue_flag': ''
'debug_mode': False
'debug_num': 500
'do_continue_train': False
'do_figure_save': True
'do_log_print_to_screen': True
'do_log_save_to_file': True
'do_predict': True
'do_train': True
'do_train_visualized': False
'dropout_rate': 0.2
'epoch': 500
'feature_columns': [3, 4, 5, 6, 7, 8, 9, 10, 11]
'figure_save_path': './DATA/DAY/result/stockBySectorId/43/11_19_15_03_LSTM=3_time_step=5/figure/'
'file_save_path': './DATA/DAY/result/stockBySectorId/43/11_19_15_03_LSTM=3_time_step=5'
'hidden_size': 128
'input_size': 8
'label_columns': [11]
'label_in_feature_index': [8]
'learning_rate': 0.001
'log_save_path': './DATA/DAY/result/stockBySectorId/43/11_19_15_03_LSTM=3_time_step=5/log/'
'logger_name': '2022_11_19_15_03_03_LSTM=3_time_step=5'
'lstm_layers': 3
'model_name': 'model_pytorch.pth'
'model_postfix': {'pytorch': '.pth'
'keras': '.h5'
'tensorflow': '.ckpt'}
'model_save_path': './DATA/DAY/result/stockBySectorId/43/11_19_15_03_LSTM=3_time_step=5/model/'
'output_size': 1
'patience': 15
'predict_day': 1
'random_seed': 42
'record_save_path': './DATA/DAY/result/stockBySectorId/43/11_19_15_03_LSTM=3_time_step=5/record/'
'shuffle_train_data': True
'time_step': 5
'train_data_path': './DATA/DAY/origin/中证会2016标准不同板块选股/43.csv'
'train_data_rate': 0.95
'use_cuda': False
'used_frame': 'pytorch'
'valid_data_rate': 0.15
2022-11-19 15:03:03,911 - INFO - Epoch 0/500
2022-11-19 15:03:05,847 - INFO - The train loss is 0.251987. The valid loss is 0.041398.
2022-11-19 15:03:05,849 - INFO - Epoch 1/500
2022-11-19 15:03:06,466 - INFO - The train loss is 0.017217. The valid loss is 0.008343.
2022-11-19 15:03:06,469 - INFO - Epoch 2/500
2022-11-19 15:03:08,510 - INFO - The train loss is 0.010410. The valid loss is 0.006977.
2022-11-19 15:03:08,513 - INFO - Epoch 3/500
2022-11-19 15:03:10,466 - INFO - The train loss is 0.008627. The valid loss is 0.009145.
2022-11-19 15:03:10,466 - INFO - Epoch 4/500
2022-11-19 15:03:11,235 - INFO - The train loss is 0.008785. The valid loss is 0.006801.
2022-11-19 15:03:11,237 - INFO - Epoch 5/500
2022-11-19 15:03:13,084 - INFO - The train loss is 0.007589. The valid loss is 0.005772.
2022-11-19 15:03:13,087 - INFO - Epoch 6/500
2022-11-19 15:03:14,970 - INFO - The train loss is 0.006613. The valid loss is 0.005562.
2022-11-19 15:03:14,972 - INFO - Epoch 7/500
2022-11-19 15:03:15,934 - INFO - The train loss is 0.006197. The valid loss is 0.003785.
2022-11-19 15:03:15,936 - INFO - Epoch 8/500
2022-11-19 15:03:17,604 - INFO - The train loss is 0.006054. The valid loss is 0.003375.
2022-11-19 15:03:17,606 - INFO - Epoch 9/500
2022-11-19 15:03:19,517 - INFO - The train loss is 0.005564. The valid loss is 0.003526.
2022-11-19 15:03:19,518 - INFO - Epoch 10/500
2022-11-19 15:03:20,097 - INFO - The train loss is 0.005271. The valid loss is 0.003576.
2022-11-19 15:03:20,098 - INFO - Epoch 11/500
2022-11-19 15:03:22,104 - INFO - The train loss is 0.005045. The valid loss is 0.003303.
2022-11-19 15:03:22,107 - INFO - Epoch 12/500
2022-11-19 15:03:23,990 - INFO - The train loss is 0.005164. The valid loss is 0.004382.
2022-11-19 15:03:23,990 - INFO - Epoch 13/500
2022-11-19 15:03:24,569 - INFO - The train loss is 0.004924. The valid loss is 0.003680.
2022-11-19 15:03:24,570 - INFO - Epoch 14/500
2022-11-19 15:03:26,595 - INFO - The train loss is 0.004600. The valid loss is 0.003350.
2022-11-19 15:03:26,595 - INFO - Epoch 15/500
2022-11-19 15:03:28,545 - INFO - The train loss is 0.004639. The valid loss is 0.003830.
2022-11-19 15:03:28,545 - INFO - Epoch 16/500
2022-11-19 15:03:29,138 - INFO - The train loss is 0.004915. The valid loss is 0.003842.
2022-11-19 15:03:29,138 - INFO - Epoch 17/500
2022-11-19 15:03:31,158 - INFO - The train loss is 0.004469. The valid loss is 0.003900.
2022-11-19 15:03:31,158 - INFO - Epoch 18/500
2022-11-19 15:03:31,744 - INFO - The train loss is 0.004541. The valid loss is 0.002650.
2022-11-19 15:03:31,747 - INFO - Epoch 19/500
2022-11-19 15:03:33,640 - INFO - The train loss is 0.004831. The valid loss is 0.006001.
2022-11-19 15:03:33,640 - INFO - Epoch 20/500
2022-11-19 15:03:34,205 - INFO - The train loss is 0.004868. The valid loss is 0.003294.
2022-11-19 15:03:34,205 - INFO - Epoch 21/500
2022-11-19 15:03:34,785 - INFO - The train loss is 0.004437. The valid loss is 0.003240.
2022-11-19 15:03:34,785 - INFO - Epoch 22/500
2022-11-19 15:03:36,844 - INFO - The train loss is 0.004526. The valid loss is 0.004836.
2022-11-19 15:03:36,844 - INFO - Epoch 23/500
2022-11-19 15:03:37,410 - INFO - The train loss is 0.004350. The valid loss is 0.003586.
2022-11-19 15:03:37,410 - INFO - Epoch 24/500
2022-11-19 15:03:39,353 - INFO - The train loss is 0.004320. The valid loss is 0.002787.
2022-11-19 15:03:39,353 - INFO - Epoch 25/500
2022-11-19 15:03:41,356 - INFO - The train loss is 0.004692. The valid loss is 0.003893.
2022-11-19 15:03:41,357 - INFO - Epoch 26/500
2022-11-19 15:03:42,391 - INFO - The train loss is 0.004334. The valid loss is 0.003181.
2022-11-19 15:03:42,391 - INFO - Epoch 27/500
2022-11-19 15:03:43,858 - INFO - The train loss is 0.004416. The valid loss is 0.003312.
2022-11-19 15:03:43,859 - INFO - Epoch 28/500
2022-11-19 15:03:45,768 - INFO - The train loss is 0.004200. The valid loss is 0.003156.
2022-11-19 15:03:45,768 - INFO - Epoch 29/500
2022-11-19 15:03:46,357 - INFO - The train loss is 0.004140. The valid loss is 0.002688.
2022-11-19 15:03:46,358 - INFO - Epoch 30/500
2022-11-19 15:03:48,408 - INFO - The train loss is 0.004050. The valid loss is 0.002670.
2022-11-19 15:03:48,408 - INFO - Epoch 31/500
2022-11-19 15:03:50,298 - INFO - The train loss is 0.004244. The valid loss is 0.004003.
2022-11-19 15:03:50,298 - INFO - Epoch 32/500
2022-11-19 15:03:50,893 - INFO - The train loss is 0.004690. The valid loss is 0.003061.
2022-11-19 15:03:50,893 - INFO - Epoch 33/500
2022-11-19 15:03:52,952 - INFO - The train loss is 0.004160. The valid loss is 0.002979.
2022-11-19 15:03:52,952 - INFO -  The training stops early in epoch 33
2022-11-19 15:03:54,819 - INFO - The prediction is finish.
2022-11-19 15:03:54,828 - INFO - The mean squared error of stock ['target'] is [0.01493238]
